<?xml version="1.0" encoding="UTF-8"?>
<coverage generated="1564389446081" clover="3.2.0">
  <project timestamp="1564389446081" name="All files">
    <metrics statements="1242" coveredstatements="454" conditionals="731" coveredconditionals="217" methods="237" coveredmethods="74" elements="2210" coveredelements="745" complexity="0" loc="1242" ncloc="1242" packages="15" files="43" classes="43">
      <package name="locale.en">
        <metrics statements="1" coveredstatements="1" conditionals="22" coveredconditionals="0" methods="1" coveredmethods="0"/>
        <file name="messages.js" path="/home/kenneth/Projects/foxiny/gateway/locale/en/messages.js">
          <metrics statements="1" coveredstatements="1" conditionals="22" coveredconditionals="0" methods="1" coveredmethods="0"/>
          <line num="1" count="6" type="cond" truecount="0" falsecount="22"/>
        </file>
      </package>
      <package name="locale.vi">
        <metrics statements="1" coveredstatements="1" conditionals="4" coveredconditionals="0" methods="1" coveredmethods="0"/>
        <file name="messages.js" path="/home/kenneth/Projects/foxiny/gateway/locale/vi/messages.js">
          <metrics statements="1" coveredstatements="1" conditionals="4" coveredconditionals="0" methods="1" coveredmethods="0"/>
          <line num="1" count="6" type="cond" truecount="0" falsecount="4"/>
        </file>
      </package>
      <package name="src.resolvers">
        <metrics statements="3" coveredstatements="3" conditionals="0" coveredconditionals="0" methods="0" coveredmethods="0"/>
        <file name="index.js" path="/home/kenneth/Projects/foxiny/gateway/src/resolvers/index.js">
          <metrics statements="3" coveredstatements="3" conditionals="0" coveredconditionals="0" methods="0" coveredmethods="0"/>
          <line num="34" count="5" type="stmt"/>
          <line num="59" count="5" type="stmt"/>
          <line num="60" count="5" type="stmt"/>
        </file>
      </package>
      <package name="src.resolvers.Mutations">
        <metrics statements="467" coveredstatements="8" conditionals="227" coveredconditionals="0" methods="64" coveredmethods="0"/>
        <file name="CatalogMutations.js" path="/home/kenneth/Projects/foxiny/gateway/src/resolvers/Mutations/CatalogMutations.js">
          <metrics statements="15" coveredstatements="1" conditionals="6" coveredconditionals="0" methods="3" coveredmethods="0"/>
          <line num="6" count="5" type="stmt"/>
          <line num="10" count="0" type="stmt"/>
          <line num="15" count="0" type="cond" truecount="0" falsecount="2"/>
          <line num="16" count="0" type="stmt"/>
          <line num="17" count="0" type="stmt"/>
          <line num="20" count="0" type="stmt"/>
          <line num="29" count="0" type="stmt"/>
          <line num="34" count="0" type="cond" truecount="0" falsecount="2"/>
          <line num="35" count="0" type="stmt"/>
          <line num="36" count="0" type="stmt"/>
          <line num="39" count="0" type="stmt"/>
          <line num="47" count="0" type="stmt"/>
          <line num="52" count="0" type="cond" truecount="0" falsecount="2"/>
          <line num="53" count="0" type="stmt"/>
          <line num="54" count="0" type="stmt"/>
        </file>
        <file name="ManufacturerMutations.js" path="/home/kenneth/Projects/foxiny/gateway/src/resolvers/Mutations/ManufacturerMutations.js">
          <metrics statements="1" coveredstatements="1" conditionals="0" coveredconditionals="0" methods="0" coveredmethods="0"/>
          <line num="7" count="5" type="stmt"/>
        </file>
        <file name="MediaMutations.js" path="/home/kenneth/Projects/foxiny/gateway/src/resolvers/Mutations/MediaMutations.js">
          <metrics statements="65" coveredstatements="1" conditionals="0" coveredconditionals="0" methods="15" coveredmethods="0"/>
          <line num="19" count="5" type="stmt"/>
          <line num="33" count="0" type="stmt"/>
          <line num="39" count="0" type="stmt"/>
          <line num="40" count="0" type="stmt"/>
          <line num="41" count="0" type="stmt"/>
          <line num="43" count="0" type="stmt"/>
          <line num="44" count="0" type="stmt"/>
          <line num="45" count="0" type="stmt"/>
          <line num="48" count="0" type="stmt"/>
          <line num="59" count="0" type="stmt"/>
          <line num="65" count="0" type="stmt"/>
          <line num="67" count="0" type="stmt"/>
          <line num="68" count="0" type="stmt"/>
          <line num="71" count="0" type="stmt"/>
          <line num="75" count="0" type="stmt"/>
          <line num="93" count="0" type="stmt"/>
          <line num="100" count="0" type="stmt"/>
          <line num="101" count="0" type="stmt"/>
          <line num="102" count="0" type="stmt"/>
          <line num="104" count="0" type="stmt"/>
          <line num="105" count="0" type="stmt"/>
          <line num="106" count="0" type="stmt"/>
          <line num="110" count="0" type="stmt"/>
          <line num="129" count="0" type="stmt"/>
          <line num="136" count="0" type="stmt"/>
          <line num="137" count="0" type="stmt"/>
          <line num="138" count="0" type="stmt"/>
          <line num="140" count="0" type="stmt"/>
          <line num="141" count="0" type="stmt"/>
          <line num="142" count="0" type="stmt"/>
          <line num="146" count="0" type="stmt"/>
          <line num="161" count="0" type="stmt"/>
          <line num="169" count="0" type="stmt"/>
          <line num="171" count="0" type="stmt"/>
          <line num="174" count="0" type="stmt"/>
          <line num="175" count="0" type="stmt"/>
          <line num="177" count="0" type="stmt"/>
          <line num="178" count="0" type="stmt"/>
          <line num="179" count="0" type="stmt"/>
          <line num="182" count="0" type="stmt"/>
          <line num="187" count="0" type="stmt"/>
          <line num="192" count="0" type="stmt"/>
          <line num="198" count="0" type="stmt"/>
          <line num="205" count="0" type="stmt"/>
          <line num="217" count="0" type="stmt"/>
          <line num="224" count="0" type="stmt"/>
          <line num="230" count="0" type="stmt"/>
          <line num="237" count="0" type="stmt"/>
          <line num="249" count="0" type="stmt"/>
          <line num="257" count="0" type="stmt"/>
          <line num="259" count="0" type="stmt"/>
          <line num="262" count="0" type="stmt"/>
          <line num="263" count="0" type="stmt"/>
          <line num="265" count="0" type="stmt"/>
          <line num="266" count="0" type="stmt"/>
          <line num="267" count="0" type="stmt"/>
          <line num="270" count="0" type="stmt"/>
          <line num="275" count="0" type="stmt"/>
          <line num="280" count="0" type="stmt"/>
          <line num="286" count="0" type="stmt"/>
          <line num="292" count="0" type="stmt"/>
          <line num="304" count="0" type="stmt"/>
          <line num="311" count="0" type="stmt"/>
          <line num="317" count="0" type="stmt"/>
          <line num="324" count="0" type="stmt"/>
        </file>
        <file name="ProductMutations.js" path="/home/kenneth/Projects/foxiny/gateway/src/resolvers/Mutations/ProductMutations.js">
          <metrics statements="63" coveredstatements="1" conditionals="26" coveredconditionals="0" methods="18" coveredmethods="0"/>
          <line num="23" count="5" type="stmt"/>
          <line num="32" count="0" type="stmt"/>
          <line num="34" count="0" type="stmt"/>
          <line num="40" count="0" type="stmt"/>
          <line num="43" count="0" type="stmt"/>
          <line num="46" count="0" type="stmt"/>
          <line num="48" count="0" type="stmt"/>
          <line num="49" count="0" type="stmt"/>
          <line num="50" count="0" type="stmt"/>
          <line num="62" count="0" type="stmt"/>
          <line num="69" count="0" type="stmt"/>
          <line num="75" count="0" type="stmt"/>
          <line num="83" count="0" type="stmt"/>
          <line num="85" count="0" type="stmt"/>
          <line num="89" count="0" type="stmt"/>
          <line num="107" count="0" type="stmt"/>
          <line num="118" count="0" type="stmt"/>
          <line num="131" count="0" type="stmt"/>
          <line num="149" count="0" type="stmt"/>
          <line num="155" count="0" type="stmt"/>
          <line num="179" count="0" type="stmt"/>
          <line num="185" count="0" type="stmt"/>
          <line num="189" count="0" type="stmt"/>
          <line num="191" count="0" type="stmt"/>
          <line num="198" count="0" type="stmt"/>
          <line num="199" count="0" type="stmt"/>
          <line num="214" count="0" type="stmt"/>
          <line num="220" count="0" type="stmt"/>
          <line num="223" count="0" type="stmt"/>
          <line num="226" count="0" type="stmt"/>
          <line num="228" count="0" type="cond" truecount="0" falsecount="4"/>
          <line num="229" count="0" type="stmt"/>
          <line num="230" count="0" type="stmt"/>
          <line num="231" count="0" type="stmt"/>
          <line num="243" count="0" type="stmt"/>
          <line num="250" count="0" type="stmt"/>
          <line num="256" count="0" type="stmt"/>
          <line num="263" count="0" type="stmt"/>
          <line num="266" count="0" type="stmt"/>
          <line num="268" count="0" type="stmt"/>
          <line num="276" count="0" type="cond" truecount="0" falsecount="2"/>
          <line num="277" count="0" type="stmt"/>
          <line num="283" count="0" type="stmt"/>
          <line num="290" count="0" type="stmt"/>
          <line num="295" count="0" type="stmt"/>
          <line num="314" count="0" type="cond" truecount="0" falsecount="4"/>
          <line num="315" count="0" type="stmt"/>
          <line num="328" count="0" type="stmt"/>
          <line num="339" count="0" type="stmt"/>
          <line num="344" count="0" type="stmt"/>
          <line num="354" count="0" type="stmt"/>
          <line num="372" count="0" type="stmt"/>
          <line num="394" count="0" type="stmt"/>
          <line num="406" count="0" type="stmt"/>
          <line num="412" count="0" type="stmt"/>
          <line num="414" count="0" type="stmt"/>
          <line num="420" count="0" type="cond" truecount="0" falsecount="2"/>
          <line num="421" count="0" type="stmt"/>
          <line num="422" count="0" type="stmt"/>
          <line num="425" count="0" type="stmt"/>
          <line num="427" count="0" type="stmt"/>
          <line num="439" count="0" type="stmt"/>
          <line num="443" count="0" type="stmt"/>
        </file>
        <file name="RetailerMutations.js" path="/home/kenneth/Projects/foxiny/gateway/src/resolvers/Mutations/RetailerMutations.js">
          <metrics statements="97" coveredstatements="1" conditionals="82" coveredconditionals="0" methods="5" coveredmethods="0"/>
          <line num="19" count="5" type="stmt"/>
          <line num="28" count="0" type="stmt"/>
          <line num="30" count="0" type="stmt"/>
          <line num="40" count="0" type="cond" truecount="0" falsecount="2"/>
          <line num="42" count="0" type="stmt"/>
          <line num="48" count="0" type="cond" truecount="0" falsecount="2"/>
          <line num="49" count="0" type="stmt"/>
          <line num="50" count="0" type="cond" truecount="0" falsecount="4"/>
          <line num="51" count="0" type="stmt"/>
          <line num="54" count="0" type="stmt"/>
          <line num="59" count="0" type="stmt"/>
          <line num="60" count="0" type="stmt"/>
          <line num="63" count="0" type="stmt"/>
          <line num="64" count="0" type="stmt"/>
          <line num="68" count="0" type="cond" truecount="0" falsecount="2"/>
          <line num="69" count="0" type="stmt"/>
          <line num="75" count="0" type="cond" truecount="0" falsecount="2"/>
          <line num="76" count="0" type="stmt"/>
          <line num="77" count="0" type="cond" truecount="0" falsecount="4"/>
          <line num="78" count="0" type="stmt"/>
          <line num="81" count="0" type="stmt"/>
          <line num="86" count="0" type="stmt"/>
          <line num="87" count="0" type="stmt"/>
          <line num="90" count="0" type="stmt"/>
          <line num="91" count="0" type="stmt"/>
          <line num="95" count="0" type="stmt"/>
          <line num="105" count="0" type="stmt"/>
          <line num="110" count="0" type="stmt"/>
          <line num="138" count="0" type="stmt"/>
          <line num="164" count="0" type="stmt"/>
          <line num="168" count="0" type="stmt"/>
          <line num="173" count="0" type="stmt"/>
          <line num="174" count="0" type="stmt"/>
          <line num="175" count="0" type="stmt"/>
          <line num="187" count="0" type="stmt"/>
          <line num="189" count="0" type="stmt"/>
          <line num="196" count="0" type="stmt"/>
          <line num="204" count="0" type="cond" truecount="0" falsecount="2"/>
          <line num="205" count="0" type="stmt"/>
          <line num="211" count="0" type="cond" truecount="0" falsecount="4"/>
          <line num="212" count="0" type="cond" truecount="0" falsecount="2"/>
          <line num="214" count="0" type="stmt"/>
          <line num="220" count="0" type="cond" truecount="0" falsecount="2"/>
          <line num="221" count="0" type="stmt"/>
          <line num="222" count="0" type="cond" truecount="0" falsecount="4"/>
          <line num="223" count="0" type="stmt"/>
          <line num="226" count="0" type="stmt"/>
          <line num="231" count="0" type="stmt"/>
          <line num="232" count="0" type="stmt"/>
          <line num="235" count="0" type="stmt"/>
          <line num="236" count="0" type="stmt"/>
          <line num="240" count="0" type="cond" truecount="0" falsecount="4"/>
          <line num="242" count="0" type="cond" truecount="0" falsecount="2"/>
          <line num="243" count="0" type="stmt"/>
          <line num="249" count="0" type="cond" truecount="0" falsecount="2"/>
          <line num="250" count="0" type="stmt"/>
          <line num="251" count="0" type="cond" truecount="0" falsecount="4"/>
          <line num="252" count="0" type="stmt"/>
          <line num="255" count="0" type="stmt"/>
          <line num="260" count="0" type="stmt"/>
          <line num="261" count="0" type="stmt"/>
          <line num="264" count="0" type="stmt"/>
          <line num="265" count="0" type="stmt"/>
          <line num="270" count="0" type="stmt"/>
          <line num="298" count="0" type="stmt"/>
          <line num="306" count="0" type="stmt"/>
          <line num="319" count="0" type="stmt"/>
          <line num="320" count="0" type="stmt"/>
          <line num="331" count="0" type="stmt"/>
          <line num="356" count="0" type="cond" truecount="0" falsecount="4"/>
          <line num="357" count="0" type="stmt"/>
          <line num="375" count="0" type="stmt"/>
          <line num="403" count="0" type="stmt"/>
          <line num="405" count="0" type="stmt"/>
          <line num="406" count="0" type="stmt"/>
          <line num="407" count="0" type="stmt"/>
          <line num="422" count="0" type="stmt"/>
          <line num="428" count="0" type="cond" truecount="0" falsecount="2"/>
          <line num="429" count="0" type="stmt"/>
          <line num="430" count="0" type="stmt"/>
          <line num="433" count="0" type="cond" truecount="0" falsecount="2"/>
          <line num="434" count="0" type="stmt"/>
          <line num="435" count="0" type="stmt"/>
          <line num="438" count="0" type="stmt"/>
          <line num="440" count="0" type="cond" truecount="0" falsecount="2"/>
          <line num="441" count="0" type="cond" truecount="0" falsecount="4"/>
          <line num="442" count="0" type="stmt"/>
          <line num="443" count="0" type="stmt"/>
          <line num="445" count="0" type="stmt"/>
          <line num="448" count="0" type="stmt"/>
          <line num="451" count="0" type="cond" truecount="0" falsecount="2"/>
          <line num="452" count="0" type="cond" truecount="0" falsecount="4"/>
          <line num="453" count="0" type="stmt"/>
          <line num="454" count="0" type="stmt"/>
          <line num="456" count="0" type="stmt"/>
          <line num="460" count="0" type="stmt"/>
          <line num="463" count="0" type="stmt"/>
        </file>
        <file name="StaffMutations.js" path="/home/kenneth/Projects/foxiny/gateway/src/resolvers/Mutations/StaffMutations.js">
          <metrics statements="62" coveredstatements="1" conditionals="18" coveredconditionals="0" methods="8" coveredmethods="0"/>
          <line num="11" count="5" type="stmt"/>
          <line num="19" count="0" type="stmt"/>
          <line num="25" count="0" type="stmt"/>
          <line num="27" count="0" type="stmt"/>
          <line num="29" count="0" type="stmt"/>
          <line num="48" count="0" type="stmt"/>
          <line num="55" count="0" type="stmt"/>
          <line num="57" count="0" type="stmt"/>
          <line num="66" count="0" type="cond" truecount="0" falsecount="2"/>
          <line num="67" count="0" type="stmt"/>
          <line num="68" count="0" type="stmt"/>
          <line num="71" count="0" type="stmt"/>
          <line num="101" count="0" type="stmt"/>
          <line num="108" count="0" type="stmt"/>
          <line num="110" count="0" type="stmt"/>
          <line num="118" count="0" type="stmt"/>
          <line num="119" count="0" type="cond" truecount="0" falsecount="2"/>
          <line num="120" count="0" type="stmt"/>
          <line num="121" count="0" type="stmt"/>
          <line num="125" count="0" type="stmt"/>
          <line num="149" count="0" type="stmt"/>
          <line num="158" count="0" type="stmt"/>
          <line num="170" count="0" type="stmt"/>
          <line num="177" count="0" type="stmt"/>
          <line num="179" count="0" type="stmt"/>
          <line num="188" count="0" type="cond" truecount="0" falsecount="2"/>
          <line num="189" count="0" type="stmt"/>
          <line num="190" count="0" type="stmt"/>
          <line num="194" count="0" type="stmt"/>
          <line num="213" count="0" type="stmt"/>
          <line num="221" count="0" type="stmt"/>
          <line num="234" count="0" type="stmt"/>
          <line num="242" count="0" type="stmt"/>
          <line num="249" count="0" type="cond" truecount="0" falsecount="4"/>
          <line num="250" count="0" type="stmt"/>
          <line num="251" count="0" type="stmt"/>
          <line num="254" count="0" type="stmt"/>
          <line num="270" count="0" type="stmt"/>
          <line num="277" count="0" type="stmt"/>
          <line num="279" count="0" type="stmt"/>
          <line num="288" count="0" type="cond" truecount="0" falsecount="4"/>
          <line num="289" count="0" type="stmt"/>
          <line num="290" count="0" type="stmt"/>
          <line num="293" count="0" type="stmt"/>
          <line num="323" count="0" type="stmt"/>
          <line num="330" count="0" type="stmt"/>
          <line num="332" count="0" type="stmt"/>
          <line num="341" count="0" type="cond" truecount="0" falsecount="2"/>
          <line num="342" count="0" type="stmt"/>
          <line num="343" count="0" type="stmt"/>
          <line num="347" count="0" type="stmt"/>
          <line num="371" count="0" type="stmt"/>
          <line num="379" count="0" type="stmt"/>
          <line num="391" count="0" type="stmt"/>
          <line num="398" count="0" type="stmt"/>
          <line num="400" count="0" type="stmt"/>
          <line num="409" count="0" type="cond" truecount="0" falsecount="2"/>
          <line num="410" count="0" type="stmt"/>
          <line num="411" count="0" type="stmt"/>
          <line num="415" count="0" type="stmt"/>
          <line num="434" count="0" type="stmt"/>
          <line num="442" count="0" type="stmt"/>
        </file>
        <file name="SystemMutations.js" path="/home/kenneth/Projects/foxiny/gateway/src/resolvers/Mutations/SystemMutations.js">
          <metrics statements="2" coveredstatements="1" conditionals="0" coveredconditionals="0" methods="1" coveredmethods="0"/>
          <line num="7" count="5" type="stmt"/>
          <line num="10" count="0" type="stmt"/>
        </file>
        <file name="UserMutations.js" path="/home/kenneth/Projects/foxiny/gateway/src/resolvers/Mutations/UserMutations.js">
          <metrics statements="162" coveredstatements="1" conditionals="95" coveredconditionals="0" methods="14" coveredmethods="0"/>
          <line num="38" count="5" type="stmt"/>
          <line num="52" count="0" type="stmt"/>
          <line num="53" count="0" type="stmt"/>
          <line num="55" count="0" type="stmt"/>
          <line num="56" count="0" type="stmt"/>
          <line num="57" count="0" type="stmt"/>
          <line num="60" count="0" type="stmt"/>
          <line num="61" count="0" type="stmt"/>
          <line num="87" count="0" type="stmt"/>
          <line num="92" count="0" type="stmt"/>
          <line num="99" count="0" type="cond" truecount="0" falsecount="2"/>
          <line num="104" count="0" type="cond" truecount="0" falsecount="2"/>
          <line num="110" count="0" type="stmt"/>
          <line num="119" count="0" type="stmt"/>
          <line num="120" count="0" type="stmt"/>
          <line num="122" count="0" type="stmt"/>
          <line num="123" count="0" type="stmt"/>
          <line num="124" count="0" type="stmt"/>
          <line num="127" count="0" type="stmt"/>
          <line num="135" count="0" type="cond" truecount="0" falsecount="2"/>
          <line num="136" count="0" type="stmt"/>
          <line num="145" count="0" type="stmt"/>
          <line num="146" count="0" type="stmt"/>
          <line num="150" count="0" type="stmt"/>
          <line num="156" count="0" type="stmt"/>
          <line num="157" count="0" type="cond" truecount="0" falsecount="2"/>
          <line num="158" count="0" type="stmt"/>
          <line num="159" count="0" type="stmt"/>
          <line num="163" count="0" type="stmt"/>
          <line num="164" count="0" type="stmt"/>
          <line num="166" count="0" type="stmt"/>
          <line num="174" count="0" type="stmt"/>
          <line num="180" count="0" type="stmt"/>
          <line num="195" count="0" type="stmt"/>
          <line num="196" count="0" type="stmt"/>
          <line num="198" count="0" type="stmt"/>
          <line num="199" count="0" type="stmt"/>
          <line num="200" count="0" type="stmt"/>
          <line num="204" count="0" type="stmt"/>
          <line num="223" count="0" type="stmt"/>
          <line num="224" count="0" type="stmt"/>
          <line num="226" count="0" type="cond" truecount="0" falsecount="2"/>
          <line num="227" count="0" type="stmt"/>
          <line num="233" count="0" type="stmt"/>
          <line num="240" count="0" type="stmt"/>
          <line num="242" count="0" type="stmt"/>
          <line num="250" count="0" type="stmt"/>
          <line num="260" count="0" type="stmt"/>
          <line num="275" count="0" type="stmt"/>
          <line num="283" count="0" type="stmt"/>
          <line num="302" count="0" type="stmt"/>
          <line num="303" count="0" type="stmt"/>
          <line num="305" count="0" type="stmt"/>
          <line num="306" count="0" type="stmt"/>
          <line num="307" count="0" type="stmt"/>
          <line num="310" count="0" type="stmt"/>
          <line num="318" count="0" type="cond" truecount="0" falsecount="2"/>
          <line num="319" count="0" type="stmt"/>
          <line num="320" count="0" type="stmt"/>
          <line num="323" count="0" type="stmt"/>
          <line num="329" count="0" type="cond" truecount="0" falsecount="2"/>
          <line num="333" count="0" type="stmt"/>
          <line num="334" count="0" type="stmt"/>
          <line num="337" count="0" type="stmt"/>
          <line num="345" count="0" type="cond" truecount="0" falsecount="2"/>
          <line num="346" count="0" type="cond" truecount="0" falsecount="2"/>
          <line num="348" count="0" type="stmt"/>
          <line num="352" count="0" type="cond" truecount="0" falsecount="2"/>
          <line num="355" count="0" type="stmt"/>
          <line num="357" count="0" type="stmt"/>
          <line num="361" count="0" type="cond" truecount="0" falsecount="2"/>
          <line num="363" count="0" type="stmt"/>
          <line num="367" count="0" type="cond" truecount="0" falsecount="2"/>
          <line num="370" count="0" type="stmt"/>
          <line num="373" count="0" type="stmt"/>
          <line num="382" count="0" type="stmt"/>
          <line num="392" count="0" type="cond" truecount="0" falsecount="2"/>
          <line num="393" count="0" type="stmt"/>
          <line num="394" count="0" type="stmt"/>
          <line num="397" count="0" type="cond" truecount="0" falsecount="2"/>
          <line num="398" count="0" type="stmt"/>
          <line num="399" count="0" type="stmt"/>
          <line num="402" count="0" type="stmt"/>
          <line num="403" count="0" type="cond" truecount="0" falsecount="2"/>
          <line num="404" count="0" type="stmt"/>
          <line num="405" count="0" type="stmt"/>
          <line num="410" count="0" type="stmt"/>
          <line num="412" count="0" type="stmt"/>
          <line num="428" count="0" type="stmt"/>
          <line num="429" count="0" type="stmt"/>
          <line num="431" count="0" type="cond" truecount="0" falsecount="2"/>
          <line num="432" count="0" type="stmt"/>
          <line num="434" count="0" type="stmt"/>
          <line num="437" count="0" type="stmt"/>
          <line num="456" count="0" type="stmt"/>
          <line num="463" count="0" type="stmt"/>
          <line num="464" count="0" type="stmt"/>
          <line num="466" count="0" type="stmt"/>
          <line num="467" count="0" type="stmt"/>
          <line num="468" count="0" type="stmt"/>
          <line num="473" count="0" type="stmt"/>
          <line num="474" count="0" type="stmt"/>
          <line num="475" count="0" type="stmt"/>
          <line num="476" count="0" type="stmt"/>
          <line num="477" count="0" type="stmt"/>
          <line num="479" count="0" type="stmt"/>
          <line num="481" count="0" type="stmt"/>
          <line num="485" count="0" type="stmt"/>
          <line num="486" count="0" type="stmt"/>
          <line num="497" count="0" type="cond" truecount="0" falsecount="2"/>
          <line num="498" count="0" type="stmt"/>
          <line num="500" count="0" type="cond" truecount="0" falsecount="2"/>
          <line num="501" count="0" type="stmt"/>
          <line num="502" count="0" type="stmt"/>
          <line num="507" count="0" type="cond" truecount="0" falsecount="4"/>
          <line num="508" count="0" type="stmt"/>
          <line num="511" count="0" type="stmt"/>
          <line num="518" count="0" type="cond" truecount="0" falsecount="4"/>
          <line num="519" count="0" type="stmt"/>
          <line num="523" count="0" type="stmt"/>
          <line num="530" count="0" type="cond" truecount="0" falsecount="2"/>
          <line num="535" count="0" type="stmt"/>
          <line num="543" count="0" type="stmt"/>
          <line num="554" count="0" type="stmt"/>
          <line num="560" count="0" type="stmt"/>
          <line num="562" count="0" type="stmt"/>
          <line num="563" count="0" type="stmt"/>
          <line num="564" count="0" type="stmt"/>
          <line num="608" count="0" type="stmt"/>
          <line num="624" count="0" type="cond" truecount="0" falsecount="2"/>
          <line num="625" count="0" type="stmt"/>
          <line num="626" count="0" type="stmt"/>
          <line num="629" count="0" type="cond" truecount="0" falsecount="2"/>
          <line num="630" count="0" type="stmt"/>
          <line num="631" count="0" type="stmt"/>
          <line num="634" count="0" type="cond" truecount="0" falsecount="2"/>
          <line num="635" count="0" type="stmt"/>
          <line num="636" count="0" type="stmt"/>
          <line num="640" count="0" type="stmt"/>
          <line num="644" count="0" type="stmt"/>
          <line num="646" count="0" type="stmt"/>
          <line num="664" count="0" type="stmt"/>
          <line num="670" count="0" type="stmt"/>
          <line num="672" count="0" type="cond" truecount="0" falsecount="2"/>
          <line num="673" count="0" type="stmt"/>
          <line num="674" count="0" type="stmt"/>
          <line num="676" count="0" type="cond" truecount="0" falsecount="2"/>
          <line num="677" count="0" type="stmt"/>
          <line num="678" count="0" type="stmt"/>
          <line num="681" count="0" type="stmt"/>
          <line num="683" count="0" type="cond" truecount="0" falsecount="4"/>
          <line num="684" count="0" type="stmt"/>
          <line num="687" count="0" type="stmt"/>
          <line num="690" count="0" type="stmt"/>
          <line num="698" count="0" type="cond" truecount="0" falsecount="2"/>
          <line num="699" count="0" type="stmt"/>
          <line num="704" count="0" type="stmt"/>
          <line num="707" count="0" type="stmt"/>
          <line num="718" count="0" type="stmt"/>
          <line num="722" count="0" type="stmt"/>
          <line num="724" count="0" type="stmt"/>
          <line num="725" count="0" type="stmt"/>
        </file>
      </package>
      <package name="src.resolvers.Queries">
        <metrics statements="100" coveredstatements="5" conditionals="104" coveredconditionals="0" methods="15" coveredmethods="0"/>
        <file name="CatalogQueries.js" path="/home/kenneth/Projects/foxiny/gateway/src/resolvers/Queries/CatalogQueries.js">
          <metrics statements="17" coveredstatements="1" conditionals="4" coveredconditionals="0" methods="2" coveredmethods="0"/>
          <line num="11" count="5" type="stmt"/>
          <line num="13" count="0" type="stmt"/>
          <line num="14" count="0" type="stmt"/>
          <line num="16" count="0" type="cond" truecount="0" falsecount="2"/>
          <line num="17" count="0" type="stmt"/>
          <line num="35" count="0" type="stmt"/>
          <line num="36" count="0" type="stmt"/>
          <line num="41" count="0" type="stmt"/>
          <line num="43" count="0" type="stmt"/>
          <line num="47" count="0" type="stmt"/>
          <line num="48" count="0" type="stmt"/>
          <line num="50" count="0" type="cond" truecount="0" falsecount="2"/>
          <line num="51" count="0" type="stmt"/>
          <line num="69" count="0" type="stmt"/>
          <line num="70" count="0" type="stmt"/>
          <line num="76" count="0" type="stmt"/>
          <line num="78" count="0" type="stmt"/>
        </file>
        <file name="ProductQueries.js" path="/home/kenneth/Projects/foxiny/gateway/src/resolvers/Queries/ProductQueries.js">
          <metrics statements="15" coveredstatements="1" conditionals="22" coveredconditionals="0" methods="2" coveredmethods="0"/>
          <line num="7" count="5" type="stmt"/>
          <line num="17" count="0" type="stmt"/>
          <line num="23" count="0" type="stmt"/>
          <line num="70" count="0" type="stmt"/>
          <line num="82" count="0" type="cond" truecount="0" falsecount="2"/>
          <line num="83" count="0" type="stmt"/>
          <line num="88" count="0" type="stmt"/>
          <line num="89" count="0" type="stmt"/>
          <line num="91" count="0" type="stmt"/>
          <line num="103" count="0" type="stmt"/>
          <line num="109" count="0" type="stmt"/>
          <line num="156" count="0" type="stmt"/>
          <line num="187" count="0" type="stmt"/>
          <line num="188" count="0" type="stmt"/>
          <line num="190" count="0" type="stmt"/>
        </file>
        <file name="RetailerQueries.js" path="/home/kenneth/Projects/foxiny/gateway/src/resolvers/Queries/RetailerQueries.js">
          <metrics statements="10" coveredstatements="1" conditionals="4" coveredconditionals="0" methods="2" coveredmethods="0"/>
          <line num="8" count="5" type="stmt"/>
          <line num="10" count="0" type="stmt"/>
          <line num="12" count="0" type="cond" truecount="0" falsecount="2"/>
          <line num="13" count="0" type="stmt"/>
          <line num="18" count="0" type="stmt"/>
          <line num="29" count="0" type="stmt"/>
          <line num="31" count="0" type="stmt"/>
          <line num="45" count="0" type="cond" truecount="0" falsecount="2"/>
          <line num="46" count="0" type="stmt"/>
          <line num="51" count="0" type="stmt"/>
        </file>
        <file name="StaffQueries.js" path="/home/kenneth/Projects/foxiny/gateway/src/resolvers/Queries/StaffQueries.js">
          <metrics statements="49" coveredstatements="1" conditionals="72" coveredconditionals="0" methods="6" coveredmethods="0"/>
          <line num="9" count="5" type="stmt"/>
          <line num="19" count="0" type="stmt"/>
          <line num="27" count="0" type="stmt"/>
          <line num="42" count="0" type="stmt"/>
          <line num="43" count="0" type="cond" truecount="0" falsecount="4"/>
          <line num="44" count="0" type="stmt"/>
          <line num="46" count="0" type="cond" truecount="0" falsecount="4"/>
          <line num="47" count="0" type="stmt"/>
          <line num="53" count="0" type="cond" truecount="0" falsecount="4"/>
          <line num="54" count="0" type="stmt"/>
          <line num="60" count="0" type="cond" truecount="0" falsecount="4"/>
          <line num="61" count="0" type="stmt"/>
          <line num="62" count="0" type="stmt"/>
          <line num="67" count="0" type="cond" truecount="0" falsecount="4"/>
          <line num="68" count="0" type="stmt"/>
          <line num="74" count="0" type="cond" truecount="0" falsecount="4"/>
          <line num="75" count="0" type="stmt"/>
          <line num="81" count="0" type="cond" truecount="0" falsecount="4"/>
          <line num="82" count="0" type="stmt"/>
          <line num="90" count="0" type="cond" truecount="0" falsecount="2"/>
          <line num="91" count="0" type="stmt"/>
          <line num="94" count="0" type="stmt"/>
          <line num="106" count="0" type="stmt"/>
          <line num="114" count="0" type="stmt"/>
          <line num="127" count="0" type="stmt"/>
          <line num="140" count="0" type="stmt"/>
          <line num="148" count="0" type="stmt"/>
          <line num="162" count="0" type="stmt"/>
          <line num="174" count="0" type="stmt"/>
          <line num="182" count="0" type="stmt"/>
          <line num="197" count="0" type="stmt"/>
          <line num="198" count="0" type="cond" truecount="0" falsecount="4"/>
          <line num="199" count="0" type="stmt"/>
          <line num="201" count="0" type="cond" truecount="0" falsecount="4"/>
          <line num="202" count="0" type="stmt"/>
          <line num="208" count="0" type="cond" truecount="0" falsecount="4"/>
          <line num="209" count="0" type="stmt"/>
          <line num="215" count="0" type="cond" truecount="0" falsecount="4"/>
          <line num="216" count="0" type="stmt"/>
          <line num="222" count="0" type="cond" truecount="0" falsecount="4"/>
          <line num="223" count="0" type="stmt"/>
          <line num="229" count="0" type="cond" truecount="0" falsecount="4"/>
          <line num="230" count="0" type="stmt"/>
          <line num="238" count="0" type="cond" truecount="0" falsecount="2"/>
          <line num="239" count="0" type="stmt"/>
          <line num="242" count="0" type="stmt"/>
          <line num="253" count="0" type="stmt"/>
          <line num="261" count="0" type="stmt"/>
          <line num="275" count="0" type="stmt"/>
        </file>
        <file name="SystemQueries.js" path="/home/kenneth/Projects/foxiny/gateway/src/resolvers/Queries/SystemQueries.js">
          <metrics statements="0" coveredstatements="0" conditionals="0" coveredconditionals="0" methods="0" coveredmethods="0"/>
        </file>
        <file name="UserQueries.js" path="/home/kenneth/Projects/foxiny/gateway/src/resolvers/Queries/UserQueries.js">
          <metrics statements="9" coveredstatements="1" conditionals="2" coveredconditionals="0" methods="3" coveredmethods="0"/>
          <line num="5" count="5" type="stmt"/>
          <line num="7" count="0" type="stmt"/>
          <line num="9" count="0" type="cond" truecount="0" falsecount="2"/>
          <line num="10" count="0" type="stmt"/>
          <line num="24" count="0" type="stmt"/>
          <line num="28" count="0" type="stmt"/>
          <line num="30" count="0" type="stmt"/>
          <line num="39" count="0" type="stmt"/>
          <line num="44" count="0" type="stmt"/>
        </file>
      </package>
      <package name="src.resolvers.Resolvers">
        <metrics statements="14" coveredstatements="3" conditionals="26" coveredconditionals="0" methods="7" coveredmethods="0"/>
        <file name="Media.js" path="/home/kenneth/Projects/foxiny/gateway/src/resolvers/Resolvers/Media.js">
          <metrics statements="3" coveredstatements="1" conditionals="0" coveredconditionals="0" methods="2" coveredmethods="0"/>
          <line num="10" count="5" type="stmt"/>
          <line num="42" count="0" type="stmt"/>
          <line num="46" count="0" type="stmt"/>
        </file>
        <file name="User.js" path="/home/kenneth/Projects/foxiny/gateway/src/resolvers/Resolvers/User.js">
          <metrics statements="11" coveredstatements="2" conditionals="26" coveredconditionals="0" methods="5" coveredmethods="0"/>
          <line num="7" count="5" type="stmt"/>
          <line num="8" count="0" type="stmt"/>
          <line num="9" count="0" type="stmt"/>
          <line num="10" count="0" type="cond" truecount="0" falsecount="4"/>
          <line num="12" count="0" type="stmt"/>
          <line num="15" count="0" type="stmt"/>
          <line num="19" count="5" type="stmt"/>
          <line num="24" count="0" type="stmt"/>
          <line num="31" count="0" type="stmt"/>
          <line num="36" count="0" type="stmt"/>
          <line num="48" count="0" type="stmt"/>
        </file>
      </package>
      <package name="src.resolvers.Subscriptions">
        <metrics statements="6" coveredstatements="2" conditionals="0" coveredconditionals="0" methods="1" coveredmethods="0"/>
        <file name="Subscription.js" path="/home/kenneth/Projects/foxiny/gateway/src/resolvers/Subscriptions/Subscription.js">
          <metrics statements="5" coveredstatements="1" conditionals="0" coveredconditionals="0" methods="1" coveredmethods="0"/>
          <line num="6" count="5" type="stmt"/>
          <line num="10" count="0" type="stmt"/>
          <line num="11" count="0" type="stmt"/>
          <line num="12" count="0" type="stmt"/>
          <line num="14" count="0" type="stmt"/>
        </file>
        <file name="SubscriptionConfig.js" path="/home/kenneth/Projects/foxiny/gateway/src/resolvers/Subscriptions/SubscriptionConfig.js">
          <metrics statements="1" coveredstatements="1" conditionals="0" coveredconditionals="0" methods="0" coveredmethods="0"/>
          <line num="3" count="5" type="stmt"/>
        </file>
      </package>
      <package name="src.utils">
        <metrics statements="404" coveredstatements="275" conditionals="241" coveredconditionals="163" methods="81" coveredmethods="53"/>
        <file name="authentication.js" path="/home/kenneth/Projects/foxiny/gateway/src/utils/authentication.js">
          <metrics statements="77" coveredstatements="55" conditionals="37" coveredconditionals="21" methods="14" coveredmethods="10"/>
          <line num="14" count="6" type="stmt"/>
          <line num="15" count="0" type="cond" truecount="0" falsecount="2"/>
          <line num="17" count="6" type="stmt"/>
          <line num="22" count="17" type="stmt"/>
          <line num="25" count="6" type="stmt"/>
          <line num="26" count="2" type="stmt"/>
          <line num="28" count="10" type="stmt"/>
          <line num="30" count="6" type="stmt"/>
          <line num="31" count="107" type="stmt"/>
          <line num="34" count="107" type="stmt"/>
          <line num="36" count="107" type="stmt"/>
          <line num="42" count="107" type="stmt"/>
          <line num="45" count="6" type="stmt"/>
          <line num="46" count="0" type="stmt"/>
          <line num="48" count="0" type="cond" truecount="0" falsecount="2"/>
          <line num="49" count="0" type="stmt"/>
          <line num="50" count="0" type="stmt"/>
          <line num="53" count="0" type="stmt"/>
          <line num="60" count="0" type="stmt"/>
          <line num="61" count="0" type="stmt"/>
          <line num="65" count="0" type="cond" truecount="0" falsecount="2"/>
          <line num="68" count="6" type="stmt"/>
          <line num="72" count="8" type="stmt"/>
          <line num="75" count="6" type="stmt"/>
          <line num="76" count="2" type="stmt"/>
          <line num="77" count="2" type="stmt"/>
          <line num="80" count="6" type="stmt"/>
          <line num="81" count="0" type="stmt"/>
          <line num="82" count="0" type="stmt"/>
          <line num="85" count="6" type="stmt"/>
          <line num="86" count="1" type="stmt"/>
          <line num="87" count="1" type="stmt"/>
          <line num="90" count="6" type="cond" truecount="1" falsecount="0"/>
          <line num="91" count="8" type="stmt"/>
          <line num="99" count="8" type="cond" truecount="2" falsecount="2"/>
          <line num="102" count="8" type="stmt"/>
          <line num="103" count="8" type="stmt"/>
          <line num="106" count="8" type="stmt"/>
          <line num="108" count="8" type="stmt"/>
          <line num="111" count="6" type="stmt"/>
          <line num="115" count="7" type="cond" truecount="3" falsecount="1"/>
          <line num="120" count="7" type="cond" truecount="2" falsecount="0"/>
          <line num="121" count="7" type="stmt"/>
          <line num="123" count="7" type="stmt"/>
          <line num="126" count="6" type="stmt"/>
          <line num="133" count="4" type="stmt"/>
          <line num="134" count="4" type="cond" truecount="2" falsecount="0"/>
          <line num="136" count="2" type="stmt"/>
          <line num="138" count="2" type="cond" truecount="2" falsecount="2"/>
          <line num="142" count="2" type="stmt"/>
          <line num="143" count="2" type="stmt"/>
          <line num="145" count="2" type="stmt"/>
          <line num="146" count="2" type="stmt"/>
          <line num="147" count="2" type="stmt"/>
          <line num="149" count="2" type="stmt"/>
          <line num="152" count="2" type="cond" truecount="2" falsecount="0"/>
          <line num="153" count="1" type="stmt"/>
          <line num="159" count="2" type="cond" truecount="2" falsecount="0"/>
          <line num="160" count="1" type="stmt"/>
          <line num="163" count="1" type="cond" truecount="1" falsecount="1"/>
          <line num="164" count="0" type="stmt"/>
          <line num="165" count="0" type="stmt"/>
          <line num="169" count="2" type="stmt"/>
          <line num="172" count="0" type="cond" truecount="0" falsecount="2"/>
          <line num="173" count="0" type="stmt"/>
          <line num="174" count="0" type="stmt"/>
          <line num="179" count="2" type="cond" truecount="2" falsecount="0"/>
          <line num="180" count="1" type="stmt"/>
          <line num="181" count="1" type="stmt"/>
          <line num="184" count="1" type="stmt"/>
          <line num="193" count="6" type="stmt"/>
          <line num="195" count="0" type="stmt"/>
          <line num="198" count="0" type="stmt"/>
          <line num="199" count="0" type="stmt"/>
          <line num="201" count="0" type="cond" truecount="0" falsecount="2"/>
          <line num="202" count="0" type="stmt"/>
          <line num="203" count="0" type="stmt"/>
        </file>
        <file name="cache.js" path="/home/kenneth/Projects/foxiny/gateway/src/utils/cache.js">
          <metrics statements="7" coveredstatements="6" conditionals="0" coveredconditionals="0" methods="1" coveredmethods="0"/>
          <line num="8" count="6" type="stmt"/>
          <line num="11" count="6" type="stmt"/>
          <line num="12" count="6" type="stmt"/>
          <line num="13" count="6" type="stmt"/>
          <line num="14" count="6" type="stmt"/>
          <line num="16" count="6" type="stmt"/>
          <line num="17" count="0" type="stmt"/>
        </file>
        <file name="email.js" path="/home/kenneth/Projects/foxiny/gateway/src/utils/email.js">
          <metrics statements="20" coveredstatements="10" conditionals="0" coveredconditionals="0" methods="3" coveredmethods="1"/>
          <line num="7" count="6" type="stmt"/>
          <line num="9" count="6" type="stmt"/>
          <line num="11" count="6" type="stmt"/>
          <line num="12" count="1" type="stmt"/>
          <line num="27" count="1" type="stmt"/>
          <line num="42" count="1" type="stmt"/>
          <line num="50" count="1" type="stmt"/>
          <line num="51" count="1" type="stmt"/>
          <line num="52" count="0" type="stmt"/>
          <line num="54" count="0" type="stmt"/>
          <line num="58" count="6" type="stmt"/>
          <line num="60" count="0" type="stmt"/>
          <line num="65" count="6" type="stmt"/>
          <line num="66" count="0" type="stmt"/>
          <line num="79" count="0" type="stmt"/>
          <line num="92" count="0" type="stmt"/>
          <line num="100" count="0" type="stmt"/>
          <line num="101" count="0" type="stmt"/>
          <line num="102" count="0" type="stmt"/>
          <line num="104" count="0" type="stmt"/>
        </file>
        <file name="fsHelper.js" path="/home/kenneth/Projects/foxiny/gateway/src/utils/fsHelper.js">
          <metrics statements="18" coveredstatements="16" conditionals="4" coveredconditionals="3" methods="5" coveredmethods="4"/>
          <line num="14" count="6" type="stmt"/>
          <line num="18" count="2" type="cond" truecount="3" falsecount="1"/>
          <line num="19" count="0" type="stmt"/>
          <line num="21" count="2" type="stmt"/>
          <line num="22" count="2" type="stmt"/>
          <line num="23" count="2" type="stmt"/>
          <line num="24" count="2" type="stmt"/>
          <line num="25" count="2" type="stmt"/>
          <line num="27" count="2" type="stmt"/>
          <line num="28" count="2" type="stmt"/>
          <line num="34" count="1" type="stmt"/>
          <line num="35" count="1" type="stmt"/>
          <line num="36" count="1" type="stmt"/>
          <line num="40" count="0" type="stmt"/>
          <line num="43" count="1" type="stmt"/>
          <line num="44" count="1" type="stmt"/>
          <line num="45" count="1" type="stmt"/>
          <line num="46" count="1" type="stmt"/>
        </file>
        <file name="i18nHelper.js" path="/home/kenneth/Projects/foxiny/gateway/src/utils/i18nHelper.js">
          <metrics statements="6" coveredstatements="2" conditionals="0" coveredconditionals="0" methods="1" coveredmethods="0"/>
          <line num="7" count="6" type="stmt"/>
          <line num="8" count="0" type="stmt"/>
          <line num="9" count="0" type="stmt"/>
          <line num="10" count="0" type="stmt"/>
          <line num="15" count="0" type="stmt"/>
          <line num="19" count="6" type="stmt"/>
        </file>
        <file name="logger.js" path="/home/kenneth/Projects/foxiny/gateway/src/utils/logger.js">
          <metrics statements="7" coveredstatements="6" conditionals="6" coveredconditionals="3" methods="2" coveredmethods="2"/>
          <line num="8" count="9" type="stmt"/>
          <line num="9" count="9" type="cond" truecount="1" falsecount="1"/>
          <line num="10" count="0" type="stmt"/>
          <line num="13" count="9" type="cond" truecount="1" falsecount="1"/>
          <line num="14" count="9" type="stmt"/>
          <line num="27" count="168" type="stmt"/>
          <line num="34" count="40" type="stmt"/>
        </file>
        <file name="permissionChecker.js" path="/home/kenneth/Projects/foxiny/gateway/src/utils/permissionChecker.js">
          <metrics statements="47" coveredstatements="31" conditionals="34" coveredconditionals="27" methods="21" coveredmethods="12"/>
          <line num="10" count="5" type="stmt"/>
          <line num="11" count="3" type="cond" truecount="1" falsecount="1"/>
          <line num="12" count="57" type="stmt"/>
          <line num="14" count="210" type="stmt"/>
          <line num="23" count="3" type="stmt"/>
          <line num="24" count="3" type="stmt"/>
          <line num="28" count="0" type="stmt"/>
          <line num="29" count="0" type="stmt"/>
          <line num="33" count="2" type="stmt"/>
          <line num="37" count="0" type="stmt"/>
          <line num="41" count="0" type="stmt"/>
          <line num="47" count="10" type="cond" truecount="1" falsecount="1"/>
          <line num="48" count="0" type="stmt"/>
          <line num="50" count="10" type="stmt"/>
          <line num="53" count="10" type="stmt"/>
          <line num="59" count="161" type="stmt"/>
          <line num="61" count="10" type="cond" truecount="3" falsecount="1"/>
          <line num="62" count="0" type="stmt"/>
          <line num="63" count="0" type="stmt"/>
          <line num="64" count="0" type="stmt"/>
          <line num="69" count="10" type="cond" truecount="4" falsecount="0"/>
          <line num="70" count="22" type="stmt"/>
          <line num="74" count="10" type="cond" truecount="3" falsecount="1"/>
          <line num="75" count="0" type="stmt"/>
          <line num="78" count="10" type="cond" truecount="1" falsecount="1"/>
          <line num="79" count="10" type="stmt"/>
          <line num="80" count="22" type="stmt"/>
          <line num="82" count="79" type="stmt"/>
          <line num="88" count="10" type="cond" truecount="4" falsecount="0"/>
          <line num="91" count="4" type="stmt"/>
          <line num="98" count="10" type="cond" truecount="3" falsecount="1"/>
          <line num="101" count="0" type="stmt"/>
          <line num="108" count="10" type="cond" truecount="1" falsecount="1"/>
          <line num="112" count="0" type="stmt"/>
          <line num="113" count="0" type="stmt"/>
          <line num="114" count="0" type="stmt"/>
          <line num="117" count="10" type="cond" truecount="2" falsecount="0"/>
          <line num="121" count="5" type="stmt"/>
          <line num="122" count="5" type="stmt"/>
          <line num="123" count="5" type="stmt"/>
          <line num="126" count="5" type="stmt"/>
          <line num="131" count="0" type="stmt"/>
          <line num="145" count="5" type="stmt"/>
          <line num="150" count="5" type="stmt"/>
          <line num="152" count="0" type="stmt"/>
          <line num="153" count="0" type="stmt"/>
          <line num="156" count="5" type="stmt"/>
        </file>
        <file name="policy.js" path="/home/kenneth/Projects/foxiny/gateway/src/utils/policy.js">
          <metrics statements="6" coveredstatements="6" conditionals="0" coveredconditionals="0" methods="1" coveredmethods="1"/>
          <line num="6" count="5" type="stmt"/>
          <line num="7" count="7" type="stmt"/>
          <line num="8" count="7" type="stmt"/>
          <line num="12" count="2" type="stmt"/>
          <line num="13" count="2" type="stmt"/>
          <line num="15" count="5" type="stmt"/>
        </file>
        <file name="prisma.js" path="/home/kenneth/Projects/foxiny/gateway/src/utils/prisma.js">
          <metrics statements="1" coveredstatements="1" conditionals="0" coveredconditionals="0" methods="0" coveredmethods="0"/>
          <line num="7" count="5" type="stmt"/>
        </file>
        <file name="s3Uploader.js" path="/home/kenneth/Projects/foxiny/gateway/src/utils/s3Uploader.js">
          <metrics statements="80" coveredstatements="13" conditionals="50" coveredconditionals="9" methods="6" coveredmethods="1"/>
          <line num="12" count="5" type="stmt"/>
          <line num="18" count="5" type="stmt"/>
          <line num="31" count="5" type="stmt"/>
          <line num="32" count="0" type="stmt"/>
          <line num="33" count="0" type="stmt"/>
          <line num="36" count="5" type="stmt"/>
          <line num="37" count="0" type="stmt"/>
          <line num="52" count="0" type="stmt"/>
          <line num="58" count="0" type="stmt"/>
          <line num="61" count="5" type="stmt"/>
          <line num="62" count="0" type="cond" truecount="0" falsecount="2"/>
          <line num="63" count="0" type="stmt"/>
          <line num="77" count="0" type="stmt"/>
          <line num="82" count="0" type="stmt"/>
          <line num="85" count="0" type="cond" truecount="0" falsecount="2"/>
          <line num="86" count="0" type="stmt"/>
          <line num="100" count="0" type="stmt"/>
          <line num="105" count="0" type="stmt"/>
          <line num="117" count="5" type="stmt"/>
          <line num="118" count="1" type="cond" truecount="4" falsecount="2"/>
          <line num="119" count="0" type="stmt"/>
          <line num="121" count="1" type="stmt"/>
          <line num="122" count="1" type="stmt"/>
          <line num="126" count="1" type="cond" truecount="3" falsecount="1"/>
          <line num="127" count="0" type="stmt"/>
          <line num="129" count="1" type="cond" truecount="2" falsecount="0"/>
          <line num="131" count="0" type="cond" truecount="0" falsecount="2"/>
          <line num="132" count="0" type="stmt"/>
          <line num="134" count="0" type="stmt"/>
          <line num="142" count="0" type="stmt"/>
          <line num="143" count="0" type="stmt"/>
          <line num="144" count="0" type="stmt"/>
          <line num="146" count="0" type="cond" truecount="0" falsecount="2"/>
          <line num="147" count="0" type="stmt"/>
          <line num="149" count="0" type="stmt"/>
          <line num="154" count="0" type="cond" truecount="0" falsecount="2"/>
          <line num="155" count="0" type="stmt"/>
          <line num="161" count="0" type="stmt"/>
          <line num="162" count="0" type="stmt"/>
          <line num="163" count="0" type="stmt"/>
          <line num="167" count="5" type="stmt"/>
          <line num="168" count="0" type="cond" truecount="0" falsecount="2"/>
          <line num="169" count="0" type="stmt"/>
          <line num="171" count="0" type="stmt"/>
          <line num="172" count="0" type="stmt"/>
          <line num="176" count="0" type="cond" truecount="0" falsecount="4"/>
          <line num="177" count="0" type="stmt"/>
          <line num="179" count="0" type="stmt"/>
          <line num="181" count="0" type="stmt"/>
          <line num="182" count="0" type="stmt"/>
          <line num="184" count="0" type="stmt"/>
          <line num="192" count="0" type="stmt"/>
          <line num="193" count="0" type="stmt"/>
          <line num="194" count="0" type="stmt"/>
          <line num="196" count="0" type="stmt"/>
          <line num="201" count="0" type="stmt"/>
          <line num="207" count="0" type="stmt"/>
          <line num="209" count="0" type="stmt"/>
          <line num="210" count="0" type="stmt"/>
          <line num="211" count="0" type="stmt"/>
          <line num="221" count="5" type="stmt"/>
          <line num="222" count="0" type="cond" truecount="0" falsecount="8"/>
          <line num="223" count="0" type="stmt"/>
          <line num="225" count="0" type="stmt"/>
          <line num="226" count="0" type="stmt"/>
          <line num="230" count="0" type="cond" truecount="0" falsecount="4"/>
          <line num="231" count="0" type="stmt"/>
          <line num="233" count="0" type="stmt"/>
          <line num="235" count="0" type="stmt"/>
          <line num="236" count="0" type="stmt"/>
          <line num="238" count="0" type="stmt"/>
          <line num="248" count="0" type="stmt"/>
          <line num="249" count="0" type="stmt"/>
          <line num="250" count="0" type="stmt"/>
          <line num="252" count="0" type="stmt"/>
          <line num="257" count="0" type="stmt"/>
          <line num="263" count="0" type="stmt"/>
          <line num="265" count="0" type="stmt"/>
          <line num="266" count="0" type="stmt"/>
          <line num="267" count="0" type="stmt"/>
        </file>
        <file name="sms.js" path="/home/kenneth/Projects/foxiny/gateway/src/utils/sms.js">
          <metrics statements="9" coveredstatements="6" conditionals="0" coveredconditionals="0" methods="4" coveredmethods="1"/>
          <line num="6" count="6" type="stmt"/>
          <line num="8" count="6" type="stmt"/>
          <line num="10" count="6" type="stmt"/>
          <line num="11" count="1" type="stmt"/>
          <line num="14" count="1" type="stmt"/>
          <line num="21" count="0" type="stmt"/>
          <line num="24" count="0" type="stmt"/>
          <line num="29" count="6" type="stmt"/>
          <line num="31" count="0" type="stmt"/>
        </file>
        <file name="smsVN.js" path="/home/kenneth/Projects/foxiny/gateway/src/utils/smsVN.js">
          <metrics statements="7" coveredstatements="5" conditionals="0" coveredconditionals="0" methods="4" coveredmethods="2"/>
          <line num="7" count="6" type="stmt"/>
          <line num="17" count="6" type="stmt"/>
          <line num="18" count="1" type="stmt"/>
          <line num="19" count="1" type="stmt"/>
          <line num="28" count="1" type="stmt"/>
          <line num="33" count="0" type="stmt"/>
          <line num="36" count="0" type="stmt"/>
        </file>
        <file name="validation.js" path="/home/kenneth/Projects/foxiny/gateway/src/utils/validation.js">
          <metrics statements="119" coveredstatements="118" conditionals="110" coveredconditionals="100" methods="19" coveredmethods="19"/>
          <line num="5" count="393" type="cond" truecount="2" falsecount="0"/>
          <line num="7" count="9" type="stmt"/>
          <line num="8" count="310" type="stmt"/>
          <line num="10" count="310" type="cond" truecount="2" falsecount="0"/>
          <line num="12" count="262" type="stmt"/>
          <line num="15" count="9" type="stmt"/>
          <line num="18" count="2" type="stmt"/>
          <line num="20" count="2" type="cond" truecount="2" falsecount="0"/>
          <line num="22" count="1" type="stmt"/>
          <line num="23" count="1" type="stmt"/>
          <line num="24" count="1" type="stmt"/>
          <line num="27" count="1" type="stmt"/>
          <line num="29" count="1" type="cond" truecount="1" falsecount="1"/>
          <line num="31" count="0" type="stmt"/>
          <line num="36" count="9" type="stmt"/>
          <line num="39" count="40" type="stmt"/>
          <line num="41" count="40" type="cond" truecount="2" falsecount="0"/>
          <line num="44" count="21" type="stmt"/>
          <line num="45" count="21" type="stmt"/>
          <line num="47" count="21" type="stmt"/>
          <line num="50" count="9" type="stmt"/>
          <line num="53" count="24" type="stmt"/>
          <line num="55" count="24" type="cond" truecount="2" falsecount="0"/>
          <line num="58" count="16" type="stmt"/>
          <line num="61" count="16" type="cond" truecount="1" falsecount="1"/>
          <line num="63" count="16" type="stmt"/>
          <line num="66" count="9" type="stmt"/>
          <line num="69" count="17" type="stmt"/>
          <line num="70" count="17" type="cond" truecount="4" falsecount="0"/>
          <line num="72" count="6" type="stmt"/>
          <line num="75" count="9" type="stmt"/>
          <line num="76" count="10" type="stmt"/>
          <line num="78" count="7" type="cond" truecount="2" falsecount="0"/>
          <line num="80" count="6" type="stmt"/>
          <line num="87" count="9" type="stmt"/>
          <line num="88" count="12" type="cond" truecount="2" falsecount="0"/>
          <line num="89" count="9" type="stmt"/>
          <line num="90" count="21" type="cond" truecount="4" falsecount="0"/>
          <line num="91" count="3" type="stmt"/>
          <line num="92" count="18" type="cond" truecount="2" falsecount="0"/>
          <line num="93" count="18" type="cond" truecount="2" falsecount="0"/>
          <line num="94" count="18" type="stmt"/>
          <line num="97" count="5" type="stmt"/>
          <line num="98" count="15" type="stmt"/>
          <line num="99" count="15" type="stmt"/>
          <line num="101" count="15" type="stmt"/>
          <line num="103" count="15" type="cond" truecount="3" falsecount="1"/>
          <line num="104" count="15" type="cond" truecount="2" falsecount="0"/>
          <line num="105" count="15" type="cond" truecount="2" falsecount="0"/>
          <line num="106" count="15" type="stmt"/>
          <line num="108" count="15" type="stmt"/>
          <line num="111" count="5" type="stmt"/>
          <line num="118" count="9" type="stmt"/>
          <line num="120" count="8" type="cond" truecount="6" falsecount="0"/>
          <line num="121" count="3" type="stmt"/>
          <line num="123" count="5" type="stmt"/>
          <line num="125" count="5" type="cond" truecount="2" falsecount="0"/>
          <line num="126" count="3" type="stmt"/>
          <line num="128" count="2" type="stmt"/>
          <line num="130" count="5" type="stmt"/>
          <line num="131" count="4" type="stmt"/>
          <line num="133" count="2" type="stmt"/>
          <line num="140" count="9" type="stmt"/>
          <line num="141" count="10" type="cond" truecount="2" falsecount="0"/>
          <line num="149" count="6" type="stmt"/>
          <line num="152" count="4" type="stmt"/>
          <line num="154" count="4" type="stmt"/>
          <line num="155" count="3" type="cond" truecount="2" falsecount="0"/>
          <line num="156" count="3" type="cond" truecount="2" falsecount="0"/>
          <line num="157" count="3" type="cond" truecount="2" falsecount="0"/>
          <line num="159" count="3" type="stmt"/>
          <line num="167" count="9" type="stmt"/>
          <line num="168" count="11" type="cond" truecount="2" falsecount="0"/>
          <line num="176" count="8" type="stmt"/>
          <line num="179" count="3" type="stmt"/>
          <line num="181" count="3" type="cond" truecount="2" falsecount="0"/>
          <line num="182" count="3" type="cond" truecount="2" falsecount="0"/>
          <line num="183" count="3" type="cond" truecount="2" falsecount="0"/>
          <line num="185" count="3" type="stmt"/>
          <line num="192" count="9" type="stmt"/>
          <line num="193" count="1" type="stmt"/>
          <line num="195" count="1" type="cond" truecount="1" falsecount="1"/>
          <line num="196" count="1" type="cond" truecount="1" falsecount="1"/>
          <line num="197" count="1" type="cond" truecount="1" falsecount="1"/>
          <line num="198" count="1" type="cond" truecount="1" falsecount="1"/>
          <line num="199" count="1" type="cond" truecount="1" falsecount="1"/>
          <line num="200" count="1" type="stmt"/>
          <line num="202" count="1" type="stmt"/>
          <line num="209" count="9" type="stmt"/>
          <line num="210" count="4" type="stmt"/>
          <line num="212" count="4" type="stmt"/>
          <line num="213" count="2" type="stmt"/>
          <line num="215" count="1" type="stmt"/>
          <line num="231" count="9" type="stmt"/>
          <line num="237" count="9" type="stmt"/>
          <line num="238" count="7" type="cond" truecount="2" falsecount="0"/>
          <line num="239" count="6" type="cond" truecount="2" falsecount="0"/>
          <line num="240" count="1" type="stmt"/>
          <line num="243" count="9" type="stmt"/>
          <line num="244" count="7" type="cond" truecount="1" falsecount="1"/>
          <line num="246" count="7" type="stmt"/>
          <line num="248" count="7" type="cond" truecount="2" falsecount="0"/>
          <line num="249" count="5" type="cond" truecount="4" falsecount="0"/>
          <line num="250" count="3" type="cond" truecount="2" falsecount="0"/>
          <line num="251" count="2" type="cond" truecount="2" falsecount="0"/>
          <line num="253" count="1" type="stmt"/>
          <line num="256" count="9" type="stmt"/>
          <line num="270" count="9" type="stmt"/>
          <line num="271" count="12" type="cond" truecount="2" falsecount="0"/>
          <line num="272" count="11" type="cond" truecount="2" falsecount="0"/>
          <line num="273" count="2" type="stmt"/>
          <line num="276" count="9" type="stmt"/>
          <line num="277" count="9" type="cond" truecount="1" falsecount="1"/>
          <line num="279" count="9" type="stmt"/>
          <line num="281" count="9" type="cond" truecount="2" falsecount="0"/>
          <line num="282" count="7" type="cond" truecount="4" falsecount="0"/>
          <line num="283" count="5" type="cond" truecount="2" falsecount="0"/>
          <line num="284" count="4" type="cond" truecount="2" falsecount="0"/>
          <line num="286" count="3" type="stmt"/>
        </file>
      </package>
      <package name="src.utils.addressUtils">
        <metrics statements="12" coveredstatements="12" conditionals="0" coveredconditionals="0" methods="1" coveredmethods="1"/>
        <file name="validation.js" path="/home/kenneth/Projects/foxiny/gateway/src/utils/addressUtils/validation.js">
          <metrics statements="12" coveredstatements="12" conditionals="0" coveredconditionals="0" methods="1" coveredmethods="1"/>
          <line num="5" count="2" type="stmt"/>
          <line num="6" count="26" type="stmt"/>
          <line num="8" count="26" type="stmt"/>
          <line num="9" count="20" type="stmt"/>
          <line num="10" count="18" type="stmt"/>
          <line num="11" count="16" type="stmt"/>
          <line num="12" count="14" type="stmt"/>
          <line num="13" count="12" type="stmt"/>
          <line num="14" count="10" type="stmt"/>
          <line num="15" count="7" type="stmt"/>
          <line num="16" count="5" type="stmt"/>
          <line num="18" count="3" type="stmt"/>
        </file>
      </package>
      <package name="src.utils.catalogUtils">
        <metrics statements="51" coveredstatements="2" conditionals="30" coveredconditionals="0" methods="22" coveredmethods="0"/>
        <file name="dataHelper.js" path="/home/kenneth/Projects/foxiny/gateway/src/utils/catalogUtils/dataHelper.js">
          <metrics statements="51" coveredstatements="2" conditionals="30" coveredconditionals="0" methods="22" coveredmethods="0"/>
          <line num="3" count="5" type="stmt"/>
          <line num="4" count="0" type="stmt"/>
          <line num="7" count="0" type="cond" truecount="0" falsecount="4"/>
          <line num="8" count="0" type="stmt"/>
          <line num="10" count="0" type="stmt"/>
          <line num="11" count="0" type="stmt"/>
          <line num="17" count="0" type="stmt"/>
          <line num="20" count="5" type="stmt"/>
          <line num="21" count="0" type="stmt"/>
          <line num="24" count="0" type="cond" truecount="0" falsecount="4"/>
          <line num="25" count="0" type="stmt"/>
          <line num="31" count="0" type="stmt"/>
          <line num="49" count="0" type="stmt"/>
          <line num="50" count="0" type="stmt"/>
          <line num="51" count="0" type="stmt"/>
          <line num="52" count="0" type="stmt"/>
          <line num="62" count="0" type="cond" truecount="0" falsecount="2"/>
          <line num="63" count="0" type="stmt"/>
          <line num="65" count="0" type="stmt"/>
          <line num="67" count="0" type="cond" truecount="0" falsecount="2"/>
          <line num="68" count="0" type="stmt"/>
          <line num="69" count="0" type="cond" truecount="0" falsecount="2"/>
          <line num="70" count="0" type="stmt"/>
          <line num="71" count="0" type="cond" truecount="0" falsecount="2"/>
          <line num="72" count="0" type="stmt"/>
          <line num="77" count="0" type="cond" truecount="0" falsecount="2"/>
          <line num="78" count="0" type="stmt"/>
          <line num="79" count="0" type="cond" truecount="0" falsecount="2"/>
          <line num="80" count="0" type="stmt"/>
          <line num="81" count="0" type="cond" truecount="0" falsecount="2"/>
          <line num="82" count="0" type="stmt"/>
          <line num="88" count="0" type="stmt"/>
          <line num="155" count="0" type="stmt"/>
          <line num="156" count="0" type="stmt"/>
          <line num="158" count="0" type="stmt"/>
          <line num="159" count="0" type="stmt"/>
          <line num="160" count="0" type="stmt"/>
          <line num="161" count="0" type="stmt"/>
          <line num="162" count="0" type="stmt"/>
          <line num="164" count="0" type="stmt"/>
          <line num="165" count="0" type="stmt"/>
          <line num="168" count="0" type="stmt"/>
          <line num="169" count="0" type="stmt"/>
          <line num="170" count="0" type="cond" truecount="0" falsecount="2"/>
          <line num="171" count="0" type="stmt"/>
          <line num="172" count="0" type="stmt"/>
          <line num="175" count="0" type="stmt"/>
          <line num="177" count="0" type="cond" truecount="0" falsecount="2"/>
          <line num="178" count="0" type="stmt"/>
          <line num="179" count="0" type="stmt"/>
          <line num="184" count="0" type="stmt"/>
        </file>
      </package>
      <package name="src.utils.productUtils">
        <metrics statements="120" coveredstatements="83" conditionals="65" coveredconditionals="47" methods="34" coveredmethods="11"/>
        <file name="dataHelper.js" path="/home/kenneth/Projects/foxiny/gateway/src/utils/productUtils/dataHelper.js">
          <metrics statements="36" coveredstatements="4" conditionals="8" coveredconditionals="0" methods="23" coveredmethods="0"/>
          <line num="8" count="5" type="stmt"/>
          <line num="9" count="0" type="stmt"/>
          <line num="11" count="0" type="cond" truecount="0" falsecount="4"/>
          <line num="12" count="0" type="stmt"/>
          <line num="14" count="0" type="stmt"/>
          <line num="15" count="0" type="cond" truecount="0" falsecount="2"/>
          <line num="16" count="0" type="stmt"/>
          <line num="17" count="0" type="stmt"/>
          <line num="22" count="0" type="cond" truecount="0" falsecount="2"/>
          <line num="23" count="0" type="stmt"/>
          <line num="26" count="0" type="stmt"/>
          <line num="31" count="0" type="stmt"/>
          <line num="32" count="0" type="stmt"/>
          <line num="33" count="0" type="stmt"/>
          <line num="38" count="0" type="stmt"/>
          <line num="39" count="0" type="stmt"/>
          <line num="40" count="0" type="stmt"/>
          <line num="44" count="0" type="stmt"/>
          <line num="51" count="5" type="stmt"/>
          <line num="54" count="0" type="stmt"/>
          <line num="68" count="0" type="stmt"/>
          <line num="69" count="0" type="stmt"/>
          <line num="79" count="0" type="stmt"/>
          <line num="87" count="0" type="stmt"/>
          <line num="90" count="5" type="stmt"/>
          <line num="91" count="0" type="stmt"/>
          <line num="105" count="0" type="stmt"/>
          <line num="106" count="0" type="stmt"/>
          <line num="116" count="0" type="stmt"/>
          <line num="125" count="0" type="stmt"/>
          <line num="128" count="5" type="stmt"/>
          <line num="129" count="0" type="stmt"/>
          <line num="143" count="0" type="stmt"/>
          <line num="144" count="0" type="stmt"/>
          <line num="154" count="0" type="stmt"/>
          <line num="162" count="0" type="stmt"/>
        </file>
        <file name="validation.js" path="/home/kenneth/Projects/foxiny/gateway/src/utils/productUtils/validation.js">
          <metrics statements="84" coveredstatements="79" conditionals="57" coveredconditionals="47" methods="11" coveredmethods="11"/>
          <line num="6" count="6" type="cond" truecount="1" falsecount="0"/>
          <line num="7" count="52" type="cond" truecount="4" falsecount="0"/>
          <line num="8" count="6" type="stmt"/>
          <line num="9" count="6" type="stmt"/>
          <line num="12" count="46" type="cond" truecount="4" falsecount="0"/>
          <line num="13" count="4" type="stmt"/>
          <line num="14" count="4" type="stmt"/>
          <line num="17" count="42" type="cond" truecount="2" falsecount="0"/>
          <line num="18" count="7" type="stmt"/>
          <line num="19" count="7" type="stmt"/>
          <line num="22" count="35" type="stmt"/>
          <line num="25" count="6" type="stmt"/>
          <line num="26" count="21" type="stmt"/>
          <line num="28" count="21" type="stmt"/>
          <line num="31" count="17" type="stmt"/>
          <line num="33" count="14" type="stmt"/>
          <line num="36" count="6" type="stmt"/>
          <line num="37" count="18" type="stmt"/>
          <line num="39" count="18" type="cond" truecount="1" falsecount="1"/>
          <line num="40" count="0" type="stmt"/>
          <line num="43" count="18" type="cond" truecount="4" falsecount="0"/>
          <line num="44" count="3" type="stmt"/>
          <line num="47" count="15" type="stmt"/>
          <line num="48" count="13" type="stmt"/>
          <line num="49" count="10" type="stmt"/>
          <line num="50" count="8" type="stmt"/>
          <line num="51" count="9" type="stmt"/>
          <line num="52" count="3" type="stmt"/>
          <line num="54" count="3" type="stmt"/>
          <line num="57" count="6" type="stmt"/>
          <line num="58" count="15" type="stmt"/>
          <line num="60" count="15" type="cond" truecount="1" falsecount="1"/>
          <line num="61" count="0" type="stmt"/>
          <line num="62" count="0" type="stmt"/>
          <line num="65" count="15" type="cond" truecount="4" falsecount="0"/>
          <line num="66" count="3" type="stmt"/>
          <line num="67" count="3" type="stmt"/>
          <line num="70" count="12" type="cond" truecount="4" falsecount="0"/>
          <line num="71" count="2" type="stmt"/>
          <line num="72" count="2" type="stmt"/>
          <line num="75" count="10" type="stmt"/>
          <line num="76" count="8" type="stmt"/>
          <line num="77" count="6" type="stmt"/>
          <line num="78" count="6" type="stmt"/>
          <line num="79" count="4" type="stmt"/>
          <line num="80" count="3" type="stmt"/>
          <line num="82" count="1" type="stmt"/>
          <line num="85" count="6" type="stmt"/>
          <line num="86" count="8" type="stmt"/>
          <line num="88" count="8" type="cond" truecount="1" falsecount="1"/>
          <line num="89" count="0" type="stmt"/>
          <line num="90" count="0" type="stmt"/>
          <line num="93" count="8" type="cond" truecount="2" falsecount="0"/>
          <line num="94" count="2" type="stmt"/>
          <line num="95" count="2" type="stmt"/>
          <line num="98" count="6" type="cond" truecount="2" falsecount="0"/>
          <line num="99" count="2" type="stmt"/>
          <line num="100" count="2" type="stmt"/>
          <line num="103" count="4" type="stmt"/>
          <line num="104" count="4" type="stmt"/>
          <line num="105" count="4" type="cond" truecount="1" falsecount="1"/>
          <line num="108" count="4" type="cond" truecount="1" falsecount="1"/>
          <line num="111" count="3" type="cond" truecount="1" falsecount="1"/>
          <line num="114" count="3" type="cond" truecount="1" falsecount="1"/>
          <line num="117" count="3" type="cond" truecount="2" falsecount="2"/>
          <line num="120" count="3" type="cond" truecount="3" falsecount="1"/>
          <line num="121" count="6" type="stmt"/>
          <line num="124" count="3" type="stmt"/>
          <line num="127" count="6" type="stmt"/>
          <line num="128" count="2" type="cond" truecount="4" falsecount="0"/>
          <line num="129" count="1" type="stmt"/>
          <line num="130" count="1" type="stmt"/>
          <line num="133" count="2" type="stmt"/>
          <line num="135" count="1" type="stmt"/>
          <line num="138" count="6" type="stmt"/>
          <line num="141" count="6" type="stmt"/>
          <line num="143" count="6" type="cond" truecount="2" falsecount="0"/>
          <line num="145" count="2" type="stmt"/>
          <line num="146" count="2" type="stmt"/>
          <line num="147" count="2" type="stmt"/>
          <line num="150" count="4" type="stmt"/>
          <line num="152" count="4" type="cond" truecount="2" falsecount="0"/>
          <line num="154" count="3" type="stmt"/>
          <line num="155" count="3" type="stmt"/>
        </file>
      </package>
      <package name="src.utils.retailerUtils">
        <metrics statements="14" coveredstatements="14" conditionals="8" coveredconditionals="4" methods="2" coveredmethods="2"/>
        <file name="validation.js" path="/home/kenneth/Projects/foxiny/gateway/src/utils/retailerUtils/validation.js">
          <metrics statements="14" coveredstatements="14" conditionals="8" coveredconditionals="4" methods="2" coveredmethods="2"/>
          <line num="6" count="1" type="stmt"/>
          <line num="7" count="12" type="stmt"/>
          <line num="9" count="12" type="stmt"/>
          <line num="10" count="9" type="stmt"/>
          <line num="11" count="6" type="stmt"/>
          <line num="12" count="4" type="stmt"/>
          <line num="14" count="1" type="stmt"/>
          <line num="17" count="1" type="stmt"/>
          <line num="18" count="1" type="stmt"/>
          <line num="20" count="1" type="cond" truecount="1" falsecount="1"/>
          <line num="23" count="1" type="cond" truecount="1" falsecount="1"/>
          <line num="26" count="1" type="cond" truecount="1" falsecount="1"/>
          <line num="29" count="1" type="cond" truecount="1" falsecount="1"/>
          <line num="33" count="1" type="stmt"/>
        </file>
      </package>
      <package name="tests.unitTests.userTests.testData">
        <metrics statements="31" coveredstatements="28" conditionals="0" coveredconditionals="0" methods="3" coveredmethods="2"/>
        <file name="operations.js" path="/home/kenneth/Projects/foxiny/gateway/tests/unitTests/userTests/testData/operations.js">
          <metrics statements="14" coveredstatements="14" conditionals="0" coveredconditionals="0" methods="0" coveredmethods="0"/>
          <line num="18" count="3" type="stmt"/>
          <line num="31" count="3" type="stmt"/>
          <line num="44" count="3" type="stmt"/>
          <line num="53" count="3" type="stmt"/>
          <line num="62" count="3" type="stmt"/>
          <line num="75" count="3" type="stmt"/>
          <line num="81" count="3" type="stmt"/>
          <line num="87" count="3" type="stmt"/>
          <line num="99" count="3" type="stmt"/>
          <line num="107" count="3" type="stmt"/>
          <line num="119" count="3" type="stmt"/>
          <line num="125" count="3" type="stmt"/>
          <line num="139" count="3" type="stmt"/>
          <line num="148" count="3" type="stmt"/>
        </file>
        <file name="seed-test-data.js" path="/home/kenneth/Projects/foxiny/gateway/tests/unitTests/userTests/testData/seed-test-data.js">
          <metrics statements="17" coveredstatements="14" conditionals="0" coveredconditionals="0" methods="3" coveredmethods="2"/>
          <line num="12" count="4" type="stmt"/>
          <line num="38" count="4" type="stmt"/>
          <line num="64" count="4" type="stmt"/>
          <line num="92" count="4" type="stmt"/>
          <line num="94" count="53" type="stmt"/>
          <line num="96" count="53" type="stmt"/>
          <line num="98" count="53" type="stmt"/>
          <line num="104" count="53" type="stmt"/>
          <line num="111" count="53" type="stmt"/>
          <line num="118" count="53" type="stmt"/>
          <line num="123" count="159" type="stmt"/>
          <line num="138" count="53" type="stmt"/>
          <line num="143" count="53" type="stmt"/>
          <line num="157" count="4" type="stmt"/>
          <line num="159" count="0" type="stmt"/>
          <line num="160" count="0" type="stmt"/>
          <line num="164" count="0" type="stmt"/>
        </file>
      </package>
      <package name="tests.unitTests.utilsTests.testData">
        <metrics statements="10" coveredstatements="10" conditionals="0" coveredconditionals="0" methods="1" coveredmethods="1"/>
        <file name="permissionChecker.seedTestData.js" path="/home/kenneth/Projects/foxiny/gateway/tests/unitTests/utilsTests/testData/permissionChecker.seedTestData.js">
          <metrics statements="10" coveredstatements="10" conditionals="0" coveredconditionals="0" methods="1" coveredmethods="1"/>
          <line num="7" count="1" type="stmt"/>
          <line num="21" count="1" type="stmt"/>
          <line num="46" count="1" type="stmt"/>
          <line num="87" count="1" type="stmt"/>
          <line num="89" count="10" type="stmt"/>
          <line num="90" count="10" type="stmt"/>
          <line num="92" count="10" type="stmt"/>
          <line num="94" count="10" type="stmt"/>
          <line num="100" count="10" type="stmt"/>
          <line num="106" count="10" type="stmt"/>
        </file>
      </package>
      <package name="tests.utils">
        <metrics statements="8" coveredstatements="7" conditionals="4" coveredconditionals="3" methods="4" coveredmethods="4"/>
        <file name="get-graphql-client.js" path="/home/kenneth/Projects/foxiny/gateway/tests/utils/get-graphql-client.js">
          <metrics statements="8" coveredstatements="7" conditionals="4" coveredconditionals="3" methods="4" coveredmethods="4"/>
          <line num="5" count="3" type="stmt"/>
          <line num="6" count="24" type="stmt"/>
          <line num="10" count="73" type="cond" truecount="2" falsecount="0"/>
          <line num="11" count="18" type="stmt"/>
          <line num="24" count="3" type="stmt"/>
          <line num="25" count="1" type="stmt"/>
          <line num="29" count="3" type="cond" truecount="1" falsecount="1"/>
          <line num="30" count="0" type="stmt"/>
        </file>
      </package>
    </metrics>
  </project>
</coverage>
