{"/home/kenneth/Projects/foxiny/gateway/locale/en/messages.js": {"path":"/home/kenneth/Projects/foxiny/gateway/locale/en/messages.js","statementMap":{"0":{"start":{"line":1,"column":20},"end":{"line":1,"column":1519}},"1":{"start":{"line":1,"column":82},"end":{"line":1,"column":102}},"2":{"start":{"line":1,"column":106},"end":{"line":1,"column":111}},"3":{"start":{"line":1,"column":115},"end":{"line":1,"column":130}},"4":{"start":{"line":1,"column":135},"end":{"line":1,"column":153}},"5":{"start":{"line":1,"column":159},"end":{"line":1,"column":177}},"6":{"start":{"line":1,"column":178},"end":{"line":1,"column":269}},"7":{"start":{"line":1,"column":185},"end":{"line":1,"column":269}},"8":{"start":{"line":1,"column":269},"end":{"line":1,"column":298}}},"fnMap":{"0":{"name":"(anonymous_0)","decl":{"start":{"line":1,"column":60},"end":{"line":1,"column":61}},"loc":{"start":{"line":1,"column":75},"end":{"line":1,"column":299}},"line":1}},"branchMap":{"0":{"loc":{"start":{"line":1,"column":135},"end":{"line":1,"column":153}},"type":"binary-expr","locations":[{"start":{"line":1,"column":135},"end":{"line":1,"column":137}},{"start":{"line":1,"column":139},"end":{"line":1,"column":153}}],"line":1},"1":{"loc":{"start":{"line":1,"column":159},"end":{"line":1,"column":177}},"type":"binary-expr","locations":[{"start":{"line":1,"column":159},"end":{"line":1,"column":161}},{"start":{"line":1,"column":163},"end":{"line":1,"column":177}}],"line":1},"2":{"loc":{"start":{"line":1,"column":178},"end":{"line":1,"column":269}},"type":"if","locations":[{"start":{"line":1,"column":178},"end":{"line":1,"column":269}},{"start":{"line":1,"column":178},"end":{"line":1,"column":269}}],"line":1},"3":{"loc":{"start":{"line":1,"column":192},"end":{"line":1,"column":268}},"type":"cond-expr","locations":[{"start":{"line":1,"column":209},"end":{"line":1,"column":214}},{"start":{"line":1,"column":215},"end":{"line":1,"column":268}}],"line":1},"4":{"loc":{"start":{"line":1,"column":192},"end":{"line":1,"column":208}},"type":"binary-expr","locations":[{"start":{"line":1,"column":192},"end":{"line":1,"column":198}},{"start":{"line":1,"column":200},"end":{"line":1,"column":208}}],"line":1},"5":{"loc":{"start":{"line":1,"column":215},"end":{"line":1,"column":268}},"type":"cond-expr","locations":[{"start":{"line":1,"column":232},"end":{"line":1,"column":237}},{"start":{"line":1,"column":238},"end":{"line":1,"column":268}}],"line":1},"6":{"loc":{"start":{"line":1,"column":215},"end":{"line":1,"column":231}},"type":"binary-expr","locations":[{"start":{"line":1,"column":215},"end":{"line":1,"column":221}},{"start":{"line":1,"column":223},"end":{"line":1,"column":231}}],"line":1},"7":{"loc":{"start":{"line":1,"column":238},"end":{"line":1,"column":268}},"type":"cond-expr","locations":[{"start":{"line":1,"column":255},"end":{"line":1,"column":260}},{"start":{"line":1,"column":261},"end":{"line":1,"column":268}}],"line":1},"8":{"loc":{"start":{"line":1,"column":238},"end":{"line":1,"column":254}},"type":"binary-expr","locations":[{"start":{"line":1,"column":238},"end":{"line":1,"column":244}},{"start":{"line":1,"column":246},"end":{"line":1,"column":254}}],"line":1},"9":{"loc":{"start":{"line":1,"column":276},"end":{"line":1,"column":298}},"type":"cond-expr","locations":[{"start":{"line":1,"column":285},"end":{"line":1,"column":290}},{"start":{"line":1,"column":291},"end":{"line":1,"column":298}}],"line":1},"10":{"loc":{"start":{"line":1,"column":276},"end":{"line":1,"column":284}},"type":"binary-expr","locations":[{"start":{"line":1,"column":276},"end":{"line":1,"column":280}},{"start":{"line":1,"column":282},"end":{"line":1,"column":284}}],"line":1}},"s":{"0":6,"1":0,"2":0,"3":0,"4":0,"5":0,"6":0,"7":0,"8":0},"f":{"0":0},"b":{"0":[0,0],"1":[0,0],"2":[0,0],"3":[0,0],"4":[0,0],"5":[0,0],"6":[0,0],"7":[0,0],"8":[0,0],"9":[0,0],"10":[0,0]},"_coverageSchema":"332fd63041d2c1bcb487cc26dd0d5f7d97098a6c","hash":"55386b5b3185504ea72f7d6ea81c0fbfface7d9d"}
,"/home/kenneth/Projects/foxiny/gateway/locale/vi/messages.js": {"path":"/home/kenneth/Projects/foxiny/gateway/locale/vi/messages.js","statementMap":{"0":{"start":{"line":1,"column":20},"end":{"line":1,"column":2054}},"1":{"start":{"line":1,"column":76},"end":{"line":1,"column":109}},"2":{"start":{"line":1,"column":83},"end":{"line":1,"column":109}},"3":{"start":{"line":1,"column":109},"end":{"line":1,"column":122}}},"fnMap":{"0":{"name":"(anonymous_0)","decl":{"start":{"line":1,"column":60},"end":{"line":1,"column":61}},"loc":{"start":{"line":1,"column":75},"end":{"line":1,"column":123}},"line":1}},"branchMap":{"0":{"loc":{"start":{"line":1,"column":76},"end":{"line":1,"column":109}},"type":"if","locations":[{"start":{"line":1,"column":76},"end":{"line":1,"column":109}},{"start":{"line":1,"column":76},"end":{"line":1,"column":109}}],"line":1},"1":{"loc":{"start":{"line":1,"column":90},"end":{"line":1,"column":108}},"type":"cond-expr","locations":[{"start":{"line":1,"column":95},"end":{"line":1,"column":100}},{"start":{"line":1,"column":101},"end":{"line":1,"column":108}}],"line":1}},"s":{"0":6,"1":0,"2":0,"3":0},"f":{"0":0},"b":{"0":[0,0],"1":[0,0]},"_coverageSchema":"332fd63041d2c1bcb487cc26dd0d5f7d97098a6c","hash":"33fda954da4761a54a4a51e2bbc75be74c6e75a1"}
,"/home/kenneth/Projects/foxiny/gateway/src/resolvers/index.js": {"path":"/home/kenneth/Projects/foxiny/gateway/src/resolvers/index.js","statementMap":{"0":{"start":{"line":34,"column":18},"end":{"line":56,"column":1}},"1":{"start":{"line":59,"column":29},"end":{"line":59,"column":67}},"2":{"start":{"line":60,"column":0},"end":{"line":60,"column":77}}},"fnMap":{},"branchMap":{},"s":{"0":5,"1":5,"2":5},"f":{},"b":{},"_coverageSchema":"332fd63041d2c1bcb487cc26dd0d5f7d97098a6c","hash":"0e08e34c6f35b23cffcae813a77246d638bb93da"}
,"/home/kenneth/Projects/foxiny/gateway/src/resolvers/Mutations/CatalogMutations.js": {"path":"/home/kenneth/Projects/foxiny/gateway/src/resolvers/Mutations/CatalogMutations.js","statementMap":{"0":{"start":{"line":6,"column":24},"end":{"line":57,"column":1}},"1":{"start":{"line":10,"column":20},"end":{"line":14,"column":6}},"2":{"start":{"line":15,"column":4},"end":{"line":18,"column":5}},"3":{"start":{"line":16,"column":20},"end":{"line":16,"column":49}},"4":{"start":{"line":17,"column":6},"end":{"line":17,"column":29}},"5":{"start":{"line":20,"column":4},"end":{"line":25,"column":6}},"6":{"start":{"line":29,"column":20},"end":{"line":33,"column":6}},"7":{"start":{"line":34,"column":4},"end":{"line":37,"column":5}},"8":{"start":{"line":35,"column":20},"end":{"line":35,"column":51}},"9":{"start":{"line":36,"column":6},"end":{"line":36,"column":29}},"10":{"start":{"line":39,"column":4},"end":{"line":43,"column":7}},"11":{"start":{"line":47,"column":20},"end":{"line":51,"column":6}},"12":{"start":{"line":52,"column":4},"end":{"line":55,"column":5}},"13":{"start":{"line":53,"column":20},"end":{"line":53,"column":51}},"14":{"start":{"line":54,"column":6},"end":{"line":54,"column":46}}},"fnMap":{"0":{"name":"(anonymous_0)","decl":{"start":{"line":7,"column":17},"end":{"line":7,"column":18}},"loc":{"start":{"line":7,"column":85},"end":{"line":26,"column":3}},"line":7},"1":{"name":"(anonymous_1)","decl":{"start":{"line":28,"column":17},"end":{"line":28,"column":18}},"loc":{"start":{"line":28,"column":85},"end":{"line":44,"column":3}},"line":28},"2":{"name":"(anonymous_2)","decl":{"start":{"line":46,"column":17},"end":{"line":46,"column":18}},"loc":{"start":{"line":46,"column":85},"end":{"line":56,"column":3}},"line":46}},"branchMap":{"0":{"loc":{"start":{"line":15,"column":4},"end":{"line":18,"column":5}},"type":"if","locations":[{"start":{"line":15,"column":4},"end":{"line":18,"column":5}},{"start":{"line":15,"column":4},"end":{"line":18,"column":5}}],"line":15},"1":{"loc":{"start":{"line":34,"column":4},"end":{"line":37,"column":5}},"type":"if","locations":[{"start":{"line":34,"column":4},"end":{"line":37,"column":5}},{"start":{"line":34,"column":4},"end":{"line":37,"column":5}}],"line":34},"2":{"loc":{"start":{"line":52,"column":4},"end":{"line":55,"column":5}},"type":"if","locations":[{"start":{"line":52,"column":4},"end":{"line":55,"column":5}},{"start":{"line":52,"column":4},"end":{"line":55,"column":5}}],"line":52}},"s":{"0":5,"1":0,"2":0,"3":0,"4":0,"5":0,"6":0,"7":0,"8":0,"9":0,"10":0,"11":0,"12":0,"13":0,"14":0},"f":{"0":0,"1":0,"2":0},"b":{"0":[0,0],"1":[0,0],"2":[0,0]},"_coverageSchema":"332fd63041d2c1bcb487cc26dd0d5f7d97098a6c","hash":"2c2113d27e7edeb9408c81b866e57b25fe2201e3"}
,"/home/kenneth/Projects/foxiny/gateway/src/resolvers/Mutations/ManufacturerMutations.js": {"path":"/home/kenneth/Projects/foxiny/gateway/src/resolvers/Mutations/ManufacturerMutations.js","statementMap":{"0":{"start":{"line":7,"column":24},"end":{"line":34,"column":1}}},"fnMap":{},"branchMap":{},"s":{"0":5},"f":{},"b":{},"_coverageSchema":"332fd63041d2c1bcb487cc26dd0d5f7d97098a6c","hash":"4540404f1a3a5c6a0ee789adb1a96385dbe9b641"}
,"/home/kenneth/Projects/foxiny/gateway/src/resolvers/Mutations/MediaMutations.js": {"path":"/home/kenneth/Projects/foxiny/gateway/src/resolvers/Mutations/MediaMutations.js","statementMap":{"0":{"start":{"line":19,"column":24},"end":{"line":326,"column":1}},"1":{"start":{"line":33,"column":17},"end":{"line":37,"column":5}},"2":{"start":{"line":39,"column":25},"end":{"line":39,"column":35}},"3":{"start":{"line":40,"column":4},"end":{"line":46,"column":5}},"4":{"start":{"line":41,"column":6},"end":{"line":41,"column":45}},"5":{"start":{"line":43,"column":6},"end":{"line":43,"column":66}},"6":{"start":{"line":44,"column":20},"end":{"line":44,"column":44}},"7":{"start":{"line":45,"column":6},"end":{"line":45,"column":29}},"8":{"start":{"line":48,"column":4},"end":{"line":48,"column":77}},"9":{"start":{"line":59,"column":17},"end":{"line":63,"column":5}},"10":{"start":{"line":65,"column":26},"end":{"line":73,"column":5}},"11":{"start":{"line":67,"column":25},"end":{"line":67,"column":35}},"12":{"start":{"line":68,"column":22},"end":{"line":70,"column":10}},"13":{"start":{"line":71,"column":8},"end":{"line":71,"column":21}},"14":{"start":{"line":75,"column":4},"end":{"line":75,"column":25}},"15":{"start":{"line":93,"column":17},"end":{"line":98,"column":5}},"16":{"start":{"line":100,"column":25},"end":{"line":100,"column":35}},"17":{"start":{"line":101,"column":4},"end":{"line":107,"column":5}},"18":{"start":{"line":102,"column":6},"end":{"line":102,"column":45}},"19":{"start":{"line":104,"column":6},"end":{"line":104,"column":66}},"20":{"start":{"line":105,"column":20},"end":{"line":105,"column":44}},"21":{"start":{"line":106,"column":6},"end":{"line":106,"column":18}},"22":{"start":{"line":110,"column":4},"end":{"line":113,"column":7}},"23":{"start":{"line":129,"column":17},"end":{"line":134,"column":5}},"24":{"start":{"line":136,"column":25},"end":{"line":136,"column":35}},"25":{"start":{"line":137,"column":4},"end":{"line":143,"column":5}},"26":{"start":{"line":138,"column":6},"end":{"line":138,"column":45}},"27":{"start":{"line":140,"column":6},"end":{"line":140,"column":66}},"28":{"start":{"line":141,"column":20},"end":{"line":141,"column":44}},"29":{"start":{"line":142,"column":6},"end":{"line":142,"column":29}},"30":{"start":{"line":146,"column":4},"end":{"line":149,"column":7}},"31":{"start":{"line":161,"column":17},"end":{"line":166,"column":5}},"32":{"start":{"line":169,"column":19},"end":{"line":189,"column":5}},"33":{"start":{"line":171,"column":25},"end":{"line":171,"column":35}},"34":{"start":{"line":174,"column":8},"end":{"line":180,"column":9}},"35":{"start":{"line":175,"column":10},"end":{"line":175,"column":45}},"36":{"start":{"line":177,"column":10},"end":{"line":177,"column":70}},"37":{"start":{"line":178,"column":24},"end":{"line":178,"column":48}},"38":{"start":{"line":179,"column":10},"end":{"line":179,"column":33}},"39":{"start":{"line":182,"column":22},"end":{"line":186,"column":10}},"40":{"start":{"line":187,"column":8},"end":{"line":187,"column":27}},"41":{"start":{"line":192,"column":28},"end":{"line":203,"column":6}},"42":{"start":{"line":198,"column":40},"end":{"line":200,"column":11}},"43":{"start":{"line":205,"column":4},"end":{"line":205,"column":18}},"44":{"start":{"line":217,"column":17},"end":{"line":222,"column":5}},"45":{"start":{"line":224,"column":4},"end":{"line":235,"column":7}},"46":{"start":{"line":230,"column":41},"end":{"line":232,"column":11}},"47":{"start":{"line":237,"column":4},"end":{"line":237,"column":19}},"48":{"start":{"line":249,"column":17},"end":{"line":254,"column":5}},"49":{"start":{"line":257,"column":19},"end":{"line":277,"column":5}},"50":{"start":{"line":259,"column":25},"end":{"line":259,"column":35}},"51":{"start":{"line":262,"column":8},"end":{"line":268,"column":9}},"52":{"start":{"line":263,"column":10},"end":{"line":263,"column":48}},"53":{"start":{"line":265,"column":10},"end":{"line":265,"column":70}},"54":{"start":{"line":266,"column":24},"end":{"line":266,"column":48}},"55":{"start":{"line":267,"column":10},"end":{"line":267,"column":33}},"56":{"start":{"line":270,"column":22},"end":{"line":274,"column":10}},"57":{"start":{"line":275,"column":8},"end":{"line":275,"column":21}},"58":{"start":{"line":280,"column":28},"end":{"line":291,"column":6}},"59":{"start":{"line":286,"column":40},"end":{"line":288,"column":11}},"60":{"start":{"line":292,"column":4},"end":{"line":292,"column":18}},"61":{"start":{"line":304,"column":17},"end":{"line":309,"column":5}},"62":{"start":{"line":311,"column":4},"end":{"line":322,"column":7}},"63":{"start":{"line":317,"column":41},"end":{"line":319,"column":11}},"64":{"start":{"line":324,"column":4},"end":{"line":324,"column":19}}},"fnMap":{"0":{"name":"(anonymous_0)","decl":{"start":{"line":24,"column":22},"end":{"line":24,"column":23}},"loc":{"start":{"line":31,"column":7},"end":{"line":49,"column":3}},"line":31},"1":{"name":"(anonymous_1)","decl":{"start":{"line":51,"column":23},"end":{"line":51,"column":24}},"loc":{"start":{"line":58,"column":7},"end":{"line":76,"column":3}},"line":58},"2":{"name":"(anonymous_2)","decl":{"start":{"line":66,"column":16},"end":{"line":66,"column":17}},"loc":{"start":{"line":66,"column":30},"end":{"line":72,"column":7}},"line":66},"3":{"name":"(anonymous_3)","decl":{"start":{"line":84,"column":23},"end":{"line":84,"column":24}},"loc":{"start":{"line":91,"column":7},"end":{"line":114,"column":3}},"line":91},"4":{"name":"(anonymous_4)","decl":{"start":{"line":120,"column":24},"end":{"line":120,"column":25}},"loc":{"start":{"line":127,"column":7},"end":{"line":150,"column":3}},"line":127},"5":{"name":"(anonymous_5)","decl":{"start":{"line":152,"column":31},"end":{"line":152,"column":32}},"loc":{"start":{"line":159,"column":7},"end":{"line":206,"column":3}},"line":159},"6":{"name":"(anonymous_6)","decl":{"start":{"line":170,"column":16},"end":{"line":170,"column":17}},"loc":{"start":{"line":170,"column":30},"end":{"line":188,"column":7}},"line":170},"7":{"name":"(anonymous_7)","decl":{"start":{"line":198,"column":30},"end":{"line":198,"column":31}},"loc":{"start":{"line":198,"column":40},"end":{"line":200,"column":11}},"line":198},"8":{"name":"(anonymous_8)","decl":{"start":{"line":208,"column":31},"end":{"line":208,"column":32}},"loc":{"start":{"line":215,"column":7},"end":{"line":238,"column":3}},"line":215},"9":{"name":"(anonymous_9)","decl":{"start":{"line":230,"column":34},"end":{"line":230,"column":35}},"loc":{"start":{"line":230,"column":41},"end":{"line":232,"column":11}},"line":230},"10":{"name":"(anonymous_10)","decl":{"start":{"line":240,"column":38},"end":{"line":240,"column":39}},"loc":{"start":{"line":247,"column":7},"end":{"line":293,"column":3}},"line":247},"11":{"name":"(anonymous_11)","decl":{"start":{"line":258,"column":16},"end":{"line":258,"column":17}},"loc":{"start":{"line":258,"column":30},"end":{"line":276,"column":7}},"line":258},"12":{"name":"(anonymous_12)","decl":{"start":{"line":286,"column":30},"end":{"line":286,"column":31}},"loc":{"start":{"line":286,"column":40},"end":{"line":288,"column":11}},"line":286},"13":{"name":"(anonymous_13)","decl":{"start":{"line":295,"column":38},"end":{"line":295,"column":39}},"loc":{"start":{"line":302,"column":7},"end":{"line":325,"column":3}},"line":302},"14":{"name":"(anonymous_14)","decl":{"start":{"line":317,"column":34},"end":{"line":317,"column":35}},"loc":{"start":{"line":317,"column":41},"end":{"line":319,"column":11}},"line":317}},"branchMap":{},"s":{"0":5,"1":0,"2":0,"3":0,"4":0,"5":0,"6":0,"7":0,"8":0,"9":0,"10":0,"11":0,"12":0,"13":0,"14":0,"15":0,"16":0,"17":0,"18":0,"19":0,"20":0,"21":0,"22":0,"23":0,"24":0,"25":0,"26":0,"27":0,"28":0,"29":0,"30":0,"31":0,"32":0,"33":0,"34":0,"35":0,"36":0,"37":0,"38":0,"39":0,"40":0,"41":0,"42":0,"43":0,"44":0,"45":0,"46":0,"47":0,"48":0,"49":0,"50":0,"51":0,"52":0,"53":0,"54":0,"55":0,"56":0,"57":0,"58":0,"59":0,"60":0,"61":0,"62":0,"63":0,"64":0},"f":{"0":0,"1":0,"2":0,"3":0,"4":0,"5":0,"6":0,"7":0,"8":0,"9":0,"10":0,"11":0,"12":0,"13":0,"14":0},"b":{},"_coverageSchema":"332fd63041d2c1bcb487cc26dd0d5f7d97098a6c","hash":"e8f6199fe3313f75a6015c1e66a829390944740a"}
,"/home/kenneth/Projects/foxiny/gateway/src/resolvers/Mutations/ProductMutations.js": {"path":"/home/kenneth/Projects/foxiny/gateway/src/resolvers/Mutations/ProductMutations.js","statementMap":{"0":{"start":{"line":23,"column":24},"end":{"line":445,"column":1}},"1":{"start":{"line":32,"column":4},"end":{"line":200,"column":5}},"2":{"start":{"line":34,"column":19},"end":{"line":39,"column":7}},"3":{"start":{"line":40,"column":27},"end":{"line":40,"column":47}},"4":{"start":{"line":43,"column":22},"end":{"line":43,"column":57}},"5":{"start":{"line":46,"column":19},"end":{"line":46,"column":65}},"6":{"start":{"line":48,"column":6},"end":{"line":79,"column":7}},"7":{"start":{"line":49,"column":8},"end":{"line":61,"column":9}},"8":{"start":{"line":50,"column":10},"end":{"line":60,"column":13}},"9":{"start":{"line":62,"column":8},"end":{"line":78,"column":11}},"10":{"start":{"line":69,"column":50},"end":{"line":69,"column":65}},"11":{"start":{"line":75,"column":50},"end":{"line":75,"column":65}},"12":{"start":{"line":83,"column":29},"end":{"line":83,"column":442}},"13":{"start":{"line":85,"column":34},"end":{"line":146,"column":7}},"14":{"start":{"line":89,"column":49},"end":{"line":89,"column":55}},"15":{"start":{"line":107,"column":51},"end":{"line":144,"column":11}},"16":{"start":{"line":118,"column":71},"end":{"line":120,"column":23}},"17":{"start":{"line":131,"column":53},"end":{"line":142,"column":15}},"18":{"start":{"line":149,"column":30},"end":{"line":152,"column":7}},"19":{"start":{"line":155,"column":6},"end":{"line":182,"column":9}},"20":{"start":{"line":179,"column":28},"end":{"line":179,"column":58}},"21":{"start":{"line":185,"column":30},"end":{"line":187,"column":7}},"22":{"start":{"line":189,"column":6},"end":{"line":189,"column":29}},"23":{"start":{"line":191,"column":6},"end":{"line":197,"column":8}},"24":{"start":{"line":198,"column":20},"end":{"line":198,"column":52}},"25":{"start":{"line":199,"column":6},"end":{"line":199,"column":29}},"26":{"start":{"line":214,"column":17},"end":{"line":219,"column":5}},"27":{"start":{"line":220,"column":25},"end":{"line":220,"column":45}},"28":{"start":{"line":223,"column":20},"end":{"line":223,"column":52}},"29":{"start":{"line":226,"column":17},"end":{"line":226,"column":54}},"30":{"start":{"line":228,"column":4},"end":{"line":261,"column":5}},"31":{"start":{"line":229,"column":6},"end":{"line":260,"column":7}},"32":{"start":{"line":230,"column":8},"end":{"line":242,"column":9}},"33":{"start":{"line":231,"column":10},"end":{"line":241,"column":13}},"34":{"start":{"line":243,"column":8},"end":{"line":259,"column":11}},"35":{"start":{"line":250,"column":50},"end":{"line":250,"column":65}},"36":{"start":{"line":256,"column":50},"end":{"line":256,"column":65}},"37":{"start":{"line":263,"column":25},"end":{"line":263,"column":347}},"38":{"start":{"line":266,"column":28},"end":{"line":392,"column":5}},"39":{"start":{"line":268,"column":30},"end":{"line":275,"column":9}},"40":{"start":{"line":276,"column":8},"end":{"line":287,"column":9}},"41":{"start":{"line":277,"column":10},"end":{"line":286,"column":13}},"42":{"start":{"line":283,"column":66},"end":{"line":283,"column":68}},"43":{"start":{"line":290,"column":31},"end":{"line":312,"column":10}},"44":{"start":{"line":295,"column":53},"end":{"line":308,"column":17}},"45":{"start":{"line":314,"column":8},"end":{"line":337,"column":9}},"46":{"start":{"line":315,"column":10},"end":{"line":336,"column":12}},"47":{"start":{"line":328,"column":71},"end":{"line":330,"column":23}},"48":{"start":{"line":339,"column":8},"end":{"line":343,"column":11}},"49":{"start":{"line":344,"column":8},"end":{"line":390,"column":10}},"50":{"start":{"line":354,"column":69},"end":{"line":356,"column":21}},"51":{"start":{"line":372,"column":59},"end":{"line":383,"column":21}},"52":{"start":{"line":394,"column":4},"end":{"line":394,"column":71}},"53":{"start":{"line":406,"column":17},"end":{"line":411,"column":5}},"54":{"start":{"line":412,"column":25},"end":{"line":412,"column":45}},"55":{"start":{"line":414,"column":20},"end":{"line":418,"column":6}},"56":{"start":{"line":420,"column":4},"end":{"line":423,"column":5}},"57":{"start":{"line":421,"column":20},"end":{"line":421,"column":48}},"58":{"start":{"line":422,"column":6},"end":{"line":422,"column":29}},"59":{"start":{"line":425,"column":25},"end":{"line":425,"column":347}},"60":{"start":{"line":427,"column":27},"end":{"line":437,"column":5}},"61":{"start":{"line":439,"column":28},"end":{"line":441,"column":12}},"62":{"start":{"line":443,"column":4},"end":{"line":443,"column":27}}},"fnMap":{"0":{"name":"(anonymous_0)","decl":{"start":{"line":24,"column":34},"end":{"line":24,"column":35}},"loc":{"start":{"line":31,"column":7},"end":{"line":201,"column":3}},"line":31},"1":{"name":"(anonymous_1)","decl":{"start":{"line":69,"column":40},"end":{"line":69,"column":41}},"loc":{"start":{"line":69,"column":50},"end":{"line":69,"column":65}},"line":69},"2":{"name":"(anonymous_2)","decl":{"start":{"line":75,"column":40},"end":{"line":75,"column":41}},"loc":{"start":{"line":75,"column":50},"end":{"line":75,"column":65}},"line":75},"3":{"name":"(anonymous_3)","decl":{"start":{"line":89,"column":42},"end":{"line":89,"column":43}},"loc":{"start":{"line":89,"column":49},"end":{"line":89,"column":55}},"line":89},"4":{"name":"(anonymous_4)","decl":{"start":{"line":107,"column":39},"end":{"line":107,"column":40}},"loc":{"start":{"line":107,"column":51},"end":{"line":144,"column":11}},"line":107},"5":{"name":"(anonymous_5)","decl":{"start":{"line":118,"column":59},"end":{"line":118,"column":60}},"loc":{"start":{"line":118,"column":71},"end":{"line":120,"column":23}},"line":118},"6":{"name":"(anonymous_6)","decl":{"start":{"line":131,"column":45},"end":{"line":131,"column":46}},"loc":{"start":{"line":131,"column":53},"end":{"line":142,"column":15}},"line":131},"7":{"name":"(anonymous_7)","decl":{"start":{"line":179,"column":17},"end":{"line":179,"column":18}},"loc":{"start":{"line":179,"column":28},"end":{"line":179,"column":58}},"line":179},"8":{"name":"(anonymous_8)","decl":{"start":{"line":205,"column":18},"end":{"line":205,"column":19}},"loc":{"start":{"line":212,"column":7},"end":{"line":395,"column":3}},"line":212},"9":{"name":"(anonymous_9)","decl":{"start":{"line":250,"column":40},"end":{"line":250,"column":41}},"loc":{"start":{"line":250,"column":50},"end":{"line":250,"column":65}},"line":250},"10":{"name":"(anonymous_10)","decl":{"start":{"line":256,"column":40},"end":{"line":256,"column":41}},"loc":{"start":{"line":256,"column":50},"end":{"line":256,"column":65}},"line":256},"11":{"name":"(anonymous_11)","decl":{"start":{"line":267,"column":18},"end":{"line":267,"column":19}},"loc":{"start":{"line":267,"column":35},"end":{"line":391,"column":7}},"line":267},"12":{"name":"(anonymous_12)","decl":{"start":{"line":283,"column":60},"end":{"line":283,"column":61}},"loc":{"start":{"line":283,"column":66},"end":{"line":283,"column":68}},"line":283},"13":{"name":"(anonymous_13)","decl":{"start":{"line":295,"column":44},"end":{"line":295,"column":45}},"loc":{"start":{"line":295,"column":53},"end":{"line":308,"column":17}},"line":295},"14":{"name":"(anonymous_14)","decl":{"start":{"line":328,"column":59},"end":{"line":328,"column":60}},"loc":{"start":{"line":328,"column":71},"end":{"line":330,"column":23}},"line":328},"15":{"name":"(anonymous_15)","decl":{"start":{"line":354,"column":57},"end":{"line":354,"column":58}},"loc":{"start":{"line":354,"column":69},"end":{"line":356,"column":21}},"line":354},"16":{"name":"(anonymous_16)","decl":{"start":{"line":372,"column":51},"end":{"line":372,"column":52}},"loc":{"start":{"line":372,"column":59},"end":{"line":383,"column":21}},"line":372},"17":{"name":"(anonymous_17)","decl":{"start":{"line":397,"column":23},"end":{"line":397,"column":24}},"loc":{"start":{"line":404,"column":7},"end":{"line":444,"column":3}},"line":404}},"branchMap":{"0":{"loc":{"start":{"line":116,"column":18},"end":{"line":122,"column":31}},"type":"cond-expr","locations":[{"start":{"line":117,"column":22},"end":{"line":121,"column":21}},{"start":{"line":122,"column":22},"end":{"line":122,"column":31}}],"line":116},"1":{"loc":{"start":{"line":116,"column":18},"end":{"line":116,"column":79}},"type":"binary-expr","locations":[{"start":{"line":116,"column":18},"end":{"line":116,"column":41}},{"start":{"line":116,"column":45},"end":{"line":116,"column":79}}],"line":116},"2":{"loc":{"start":{"line":228,"column":4},"end":{"line":261,"column":5}},"type":"if","locations":[{"start":{"line":228,"column":4},"end":{"line":261,"column":5}},{"start":{"line":228,"column":4},"end":{"line":261,"column":5}}],"line":228},"3":{"loc":{"start":{"line":228,"column":8},"end":{"line":228,"column":31}},"type":"binary-expr","locations":[{"start":{"line":228,"column":8},"end":{"line":228,"column":12}},{"start":{"line":228,"column":16},"end":{"line":228,"column":31}}],"line":228},"4":{"loc":{"start":{"line":276,"column":8},"end":{"line":287,"column":9}},"type":"if","locations":[{"start":{"line":276,"column":8},"end":{"line":287,"column":9}},{"start":{"line":276,"column":8},"end":{"line":287,"column":9}}],"line":276},"5":{"loc":{"start":{"line":293,"column":21},"end":{"line":310,"column":25}},"type":"cond-expr","locations":[{"start":{"line":294,"column":16},"end":{"line":309,"column":15}},{"start":{"line":310,"column":16},"end":{"line":310,"column":25}}],"line":293},"6":{"loc":{"start":{"line":314,"column":8},"end":{"line":337,"column":9}},"type":"if","locations":[{"start":{"line":314,"column":8},"end":{"line":337,"column":9}},{"start":{"line":314,"column":8},"end":{"line":337,"column":9}}],"line":314},"7":{"loc":{"start":{"line":314,"column":12},"end":{"line":314,"column":55}},"type":"binary-expr","locations":[{"start":{"line":314,"column":12},"end":{"line":314,"column":26}},{"start":{"line":314,"column":30},"end":{"line":314,"column":55}}],"line":314},"8":{"loc":{"start":{"line":326,"column":18},"end":{"line":332,"column":31}},"type":"cond-expr","locations":[{"start":{"line":327,"column":22},"end":{"line":331,"column":21}},{"start":{"line":332,"column":22},"end":{"line":332,"column":31}}],"line":326},"9":{"loc":{"start":{"line":326,"column":18},"end":{"line":326,"column":79}},"type":"binary-expr","locations":[{"start":{"line":326,"column":18},"end":{"line":326,"column":41}},{"start":{"line":326,"column":45},"end":{"line":326,"column":79}}],"line":326},"10":{"loc":{"start":{"line":352,"column":16},"end":{"line":358,"column":29}},"type":"cond-expr","locations":[{"start":{"line":353,"column":20},"end":{"line":357,"column":19}},{"start":{"line":358,"column":20},"end":{"line":358,"column":29}}],"line":352},"11":{"loc":{"start":{"line":352,"column":16},"end":{"line":352,"column":77}},"type":"binary-expr","locations":[{"start":{"line":352,"column":16},"end":{"line":352,"column":39}},{"start":{"line":352,"column":43},"end":{"line":352,"column":77}}],"line":352},"12":{"loc":{"start":{"line":420,"column":4},"end":{"line":423,"column":5}},"type":"if","locations":[{"start":{"line":420,"column":4},"end":{"line":423,"column":5}},{"start":{"line":420,"column":4},"end":{"line":423,"column":5}}],"line":420}},"s":{"0":5,"1":0,"2":0,"3":0,"4":0,"5":0,"6":0,"7":0,"8":0,"9":0,"10":0,"11":0,"12":0,"13":0,"14":0,"15":0,"16":0,"17":0,"18":0,"19":0,"20":0,"21":0,"22":0,"23":0,"24":0,"25":0,"26":0,"27":0,"28":0,"29":0,"30":0,"31":0,"32":0,"33":0,"34":0,"35":0,"36":0,"37":0,"38":0,"39":0,"40":0,"41":0,"42":0,"43":0,"44":0,"45":0,"46":0,"47":0,"48":0,"49":0,"50":0,"51":0,"52":0,"53":0,"54":0,"55":0,"56":0,"57":0,"58":0,"59":0,"60":0,"61":0,"62":0},"f":{"0":0,"1":0,"2":0,"3":0,"4":0,"5":0,"6":0,"7":0,"8":0,"9":0,"10":0,"11":0,"12":0,"13":0,"14":0,"15":0,"16":0,"17":0},"b":{"0":[0,0],"1":[0,0],"2":[0,0],"3":[0,0],"4":[0,0],"5":[0,0],"6":[0,0],"7":[0,0],"8":[0,0],"9":[0,0],"10":[0,0],"11":[0,0],"12":[0,0]},"_coverageSchema":"332fd63041d2c1bcb487cc26dd0d5f7d97098a6c","hash":"873809a5e57f9a26fcc2351689c1c4b58245bd54"}
,"/home/kenneth/Projects/foxiny/gateway/src/resolvers/Mutations/RetailerMutations.js": {"path":"/home/kenneth/Projects/foxiny/gateway/src/resolvers/Mutations/RetailerMutations.js","statementMap":{"0":{"start":{"line":19,"column":24},"end":{"line":465,"column":1}},"1":{"start":{"line":28,"column":4},"end":{"line":176,"column":5}},"2":{"start":{"line":30,"column":19},"end":{"line":34,"column":7}},"3":{"start":{"line":40,"column":6},"end":{"line":66,"column":7}},"4":{"start":{"line":42,"column":29},"end":{"line":47,"column":9}},"5":{"start":{"line":48,"column":8},"end":{"line":65,"column":9}},"6":{"start":{"line":49,"column":35},"end":{"line":49,"column":67}},"7":{"start":{"line":50,"column":10},"end":{"line":61,"column":11}},"8":{"start":{"line":51,"column":12},"end":{"line":53,"column":14}},"9":{"start":{"line":54,"column":12},"end":{"line":58,"column":14}},"10":{"start":{"line":59,"column":26},"end":{"line":59,"column":59}},"11":{"start":{"line":60,"column":12},"end":{"line":60,"column":35}},"12":{"start":{"line":63,"column":24},"end":{"line":63,"column":57}},"13":{"start":{"line":64,"column":10},"end":{"line":64,"column":33}},"14":{"start":{"line":68,"column":6},"end":{"line":93,"column":7}},"15":{"start":{"line":69,"column":29},"end":{"line":74,"column":9}},"16":{"start":{"line":75,"column":8},"end":{"line":92,"column":9}},"17":{"start":{"line":76,"column":35},"end":{"line":76,"column":67}},"18":{"start":{"line":77,"column":10},"end":{"line":88,"column":11}},"19":{"start":{"line":78,"column":12},"end":{"line":80,"column":14}},"20":{"start":{"line":81,"column":12},"end":{"line":85,"column":14}},"21":{"start":{"line":86,"column":26},"end":{"line":86,"column":59}},"22":{"start":{"line":87,"column":12},"end":{"line":87,"column":35}},"23":{"start":{"line":90,"column":24},"end":{"line":90,"column":57}},"24":{"start":{"line":91,"column":10},"end":{"line":91,"column":33}},"25":{"start":{"line":95,"column":27},"end":{"line":102,"column":7}},"26":{"start":{"line":105,"column":23},"end":{"line":107,"column":8}},"27":{"start":{"line":110,"column":6},"end":{"line":135,"column":9}},"28":{"start":{"line":138,"column":21},"end":{"line":163,"column":8}},"29":{"start":{"line":164,"column":6},"end":{"line":166,"column":9}},"30":{"start":{"line":168,"column":6},"end":{"line":171,"column":8}},"31":{"start":{"line":173,"column":6},"end":{"line":173,"column":61}},"32":{"start":{"line":174,"column":20},"end":{"line":174,"column":55}},"33":{"start":{"line":175,"column":6},"end":{"line":175,"column":29}},"34":{"start":{"line":187,"column":4},"end":{"line":408,"column":5}},"35":{"start":{"line":189,"column":19},"end":{"line":194,"column":7}},"36":{"start":{"line":196,"column":23},"end":{"line":203,"column":7}},"37":{"start":{"line":204,"column":6},"end":{"line":206,"column":7}},"38":{"start":{"line":205,"column":22},"end":{"line":205,"column":51}},"39":{"start":{"line":211,"column":6},"end":{"line":239,"column":7}},"40":{"start":{"line":212,"column":8},"end":{"line":238,"column":9}},"41":{"start":{"line":214,"column":31},"end":{"line":219,"column":11}},"42":{"start":{"line":220,"column":10},"end":{"line":237,"column":11}},"43":{"start":{"line":221,"column":37},"end":{"line":221,"column":69}},"44":{"start":{"line":222,"column":12},"end":{"line":233,"column":13}},"45":{"start":{"line":223,"column":14},"end":{"line":225,"column":16}},"46":{"start":{"line":226,"column":14},"end":{"line":230,"column":16}},"47":{"start":{"line":231,"column":28},"end":{"line":231,"column":61}},"48":{"start":{"line":232,"column":14},"end":{"line":232,"column":37}},"49":{"start":{"line":235,"column":26},"end":{"line":235,"column":59}},"50":{"start":{"line":236,"column":12},"end":{"line":236,"column":35}},"51":{"start":{"line":240,"column":6},"end":{"line":268,"column":7}},"52":{"start":{"line":242,"column":8},"end":{"line":267,"column":9}},"53":{"start":{"line":243,"column":31},"end":{"line":248,"column":11}},"54":{"start":{"line":249,"column":10},"end":{"line":266,"column":11}},"55":{"start":{"line":250,"column":37},"end":{"line":250,"column":69}},"56":{"start":{"line":251,"column":12},"end":{"line":262,"column":13}},"57":{"start":{"line":252,"column":14},"end":{"line":254,"column":16}},"58":{"start":{"line":255,"column":14},"end":{"line":259,"column":16}},"59":{"start":{"line":260,"column":28},"end":{"line":260,"column":61}},"60":{"start":{"line":261,"column":14},"end":{"line":261,"column":37}},"61":{"start":{"line":264,"column":26},"end":{"line":264,"column":59}},"62":{"start":{"line":265,"column":12},"end":{"line":265,"column":35}},"63":{"start":{"line":270,"column":25},"end":{"line":316,"column":7}},"64":{"start":{"line":298,"column":54},"end":{"line":300,"column":13}},"65":{"start":{"line":306,"column":57},"end":{"line":308,"column":13}},"66":{"start":{"line":319,"column":23},"end":{"line":319,"column":78}},"67":{"start":{"line":320,"column":30},"end":{"line":328,"column":7}},"68":{"start":{"line":331,"column":30},"end":{"line":354,"column":8}},"69":{"start":{"line":356,"column":6},"end":{"line":401,"column":7}},"70":{"start":{"line":357,"column":8},"end":{"line":373,"column":11}},"71":{"start":{"line":375,"column":8},"end":{"line":400,"column":11}},"72":{"start":{"line":403,"column":6},"end":{"line":403,"column":29}},"73":{"start":{"line":405,"column":6},"end":{"line":405,"column":59}},"74":{"start":{"line":406,"column":20},"end":{"line":406,"column":53}},"75":{"start":{"line":407,"column":6},"end":{"line":407,"column":29}},"76":{"start":{"line":422,"column":17},"end":{"line":426,"column":5}},"77":{"start":{"line":428,"column":4},"end":{"line":431,"column":5}},"78":{"start":{"line":429,"column":20},"end":{"line":429,"column":55}},"79":{"start":{"line":430,"column":6},"end":{"line":430,"column":29}},"80":{"start":{"line":433,"column":4},"end":{"line":436,"column":5}},"81":{"start":{"line":434,"column":20},"end":{"line":434,"column":44}},"82":{"start":{"line":435,"column":6},"end":{"line":435,"column":29}},"83":{"start":{"line":438,"column":29},"end":{"line":438,"column":61}},"84":{"start":{"line":440,"column":4},"end":{"line":449,"column":5}},"85":{"start":{"line":441,"column":6},"end":{"line":444,"column":7}},"86":{"start":{"line":442,"column":22},"end":{"line":442,"column":42}},"87":{"start":{"line":443,"column":8},"end":{"line":443,"column":31}},"88":{"start":{"line":445,"column":19},"end":{"line":445,"column":62}},"89":{"start":{"line":448,"column":6},"end":{"line":448,"column":18}},"90":{"start":{"line":451,"column":4},"end":{"line":461,"column":5}},"91":{"start":{"line":452,"column":6},"end":{"line":455,"column":7}},"92":{"start":{"line":453,"column":22},"end":{"line":453,"column":42}},"93":{"start":{"line":454,"column":8},"end":{"line":454,"column":31}},"94":{"start":{"line":456,"column":19},"end":{"line":456,"column":62}},"95":{"start":{"line":460,"column":6},"end":{"line":460,"column":18}},"96":{"start":{"line":463,"column":4},"end":{"line":463,"column":17}}},"fnMap":{"0":{"name":"(anonymous_0)","decl":{"start":{"line":20,"column":20},"end":{"line":20,"column":21}},"loc":{"start":{"line":27,"column":7},"end":{"line":177,"column":3}},"line":27},"1":{"name":"(anonymous_1)","decl":{"start":{"line":179,"column":18},"end":{"line":179,"column":19}},"loc":{"start":{"line":186,"column":7},"end":{"line":409,"column":3}},"line":186},"2":{"name":"(anonymous_2)","decl":{"start":{"line":298,"column":47},"end":{"line":298,"column":48}},"loc":{"start":{"line":298,"column":54},"end":{"line":300,"column":13}},"line":298},"3":{"name":"(anonymous_3)","decl":{"start":{"line":306,"column":50},"end":{"line":306,"column":51}},"loc":{"start":{"line":306,"column":57},"end":{"line":308,"column":13}},"line":306},"4":{"name":"(anonymous_4)","decl":{"start":{"line":413,"column":34},"end":{"line":413,"column":35}},"loc":{"start":{"line":420,"column":7},"end":{"line":464,"column":3}},"line":420}},"branchMap":{"0":{"loc":{"start":{"line":40,"column":6},"end":{"line":66,"column":7}},"type":"if","locations":[{"start":{"line":40,"column":6},"end":{"line":66,"column":7}},{"start":{"line":40,"column":6},"end":{"line":66,"column":7}}],"line":40},"1":{"loc":{"start":{"line":48,"column":8},"end":{"line":65,"column":9}},"type":"if","locations":[{"start":{"line":48,"column":8},"end":{"line":65,"column":9}},{"start":{"line":48,"column":8},"end":{"line":65,"column":9}}],"line":48},"2":{"loc":{"start":{"line":50,"column":10},"end":{"line":61,"column":11}},"type":"if","locations":[{"start":{"line":50,"column":10},"end":{"line":61,"column":11}},{"start":{"line":50,"column":10},"end":{"line":61,"column":11}}],"line":50},"3":{"loc":{"start":{"line":50,"column":15},"end":{"line":50,"column":29}},"type":"binary-expr","locations":[{"start":{"line":50,"column":15},"end":{"line":50,"column":20}},{"start":{"line":50,"column":24},"end":{"line":50,"column":29}}],"line":50},"4":{"loc":{"start":{"line":68,"column":6},"end":{"line":93,"column":7}},"type":"if","locations":[{"start":{"line":68,"column":6},"end":{"line":93,"column":7}},{"start":{"line":68,"column":6},"end":{"line":93,"column":7}}],"line":68},"5":{"loc":{"start":{"line":75,"column":8},"end":{"line":92,"column":9}},"type":"if","locations":[{"start":{"line":75,"column":8},"end":{"line":92,"column":9}},{"start":{"line":75,"column":8},"end":{"line":92,"column":9}}],"line":75},"6":{"loc":{"start":{"line":77,"column":10},"end":{"line":88,"column":11}},"type":"if","locations":[{"start":{"line":77,"column":10},"end":{"line":88,"column":11}},{"start":{"line":77,"column":10},"end":{"line":88,"column":11}}],"line":77},"7":{"loc":{"start":{"line":77,"column":15},"end":{"line":77,"column":29}},"type":"binary-expr","locations":[{"start":{"line":77,"column":15},"end":{"line":77,"column":20}},{"start":{"line":77,"column":24},"end":{"line":77,"column":29}}],"line":77},"8":{"loc":{"start":{"line":204,"column":6},"end":{"line":206,"column":7}},"type":"if","locations":[{"start":{"line":204,"column":6},"end":{"line":206,"column":7}},{"start":{"line":204,"column":6},"end":{"line":206,"column":7}}],"line":204},"9":{"loc":{"start":{"line":211,"column":6},"end":{"line":239,"column":7}},"type":"if","locations":[{"start":{"line":211,"column":6},"end":{"line":239,"column":7}},{"start":{"line":211,"column":6},"end":{"line":239,"column":7}}],"line":211},"10":{"loc":{"start":{"line":211,"column":10},"end":{"line":211,"column":77}},"type":"binary-expr","locations":[{"start":{"line":211,"column":10},"end":{"line":211,"column":28}},{"start":{"line":211,"column":32},"end":{"line":211,"column":77}}],"line":211},"11":{"loc":{"start":{"line":212,"column":8},"end":{"line":238,"column":9}},"type":"if","locations":[{"start":{"line":212,"column":8},"end":{"line":238,"column":9}},{"start":{"line":212,"column":8},"end":{"line":238,"column":9}}],"line":212},"12":{"loc":{"start":{"line":220,"column":10},"end":{"line":237,"column":11}},"type":"if","locations":[{"start":{"line":220,"column":10},"end":{"line":237,"column":11}},{"start":{"line":220,"column":10},"end":{"line":237,"column":11}}],"line":220},"13":{"loc":{"start":{"line":222,"column":12},"end":{"line":233,"column":13}},"type":"if","locations":[{"start":{"line":222,"column":12},"end":{"line":233,"column":13}},{"start":{"line":222,"column":12},"end":{"line":233,"column":13}}],"line":222},"14":{"loc":{"start":{"line":222,"column":17},"end":{"line":222,"column":31}},"type":"binary-expr","locations":[{"start":{"line":222,"column":17},"end":{"line":222,"column":22}},{"start":{"line":222,"column":26},"end":{"line":222,"column":31}}],"line":222},"15":{"loc":{"start":{"line":240,"column":6},"end":{"line":268,"column":7}},"type":"if","locations":[{"start":{"line":240,"column":6},"end":{"line":268,"column":7}},{"start":{"line":240,"column":6},"end":{"line":268,"column":7}}],"line":240},"16":{"loc":{"start":{"line":240,"column":10},"end":{"line":240,"column":77}},"type":"binary-expr","locations":[{"start":{"line":240,"column":10},"end":{"line":240,"column":28}},{"start":{"line":240,"column":32},"end":{"line":240,"column":77}}],"line":240},"17":{"loc":{"start":{"line":242,"column":8},"end":{"line":267,"column":9}},"type":"if","locations":[{"start":{"line":242,"column":8},"end":{"line":267,"column":9}},{"start":{"line":242,"column":8},"end":{"line":267,"column":9}}],"line":242},"18":{"loc":{"start":{"line":249,"column":10},"end":{"line":266,"column":11}},"type":"if","locations":[{"start":{"line":249,"column":10},"end":{"line":266,"column":11}},{"start":{"line":249,"column":10},"end":{"line":266,"column":11}}],"line":249},"19":{"loc":{"start":{"line":251,"column":12},"end":{"line":262,"column":13}},"type":"if","locations":[{"start":{"line":251,"column":12},"end":{"line":262,"column":13}},{"start":{"line":251,"column":12},"end":{"line":262,"column":13}}],"line":251},"20":{"loc":{"start":{"line":251,"column":17},"end":{"line":251,"column":31}},"type":"binary-expr","locations":[{"start":{"line":251,"column":17},"end":{"line":251,"column":22}},{"start":{"line":251,"column":26},"end":{"line":251,"column":31}}],"line":251},"21":{"loc":{"start":{"line":274,"column":25},"end":{"line":278,"column":21}},"type":"cond-expr","locations":[{"start":{"line":275,"column":12},"end":{"line":277,"column":11}},{"start":{"line":278,"column":12},"end":{"line":278,"column":21}}],"line":274},"22":{"loc":{"start":{"line":281,"column":23},"end":{"line":287,"column":21}},"type":"cond-expr","locations":[{"start":{"line":282,"column":12},"end":{"line":286,"column":11}},{"start":{"line":287,"column":12},"end":{"line":287,"column":21}}],"line":281},"23":{"loc":{"start":{"line":288,"column":24},"end":{"line":294,"column":21}},"type":"cond-expr","locations":[{"start":{"line":289,"column":12},"end":{"line":293,"column":11}},{"start":{"line":294,"column":12},"end":{"line":294,"column":21}}],"line":288},"24":{"loc":{"start":{"line":296,"column":28},"end":{"line":302,"column":21}},"type":"cond-expr","locations":[{"start":{"line":297,"column":12},"end":{"line":301,"column":11}},{"start":{"line":302,"column":12},"end":{"line":302,"column":21}}],"line":296},"25":{"loc":{"start":{"line":304,"column":31},"end":{"line":310,"column":21}},"type":"cond-expr","locations":[{"start":{"line":305,"column":12},"end":{"line":309,"column":11}},{"start":{"line":310,"column":12},"end":{"line":310,"column":21}}],"line":304},"26":{"loc":{"start":{"line":311,"column":23},"end":{"line":311,"column":54}},"type":"binary-expr","locations":[{"start":{"line":311,"column":23},"end":{"line":311,"column":41}},{"start":{"line":311,"column":45},"end":{"line":311,"column":54}}],"line":311},"27":{"loc":{"start":{"line":312,"column":21},"end":{"line":312,"column":50}},"type":"binary-expr","locations":[{"start":{"line":312,"column":21},"end":{"line":312,"column":37}},{"start":{"line":312,"column":41},"end":{"line":312,"column":50}}],"line":312},"28":{"loc":{"start":{"line":313,"column":18},"end":{"line":313,"column":44}},"type":"binary-expr","locations":[{"start":{"line":313,"column":18},"end":{"line":313,"column":31}},{"start":{"line":313,"column":35},"end":{"line":313,"column":44}}],"line":313},"29":{"loc":{"start":{"line":314,"column":20},"end":{"line":314,"column":48}},"type":"binary-expr","locations":[{"start":{"line":314,"column":20},"end":{"line":314,"column":35}},{"start":{"line":314,"column":39},"end":{"line":314,"column":48}}],"line":314},"30":{"loc":{"start":{"line":315,"column":19},"end":{"line":315,"column":46}},"type":"binary-expr","locations":[{"start":{"line":315,"column":19},"end":{"line":315,"column":33}},{"start":{"line":315,"column":37},"end":{"line":315,"column":46}}],"line":315},"31":{"loc":{"start":{"line":356,"column":6},"end":{"line":401,"column":7}},"type":"if","locations":[{"start":{"line":356,"column":6},"end":{"line":401,"column":7}},{"start":{"line":356,"column":6},"end":{"line":401,"column":7}}],"line":356},"32":{"loc":{"start":{"line":356,"column":10},"end":{"line":356,"column":55}},"type":"binary-expr","locations":[{"start":{"line":356,"column":10},"end":{"line":356,"column":25}},{"start":{"line":356,"column":29},"end":{"line":356,"column":55}}],"line":356},"33":{"loc":{"start":{"line":428,"column":4},"end":{"line":431,"column":5}},"type":"if","locations":[{"start":{"line":428,"column":4},"end":{"line":431,"column":5}},{"start":{"line":428,"column":4},"end":{"line":431,"column":5}}],"line":428},"34":{"loc":{"start":{"line":433,"column":4},"end":{"line":436,"column":5}},"type":"if","locations":[{"start":{"line":433,"column":4},"end":{"line":436,"column":5}},{"start":{"line":433,"column":4},"end":{"line":436,"column":5}}],"line":433},"35":{"loc":{"start":{"line":440,"column":4},"end":{"line":449,"column":5}},"type":"if","locations":[{"start":{"line":440,"column":4},"end":{"line":449,"column":5}},{"start":{"line":440,"column":4},"end":{"line":449,"column":5}}],"line":440},"36":{"loc":{"start":{"line":441,"column":6},"end":{"line":444,"column":7}},"type":"if","locations":[{"start":{"line":441,"column":6},"end":{"line":444,"column":7}},{"start":{"line":441,"column":6},"end":{"line":444,"column":7}}],"line":441},"37":{"loc":{"start":{"line":441,"column":10},"end":{"line":441,"column":38}},"type":"binary-expr","locations":[{"start":{"line":441,"column":10},"end":{"line":441,"column":14}},{"start":{"line":441,"column":18},"end":{"line":441,"column":38}}],"line":441},"38":{"loc":{"start":{"line":451,"column":4},"end":{"line":461,"column":5}},"type":"if","locations":[{"start":{"line":451,"column":4},"end":{"line":461,"column":5}},{"start":{"line":451,"column":4},"end":{"line":461,"column":5}}],"line":451},"39":{"loc":{"start":{"line":452,"column":6},"end":{"line":455,"column":7}},"type":"if","locations":[{"start":{"line":452,"column":6},"end":{"line":455,"column":7}},{"start":{"line":452,"column":6},"end":{"line":455,"column":7}}],"line":452},"40":{"loc":{"start":{"line":452,"column":10},"end":{"line":452,"column":38}},"type":"binary-expr","locations":[{"start":{"line":452,"column":10},"end":{"line":452,"column":14}},{"start":{"line":452,"column":18},"end":{"line":452,"column":38}}],"line":452}},"s":{"0":5,"1":0,"2":0,"3":0,"4":0,"5":0,"6":0,"7":0,"8":0,"9":0,"10":0,"11":0,"12":0,"13":0,"14":0,"15":0,"16":0,"17":0,"18":0,"19":0,"20":0,"21":0,"22":0,"23":0,"24":0,"25":0,"26":0,"27":0,"28":0,"29":0,"30":0,"31":0,"32":0,"33":0,"34":0,"35":0,"36":0,"37":0,"38":0,"39":0,"40":0,"41":0,"42":0,"43":0,"44":0,"45":0,"46":0,"47":0,"48":0,"49":0,"50":0,"51":0,"52":0,"53":0,"54":0,"55":0,"56":0,"57":0,"58":0,"59":0,"60":0,"61":0,"62":0,"63":0,"64":0,"65":0,"66":0,"67":0,"68":0,"69":0,"70":0,"71":0,"72":0,"73":0,"74":0,"75":0,"76":0,"77":0,"78":0,"79":0,"80":0,"81":0,"82":0,"83":0,"84":0,"85":0,"86":0,"87":0,"88":0,"89":0,"90":0,"91":0,"92":0,"93":0,"94":0,"95":0,"96":0},"f":{"0":0,"1":0,"2":0,"3":0,"4":0},"b":{"0":[0,0],"1":[0,0],"2":[0,0],"3":[0,0],"4":[0,0],"5":[0,0],"6":[0,0],"7":[0,0],"8":[0,0],"9":[0,0],"10":[0,0],"11":[0,0],"12":[0,0],"13":[0,0],"14":[0,0],"15":[0,0],"16":[0,0],"17":[0,0],"18":[0,0],"19":[0,0],"20":[0,0],"21":[0,0],"22":[0,0],"23":[0,0],"24":[0,0],"25":[0,0],"26":[0,0],"27":[0,0],"28":[0,0],"29":[0,0],"30":[0,0],"31":[0,0],"32":[0,0],"33":[0,0],"34":[0,0],"35":[0,0],"36":[0,0],"37":[0,0],"38":[0,0],"39":[0,0],"40":[0,0]},"_coverageSchema":"332fd63041d2c1bcb487cc26dd0d5f7d97098a6c","hash":"1c028ad65cc58453e2cf8cc1e7084901574b6cb6"}
,"/home/kenneth/Projects/foxiny/gateway/src/resolvers/Mutations/StaffMutations.js": {"path":"/home/kenneth/Projects/foxiny/gateway/src/resolvers/Mutations/StaffMutations.js","statementMap":{"0":{"start":{"line":11,"column":24},"end":{"line":444,"column":1}},"1":{"start":{"line":19,"column":17},"end":{"line":23,"column":5}},"2":{"start":{"line":25,"column":4},"end":{"line":25,"column":43}},"3":{"start":{"line":27,"column":4},"end":{"line":27,"column":48}},"4":{"start":{"line":29,"column":4},"end":{"line":36,"column":6}},"5":{"start":{"line":48,"column":17},"end":{"line":52,"column":5}},"6":{"start":{"line":55,"column":20},"end":{"line":55,"column":24}},"7":{"start":{"line":57,"column":21},"end":{"line":64,"column":5}},"8":{"start":{"line":66,"column":4},"end":{"line":69,"column":5}},"9":{"start":{"line":67,"column":20},"end":{"line":67,"column":58}},"10":{"start":{"line":68,"column":6},"end":{"line":68,"column":29}},"11":{"start":{"line":71,"column":4},"end":{"line":89,"column":6}},"12":{"start":{"line":101,"column":17},"end":{"line":105,"column":5}},"13":{"start":{"line":108,"column":20},"end":{"line":108,"column":24}},"14":{"start":{"line":110,"column":21},"end":{"line":117,"column":5}},"15":{"start":{"line":118,"column":4},"end":{"line":118,"column":40}},"16":{"start":{"line":119,"column":4},"end":{"line":122,"column":5}},"17":{"start":{"line":120,"column":20},"end":{"line":120,"column":58}},"18":{"start":{"line":121,"column":6},"end":{"line":121,"column":29}},"19":{"start":{"line":125,"column":4},"end":{"line":147,"column":7}},"20":{"start":{"line":149,"column":20},"end":{"line":156,"column":6}},"21":{"start":{"line":158,"column":4},"end":{"line":158,"column":25}},"22":{"start":{"line":170,"column":17},"end":{"line":174,"column":5}},"23":{"start":{"line":177,"column":20},"end":{"line":177,"column":24}},"24":{"start":{"line":179,"column":21},"end":{"line":186,"column":5}},"25":{"start":{"line":188,"column":4},"end":{"line":191,"column":5}},"26":{"start":{"line":189,"column":20},"end":{"line":189,"column":58}},"27":{"start":{"line":190,"column":6},"end":{"line":190,"column":29}},"28":{"start":{"line":194,"column":24},"end":{"line":211,"column":6}},"29":{"start":{"line":213,"column":20},"end":{"line":220,"column":6}},"30":{"start":{"line":221,"column":4},"end":{"line":221,"column":25}},"31":{"start":{"line":234,"column":17},"end":{"line":238,"column":5}},"32":{"start":{"line":242,"column":21},"end":{"line":246,"column":6}},"33":{"start":{"line":249,"column":4},"end":{"line":252,"column":5}},"34":{"start":{"line":250,"column":20},"end":{"line":250,"column":50}},"35":{"start":{"line":251,"column":6},"end":{"line":251,"column":29}},"36":{"start":{"line":254,"column":4},"end":{"line":258,"column":7}},"37":{"start":{"line":270,"column":17},"end":{"line":274,"column":5}},"38":{"start":{"line":277,"column":20},"end":{"line":277,"column":24}},"39":{"start":{"line":279,"column":21},"end":{"line":286,"column":5}},"40":{"start":{"line":288,"column":4},"end":{"line":291,"column":5}},"41":{"start":{"line":289,"column":20},"end":{"line":289,"column":58}},"42":{"start":{"line":290,"column":6},"end":{"line":290,"column":29}},"43":{"start":{"line":293,"column":4},"end":{"line":311,"column":6}},"44":{"start":{"line":323,"column":17},"end":{"line":327,"column":5}},"45":{"start":{"line":330,"column":20},"end":{"line":330,"column":24}},"46":{"start":{"line":332,"column":21},"end":{"line":339,"column":5}},"47":{"start":{"line":341,"column":4},"end":{"line":344,"column":5}},"48":{"start":{"line":342,"column":20},"end":{"line":342,"column":58}},"49":{"start":{"line":343,"column":6},"end":{"line":343,"column":29}},"50":{"start":{"line":347,"column":4},"end":{"line":369,"column":7}},"51":{"start":{"line":371,"column":20},"end":{"line":378,"column":6}},"52":{"start":{"line":379,"column":4},"end":{"line":379,"column":25}},"53":{"start":{"line":391,"column":17},"end":{"line":395,"column":5}},"54":{"start":{"line":398,"column":20},"end":{"line":398,"column":24}},"55":{"start":{"line":400,"column":21},"end":{"line":407,"column":5}},"56":{"start":{"line":409,"column":4},"end":{"line":412,"column":5}},"57":{"start":{"line":410,"column":20},"end":{"line":410,"column":58}},"58":{"start":{"line":411,"column":6},"end":{"line":411,"column":29}},"59":{"start":{"line":415,"column":24},"end":{"line":432,"column":6}},"60":{"start":{"line":434,"column":20},"end":{"line":441,"column":6}},"61":{"start":{"line":442,"column":4},"end":{"line":442,"column":25}}},"fnMap":{"0":{"name":"(anonymous_0)","decl":{"start":{"line":15,"column":14},"end":{"line":15,"column":15}},"loc":{"start":{"line":17,"column":12},"end":{"line":37,"column":3}},"line":17},"1":{"name":"(anonymous_1)","decl":{"start":{"line":39,"column":33},"end":{"line":39,"column":34}},"loc":{"start":{"line":46,"column":7},"end":{"line":90,"column":3}},"line":46},"2":{"name":"(anonymous_2)","decl":{"start":{"line":92,"column":19},"end":{"line":92,"column":20}},"loc":{"start":{"line":99,"column":7},"end":{"line":159,"column":3}},"line":99},"3":{"name":"(anonymous_3)","decl":{"start":{"line":161,"column":22},"end":{"line":161,"column":23}},"loc":{"start":{"line":168,"column":7},"end":{"line":222,"column":3}},"line":168},"4":{"name":"(anonymous_4)","decl":{"start":{"line":225,"column":18},"end":{"line":225,"column":19}},"loc":{"start":{"line":232,"column":7},"end":{"line":259,"column":3}},"line":232},"5":{"name":"(anonymous_5)","decl":{"start":{"line":261,"column":32},"end":{"line":261,"column":33}},"loc":{"start":{"line":268,"column":7},"end":{"line":312,"column":3}},"line":268},"6":{"name":"(anonymous_6)","decl":{"start":{"line":314,"column":19},"end":{"line":314,"column":20}},"loc":{"start":{"line":321,"column":7},"end":{"line":380,"column":3}},"line":321},"7":{"name":"(anonymous_7)","decl":{"start":{"line":382,"column":22},"end":{"line":382,"column":23}},"loc":{"start":{"line":389,"column":7},"end":{"line":443,"column":3}},"line":389}},"branchMap":{"0":{"loc":{"start":{"line":66,"column":4},"end":{"line":69,"column":5}},"type":"if","locations":[{"start":{"line":66,"column":4},"end":{"line":69,"column":5}},{"start":{"line":66,"column":4},"end":{"line":69,"column":5}}],"line":66},"1":{"loc":{"start":{"line":119,"column":4},"end":{"line":122,"column":5}},"type":"if","locations":[{"start":{"line":119,"column":4},"end":{"line":122,"column":5}},{"start":{"line":119,"column":4},"end":{"line":122,"column":5}}],"line":119},"2":{"loc":{"start":{"line":188,"column":4},"end":{"line":191,"column":5}},"type":"if","locations":[{"start":{"line":188,"column":4},"end":{"line":191,"column":5}},{"start":{"line":188,"column":4},"end":{"line":191,"column":5}}],"line":188},"3":{"loc":{"start":{"line":249,"column":4},"end":{"line":252,"column":5}},"type":"if","locations":[{"start":{"line":249,"column":4},"end":{"line":252,"column":5}},{"start":{"line":249,"column":4},"end":{"line":252,"column":5}}],"line":249},"4":{"loc":{"start":{"line":249,"column":8},"end":{"line":249,"column":46}},"type":"binary-expr","locations":[{"start":{"line":249,"column":8},"end":{"line":249,"column":17}},{"start":{"line":249,"column":21},"end":{"line":249,"column":46}}],"line":249},"5":{"loc":{"start":{"line":288,"column":4},"end":{"line":291,"column":5}},"type":"if","locations":[{"start":{"line":288,"column":4},"end":{"line":291,"column":5}},{"start":{"line":288,"column":4},"end":{"line":291,"column":5}}],"line":288},"6":{"loc":{"start":{"line":288,"column":8},"end":{"line":288,"column":55}},"type":"binary-expr","locations":[{"start":{"line":288,"column":8},"end":{"line":288,"column":17}},{"start":{"line":288,"column":21},"end":{"line":288,"column":55}}],"line":288},"7":{"loc":{"start":{"line":341,"column":4},"end":{"line":344,"column":5}},"type":"if","locations":[{"start":{"line":341,"column":4},"end":{"line":344,"column":5}},{"start":{"line":341,"column":4},"end":{"line":344,"column":5}}],"line":341},"8":{"loc":{"start":{"line":409,"column":4},"end":{"line":412,"column":5}},"type":"if","locations":[{"start":{"line":409,"column":4},"end":{"line":412,"column":5}},{"start":{"line":409,"column":4},"end":{"line":412,"column":5}}],"line":409}},"s":{"0":5,"1":0,"2":0,"3":0,"4":0,"5":0,"6":0,"7":0,"8":0,"9":0,"10":0,"11":0,"12":0,"13":0,"14":0,"15":0,"16":0,"17":0,"18":0,"19":0,"20":0,"21":0,"22":0,"23":0,"24":0,"25":0,"26":0,"27":0,"28":0,"29":0,"30":0,"31":0,"32":0,"33":0,"34":0,"35":0,"36":0,"37":0,"38":0,"39":0,"40":0,"41":0,"42":0,"43":0,"44":0,"45":0,"46":0,"47":0,"48":0,"49":0,"50":0,"51":0,"52":0,"53":0,"54":0,"55":0,"56":0,"57":0,"58":0,"59":0,"60":0,"61":0},"f":{"0":0,"1":0,"2":0,"3":0,"4":0,"5":0,"6":0,"7":0},"b":{"0":[0,0],"1":[0,0],"2":[0,0],"3":[0,0],"4":[0,0],"5":[0,0],"6":[0,0],"7":[0,0],"8":[0,0]},"_coverageSchema":"332fd63041d2c1bcb487cc26dd0d5f7d97098a6c","hash":"40142fc19bbc0250f4cdf1e48fae443e7727a364"}
,"/home/kenneth/Projects/foxiny/gateway/src/resolvers/Mutations/SystemMutations.js": {"path":"/home/kenneth/Projects/foxiny/gateway/src/resolvers/Mutations/SystemMutations.js","statementMap":{"0":{"start":{"line":7,"column":24},"end":{"line":13,"column":1}},"1":{"start":{"line":10,"column":17},"end":{"line":10,"column":75}}},"fnMap":{"0":{"name":"(anonymous_0)","decl":{"start":{"line":8,"column":14},"end":{"line":8,"column":15}},"loc":{"start":{"line":8,"column":78},"end":{"line":12,"column":3}},"line":8}},"branchMap":{},"s":{"0":5,"1":0},"f":{"0":0},"b":{},"_coverageSchema":"332fd63041d2c1bcb487cc26dd0d5f7d97098a6c","hash":"ffebefbe30c461833dc216291f381a3b7b3cd37a"}
,"/home/kenneth/Projects/foxiny/gateway/src/resolvers/Mutations/UserMutations.js": {"path":"/home/kenneth/Projects/foxiny/gateway/src/resolvers/Mutations/UserMutations.js","statementMap":{"0":{"start":{"line":38,"column":24},"end":{"line":727,"column":1}},"1":{"start":{"line":52,"column":4},"end":{"line":58,"column":5}},"2":{"start":{"line":53,"column":6},"end":{"line":53,"column":48}},"3":{"start":{"line":55,"column":6},"end":{"line":55,"column":61}},"4":{"start":{"line":56,"column":20},"end":{"line":56,"column":44}},"5":{"start":{"line":57,"column":6},"end":{"line":57,"column":29}},"6":{"start":{"line":60,"column":21},"end":{"line":60,"column":51}},"7":{"start":{"line":61,"column":17},"end":{"line":84,"column":5}},"8":{"start":{"line":87,"column":4},"end":{"line":90,"column":6}},"9":{"start":{"line":92,"column":17},"end":{"line":96,"column":5}},"10":{"start":{"line":99,"column":4},"end":{"line":101,"column":5}},"11":{"start":{"line":104,"column":4},"end":{"line":108,"column":5}},"12":{"start":{"line":110,"column":4},"end":{"line":110,"column":16}},"13":{"start":{"line":119,"column":4},"end":{"line":125,"column":5}},"14":{"start":{"line":120,"column":6},"end":{"line":120,"column":43}},"15":{"start":{"line":122,"column":6},"end":{"line":122,"column":61}},"16":{"start":{"line":123,"column":20},"end":{"line":123,"column":44}},"17":{"start":{"line":124,"column":6},"end":{"line":124,"column":29}},"18":{"start":{"line":127,"column":17},"end":{"line":133,"column":6}},"19":{"start":{"line":135,"column":4},"end":{"line":147,"column":5}},"20":{"start":{"line":136,"column":6},"end":{"line":144,"column":8}},"21":{"start":{"line":145,"column":20},"end":{"line":145,"column":53}},"22":{"start":{"line":146,"column":6},"end":{"line":146,"column":29}},"23":{"start":{"line":150,"column":20},"end":{"line":155,"column":5}},"24":{"start":{"line":156,"column":4},"end":{"line":156,"column":53}},"25":{"start":{"line":157,"column":4},"end":{"line":160,"column":5}},"26":{"start":{"line":158,"column":20},"end":{"line":158,"column":53}},"27":{"start":{"line":159,"column":6},"end":{"line":159,"column":29}},"28":{"start":{"line":163,"column":23},"end":{"line":163,"column":50}},"29":{"start":{"line":164,"column":4},"end":{"line":164,"column":30}},"30":{"start":{"line":166,"column":4},"end":{"line":171,"column":7}},"31":{"start":{"line":174,"column":4},"end":{"line":178,"column":6}},"32":{"start":{"line":180,"column":4},"end":{"line":180,"column":16}},"33":{"start":{"line":195,"column":4},"end":{"line":201,"column":5}},"34":{"start":{"line":196,"column":6},"end":{"line":196,"column":51}},"35":{"start":{"line":198,"column":6},"end":{"line":198,"column":61}},"36":{"start":{"line":199,"column":20},"end":{"line":199,"column":44}},"37":{"start":{"line":200,"column":6},"end":{"line":200,"column":29}},"38":{"start":{"line":204,"column":17},"end":{"line":208,"column":5}},"39":{"start":{"line":223,"column":23},"end":{"line":223,"column":25}},"40":{"start":{"line":224,"column":4},"end":{"line":247,"column":5}},"41":{"start":{"line":226,"column":6},"end":{"line":246,"column":7}},"42":{"start":{"line":227,"column":8},"end":{"line":230,"column":11}},"43":{"start":{"line":233,"column":25},"end":{"line":237,"column":10}},"44":{"start":{"line":240,"column":8},"end":{"line":240,"column":67}},"45":{"start":{"line":242,"column":8},"end":{"line":245,"column":11}},"46":{"start":{"line":250,"column":24},"end":{"line":272,"column":6}},"47":{"start":{"line":260,"column":42},"end":{"line":267,"column":11}},"48":{"start":{"line":275,"column":4},"end":{"line":281,"column":6}},"49":{"start":{"line":283,"column":4},"end":{"line":283,"column":23}},"50":{"start":{"line":302,"column":4},"end":{"line":308,"column":5}},"51":{"start":{"line":303,"column":6},"end":{"line":303,"column":54}},"52":{"start":{"line":305,"column":6},"end":{"line":305,"column":61}},"53":{"start":{"line":306,"column":20},"end":{"line":306,"column":44}},"54":{"start":{"line":307,"column":6},"end":{"line":307,"column":29}},"55":{"start":{"line":310,"column":17},"end":{"line":316,"column":6}},"56":{"start":{"line":318,"column":4},"end":{"line":321,"column":5}},"57":{"start":{"line":319,"column":20},"end":{"line":319,"column":60}},"58":{"start":{"line":320,"column":6},"end":{"line":320,"column":29}},"59":{"start":{"line":323,"column":4},"end":{"line":327,"column":6}},"60":{"start":{"line":329,"column":4},"end":{"line":335,"column":5}},"61":{"start":{"line":333,"column":20},"end":{"line":333,"column":54}},"62":{"start":{"line":334,"column":6},"end":{"line":334,"column":29}},"63":{"start":{"line":337,"column":17},"end":{"line":341,"column":5}},"64":{"start":{"line":345,"column":4},"end":{"line":358,"column":5}},"65":{"start":{"line":346,"column":6},"end":{"line":349,"column":7}},"66":{"start":{"line":348,"column":8},"end":{"line":348,"column":37}},"67":{"start":{"line":352,"column":6},"end":{"line":356,"column":7}},"68":{"start":{"line":355,"column":8},"end":{"line":355,"column":37}},"69":{"start":{"line":357,"column":6},"end":{"line":357,"column":18}},"70":{"start":{"line":361,"column":4},"end":{"line":364,"column":5}},"71":{"start":{"line":363,"column":6},"end":{"line":363,"column":35}},"72":{"start":{"line":367,"column":4},"end":{"line":371,"column":5}},"73":{"start":{"line":370,"column":6},"end":{"line":370,"column":35}},"74":{"start":{"line":373,"column":4},"end":{"line":373,"column":16}},"75":{"start":{"line":382,"column":17},"end":{"line":390,"column":5}},"76":{"start":{"line":392,"column":4},"end":{"line":395,"column":5}},"77":{"start":{"line":393,"column":20},"end":{"line":393,"column":46}},"78":{"start":{"line":394,"column":6},"end":{"line":394,"column":29}},"79":{"start":{"line":397,"column":4},"end":{"line":400,"column":5}},"80":{"start":{"line":398,"column":20},"end":{"line":398,"column":74}},"81":{"start":{"line":399,"column":6},"end":{"line":399,"column":29}},"82":{"start":{"line":402,"column":20},"end":{"line":402,"column":64}},"83":{"start":{"line":403,"column":4},"end":{"line":406,"column":5}},"84":{"start":{"line":404,"column":20},"end":{"line":404,"column":46}},"85":{"start":{"line":405,"column":6},"end":{"line":405,"column":29}},"86":{"start":{"line":410,"column":4},"end":{"line":410,"column":37}},"87":{"start":{"line":412,"column":4},"end":{"line":421,"column":6}},"88":{"start":{"line":428,"column":18},"end":{"line":428,"column":46}},"89":{"start":{"line":429,"column":19},"end":{"line":429,"column":67}},"90":{"start":{"line":431,"column":4},"end":{"line":435,"column":5}},"91":{"start":{"line":432,"column":6},"end":{"line":432,"column":44}},"92":{"start":{"line":434,"column":6},"end":{"line":434,"column":47}},"93":{"start":{"line":437,"column":4},"end":{"line":440,"column":6}},"94":{"start":{"line":456,"column":17},"end":{"line":460,"column":5}},"95":{"start":{"line":463,"column":4},"end":{"line":469,"column":5}},"96":{"start":{"line":464,"column":6},"end":{"line":464,"column":42}},"97":{"start":{"line":466,"column":6},"end":{"line":466,"column":61}},"98":{"start":{"line":467,"column":20},"end":{"line":467,"column":44}},"99":{"start":{"line":468,"column":6},"end":{"line":468,"column":29}},"100":{"start":{"line":473,"column":4},"end":{"line":473,"column":11}},"101":{"start":{"line":474,"column":4},"end":{"line":474,"column":28}},"102":{"start":{"line":475,"column":4},"end":{"line":475,"column":35}},"103":{"start":{"line":476,"column":4},"end":{"line":476,"column":25}},"104":{"start":{"line":477,"column":4},"end":{"line":477,"column":25}},"105":{"start":{"line":479,"column":4},"end":{"line":479,"column":24}},"106":{"start":{"line":481,"column":23},"end":{"line":481,"column":37}},"107":{"start":{"line":485,"column":4},"end":{"line":565,"column":5}},"108":{"start":{"line":486,"column":22},"end":{"line":486,"column":27}},"109":{"start":{"line":497,"column":6},"end":{"line":504,"column":7}},"110":{"start":{"line":498,"column":8},"end":{"line":498,"column":67}},"111":{"start":{"line":500,"column":8},"end":{"line":503,"column":9}},"112":{"start":{"line":501,"column":24},"end":{"line":501,"column":64}},"113":{"start":{"line":502,"column":10},"end":{"line":502,"column":33}},"114":{"start":{"line":507,"column":6},"end":{"line":515,"column":7}},"115":{"start":{"line":508,"column":21},"end":{"line":508,"column":64}},"116":{"start":{"line":511,"column":8},"end":{"line":511,"column":73}},"117":{"start":{"line":518,"column":6},"end":{"line":527,"column":7}},"118":{"start":{"line":519,"column":21},"end":{"line":519,"column":64}},"119":{"start":{"line":523,"column":8},"end":{"line":523,"column":73}},"120":{"start":{"line":530,"column":6},"end":{"line":538,"column":7}},"121":{"start":{"line":535,"column":8},"end":{"line":535,"column":53}},"122":{"start":{"line":543,"column":26},"end":{"line":551,"column":7}},"123":{"start":{"line":554,"column":6},"end":{"line":558,"column":8}},"124":{"start":{"line":560,"column":6},"end":{"line":560,"column":25}},"125":{"start":{"line":562,"column":6},"end":{"line":562,"column":46}},"126":{"start":{"line":563,"column":20},"end":{"line":563,"column":60}},"127":{"start":{"line":564,"column":6},"end":{"line":564,"column":29}},"128":{"start":{"line":608,"column":17},"end":{"line":622,"column":12}},"129":{"start":{"line":624,"column":4},"end":{"line":627,"column":5}},"130":{"start":{"line":625,"column":20},"end":{"line":625,"column":45}},"131":{"start":{"line":626,"column":6},"end":{"line":626,"column":29}},"132":{"start":{"line":629,"column":4},"end":{"line":632,"column":5}},"133":{"start":{"line":630,"column":20},"end":{"line":630,"column":74}},"134":{"start":{"line":631,"column":6},"end":{"line":631,"column":29}},"135":{"start":{"line":634,"column":4},"end":{"line":637,"column":5}},"136":{"start":{"line":635,"column":20},"end":{"line":635,"column":50}},"137":{"start":{"line":636,"column":6},"end":{"line":636,"column":29}},"138":{"start":{"line":640,"column":4},"end":{"line":640,"column":43}},"139":{"start":{"line":644,"column":4},"end":{"line":650,"column":6}},"140":{"start":{"line":646,"column":63},"end":{"line":649,"column":7}},"141":{"start":{"line":664,"column":17},"end":{"line":668,"column":5}},"142":{"start":{"line":670,"column":20},"end":{"line":670,"column":47}},"143":{"start":{"line":672,"column":4},"end":{"line":675,"column":5}},"144":{"start":{"line":673,"column":20},"end":{"line":673,"column":74}},"145":{"start":{"line":674,"column":6},"end":{"line":674,"column":29}},"146":{"start":{"line":676,"column":4},"end":{"line":679,"column":5}},"147":{"start":{"line":677,"column":20},"end":{"line":677,"column":50}},"148":{"start":{"line":678,"column":6},"end":{"line":678,"column":29}},"149":{"start":{"line":681,"column":39},"end":{"line":681,"column":46}},"150":{"start":{"line":683,"column":29},"end":{"line":692,"column":34}},"151":{"start":{"line":684,"column":40},"end":{"line":684,"column":83}},"152":{"start":{"line":687,"column":40},"end":{"line":687,"column":83}},"153":{"start":{"line":690,"column":40},"end":{"line":690,"column":83}},"154":{"start":{"line":698,"column":4},"end":{"line":723,"column":5}},"155":{"start":{"line":699,"column":25},"end":{"line":701,"column":7}},"156":{"start":{"line":704,"column":6},"end":{"line":704,"column":45}},"157":{"start":{"line":707,"column":26},"end":{"line":715,"column":7}},"158":{"start":{"line":718,"column":6},"end":{"line":720,"column":8}},"159":{"start":{"line":722,"column":6},"end":{"line":722,"column":18}},"160":{"start":{"line":724,"column":18},"end":{"line":724,"column":53}},"161":{"start":{"line":725,"column":4},"end":{"line":725,"column":27}}},"fnMap":{"0":{"name":"(anonymous_0)","decl":{"start":{"line":43,"column":14},"end":{"line":43,"column":15}},"loc":{"start":{"line":50,"column":7},"end":{"line":111,"column":3}},"line":50},"1":{"name":"(anonymous_1)","decl":{"start":{"line":117,"column":15},"end":{"line":117,"column":16}},"loc":{"start":{"line":117,"column":74},"end":{"line":181,"column":3}},"line":117},"2":{"name":"(anonymous_2)","decl":{"start":{"line":186,"column":22},"end":{"line":186,"column":23}},"loc":{"start":{"line":193,"column":7},"end":{"line":284,"column":3}},"line":193},"3":{"name":"(anonymous_3)","decl":{"start":{"line":260,"column":33},"end":{"line":260,"column":34}},"loc":{"start":{"line":260,"column":42},"end":{"line":267,"column":11}},"line":260},"4":{"name":"(anonymous_4)","decl":{"start":{"line":290,"column":22},"end":{"line":290,"column":23}},"loc":{"start":{"line":297,"column":7},"end":{"line":374,"column":3}},"line":297},"5":{"name":"(anonymous_5)","decl":{"start":{"line":379,"column":9},"end":{"line":379,"column":10}},"loc":{"start":{"line":381,"column":12},"end":{"line":422,"column":3}},"line":381},"6":{"name":"(anonymous_6)","decl":{"start":{"line":427,"column":10},"end":{"line":427,"column":11}},"loc":{"start":{"line":427,"column":63},"end":{"line":441,"column":3}},"line":427},"7":{"name":"(anonymous_7)","decl":{"start":{"line":447,"column":14},"end":{"line":447,"column":15}},"loc":{"start":{"line":454,"column":7},"end":{"line":566,"column":3}},"line":454},"8":{"name":"(anonymous_8)","decl":{"start":{"line":600,"column":19},"end":{"line":600,"column":20}},"loc":{"start":{"line":607,"column":7},"end":{"line":651,"column":3}},"line":607},"9":{"name":"(anonymous_9)","decl":{"start":{"line":646,"column":50},"end":{"line":646,"column":51}},"loc":{"start":{"line":646,"column":63},"end":{"line":649,"column":7}},"line":646},"10":{"name":"(anonymous_10)","decl":{"start":{"line":656,"column":17},"end":{"line":656,"column":18}},"loc":{"start":{"line":663,"column":7},"end":{"line":726,"column":3}},"line":663},"11":{"name":"(anonymous_11)","decl":{"start":{"line":684,"column":35},"end":{"line":684,"column":36}},"loc":{"start":{"line":684,"column":40},"end":{"line":684,"column":83}},"line":684},"12":{"name":"(anonymous_12)","decl":{"start":{"line":687,"column":35},"end":{"line":687,"column":36}},"loc":{"start":{"line":687,"column":40},"end":{"line":687,"column":83}},"line":687},"13":{"name":"(anonymous_13)","decl":{"start":{"line":690,"column":35},"end":{"line":690,"column":36}},"loc":{"start":{"line":690,"column":40},"end":{"line":690,"column":83}},"line":690}},"branchMap":{"0":{"loc":{"start":{"line":88,"column":45},"end":{"line":89,"column":20}},"type":"binary-expr","locations":[{"start":{"line":88,"column":45},"end":{"line":88,"column":58}},{"start":{"line":89,"column":11},"end":{"line":89,"column":20}}],"line":88},"1":{"loc":{"start":{"line":89,"column":26},"end":{"line":89,"column":52}},"type":"binary-expr","locations":[{"start":{"line":89,"column":26},"end":{"line":89,"column":39}},{"start":{"line":89,"column":43},"end":{"line":89,"column":52}}],"line":89},"2":{"loc":{"start":{"line":95,"column":6},"end":{"line":95,"column":36}},"type":"binary-expr","locations":[{"start":{"line":95,"column":6},"end":{"line":95,"column":19}},{"start":{"line":95,"column":23},"end":{"line":95,"column":36}}],"line":95},"3":{"loc":{"start":{"line":99,"column":4},"end":{"line":101,"column":5}},"type":"if","locations":[{"start":{"line":99,"column":4},"end":{"line":101,"column":5}},{"start":{"line":99,"column":4},"end":{"line":101,"column":5}}],"line":99},"4":{"loc":{"start":{"line":104,"column":4},"end":{"line":108,"column":5}},"type":"if","locations":[{"start":{"line":104,"column":4},"end":{"line":108,"column":5}},{"start":{"line":104,"column":4},"end":{"line":108,"column":5}}],"line":104},"5":{"loc":{"start":{"line":135,"column":4},"end":{"line":147,"column":5}},"type":"if","locations":[{"start":{"line":135,"column":4},"end":{"line":147,"column":5}},{"start":{"line":135,"column":4},"end":{"line":147,"column":5}}],"line":135},"6":{"loc":{"start":{"line":138,"column":10},"end":{"line":142,"column":29}},"type":"cond-expr","locations":[{"start":{"line":139,"column":14},"end":{"line":139,"column":28}},{"start":{"line":140,"column":14},"end":{"line":142,"column":29}}],"line":138},"7":{"loc":{"start":{"line":140,"column":14},"end":{"line":142,"column":29}},"type":"cond-expr","locations":[{"start":{"line":141,"column":16},"end":{"line":141,"column":29}},{"start":{"line":142,"column":16},"end":{"line":142,"column":29}}],"line":140},"8":{"loc":{"start":{"line":157,"column":4},"end":{"line":160,"column":5}},"type":"if","locations":[{"start":{"line":157,"column":4},"end":{"line":160,"column":5}},{"start":{"line":157,"column":4},"end":{"line":160,"column":5}}],"line":157},"9":{"loc":{"start":{"line":175,"column":40},"end":{"line":175,"column":69}},"type":"binary-expr","locations":[{"start":{"line":175,"column":40},"end":{"line":175,"column":56}},{"start":{"line":175,"column":60},"end":{"line":175,"column":69}}],"line":175},"10":{"loc":{"start":{"line":226,"column":6},"end":{"line":246,"column":7}},"type":"if","locations":[{"start":{"line":226,"column":6},"end":{"line":246,"column":7}},{"start":{"line":226,"column":6},"end":{"line":246,"column":7}}],"line":226},"11":{"loc":{"start":{"line":318,"column":4},"end":{"line":321,"column":5}},"type":"if","locations":[{"start":{"line":318,"column":4},"end":{"line":321,"column":5}},{"start":{"line":318,"column":4},"end":{"line":321,"column":5}}],"line":318},"12":{"loc":{"start":{"line":329,"column":4},"end":{"line":335,"column":5}},"type":"if","locations":[{"start":{"line":329,"column":4},"end":{"line":335,"column":5}},{"start":{"line":329,"column":4},"end":{"line":335,"column":5}}],"line":329},"13":{"loc":{"start":{"line":330,"column":6},"end":{"line":331,"column":71}},"type":"binary-expr","locations":[{"start":{"line":330,"column":6},"end":{"line":330,"column":18}},{"start":{"line":331,"column":10},"end":{"line":331,"column":38}},{"start":{"line":331,"column":42},"end":{"line":331,"column":70}}],"line":330},"14":{"loc":{"start":{"line":340,"column":6},"end":{"line":340,"column":64}},"type":"binary-expr","locations":[{"start":{"line":340,"column":6},"end":{"line":340,"column":19}},{"start":{"line":340,"column":23},"end":{"line":340,"column":36}},{"start":{"line":340,"column":40},"end":{"line":340,"column":50}},{"start":{"line":340,"column":54},"end":{"line":340,"column":64}}],"line":340},"15":{"loc":{"start":{"line":345,"column":4},"end":{"line":358,"column":5}},"type":"if","locations":[{"start":{"line":345,"column":4},"end":{"line":358,"column":5}},{"start":{"line":345,"column":4},"end":{"line":358,"column":5}}],"line":345},"16":{"loc":{"start":{"line":346,"column":6},"end":{"line":349,"column":7}},"type":"if","locations":[{"start":{"line":346,"column":6},"end":{"line":349,"column":7}},{"start":{"line":346,"column":6},"end":{"line":349,"column":7}}],"line":346},"17":{"loc":{"start":{"line":352,"column":6},"end":{"line":356,"column":7}},"type":"if","locations":[{"start":{"line":352,"column":6},"end":{"line":356,"column":7}},{"start":{"line":352,"column":6},"end":{"line":356,"column":7}}],"line":352},"18":{"loc":{"start":{"line":361,"column":4},"end":{"line":364,"column":5}},"type":"if","locations":[{"start":{"line":361,"column":4},"end":{"line":364,"column":5}},{"start":{"line":361,"column":4},"end":{"line":364,"column":5}}],"line":361},"19":{"loc":{"start":{"line":367,"column":4},"end":{"line":371,"column":5}},"type":"if","locations":[{"start":{"line":367,"column":4},"end":{"line":371,"column":5}},{"start":{"line":367,"column":4},"end":{"line":371,"column":5}}],"line":367},"20":{"loc":{"start":{"line":392,"column":4},"end":{"line":395,"column":5}},"type":"if","locations":[{"start":{"line":392,"column":4},"end":{"line":395,"column":5}},{"start":{"line":392,"column":4},"end":{"line":395,"column":5}}],"line":392},"21":{"loc":{"start":{"line":397,"column":4},"end":{"line":400,"column":5}},"type":"if","locations":[{"start":{"line":397,"column":4},"end":{"line":400,"column":5}},{"start":{"line":397,"column":4},"end":{"line":400,"column":5}}],"line":397},"22":{"loc":{"start":{"line":403,"column":4},"end":{"line":406,"column":5}},"type":"if","locations":[{"start":{"line":403,"column":4},"end":{"line":406,"column":5}},{"start":{"line":403,"column":4},"end":{"line":406,"column":5}}],"line":403},"23":{"loc":{"start":{"line":415,"column":8},"end":{"line":417,"column":47}},"type":"binary-expr","locations":[{"start":{"line":415,"column":8},"end":{"line":415,"column":23}},{"start":{"line":416,"column":11},"end":{"line":416,"column":36}},{"start":{"line":417,"column":11},"end":{"line":417,"column":47}}],"line":415},"24":{"loc":{"start":{"line":431,"column":4},"end":{"line":435,"column":5}},"type":"if","locations":[{"start":{"line":431,"column":4},"end":{"line":435,"column":5}},{"start":{"line":431,"column":4},"end":{"line":435,"column":5}}],"line":431},"25":{"loc":{"start":{"line":497,"column":6},"end":{"line":504,"column":7}},"type":"if","locations":[{"start":{"line":497,"column":6},"end":{"line":504,"column":7}},{"start":{"line":497,"column":6},"end":{"line":504,"column":7}}],"line":497},"26":{"loc":{"start":{"line":500,"column":8},"end":{"line":503,"column":9}},"type":"if","locations":[{"start":{"line":500,"column":8},"end":{"line":503,"column":9}},{"start":{"line":500,"column":8},"end":{"line":503,"column":9}}],"line":500},"27":{"loc":{"start":{"line":507,"column":6},"end":{"line":515,"column":7}},"type":"if","locations":[{"start":{"line":507,"column":6},"end":{"line":515,"column":7}},{"start":{"line":507,"column":6},"end":{"line":515,"column":7}}],"line":507},"28":{"loc":{"start":{"line":507,"column":10},"end":{"line":507,"column":48}},"type":"binary-expr","locations":[{"start":{"line":507,"column":10},"end":{"line":507,"column":35}},{"start":{"line":507,"column":39},"end":{"line":507,"column":48}}],"line":507},"29":{"loc":{"start":{"line":518,"column":6},"end":{"line":527,"column":7}},"type":"if","locations":[{"start":{"line":518,"column":6},"end":{"line":527,"column":7}},{"start":{"line":518,"column":6},"end":{"line":527,"column":7}}],"line":518},"30":{"loc":{"start":{"line":518,"column":10},"end":{"line":518,"column":48}},"type":"binary-expr","locations":[{"start":{"line":518,"column":10},"end":{"line":518,"column":35}},{"start":{"line":518,"column":39},"end":{"line":518,"colu
[...]
:{"name":"(anonymous_0)","decl":{"start":{"line":6,"column":32},"end":{"line":6,"column":33}},"loc":{"start":{"line":6,"column":50},"end":{"line":23,"column":1}},"line":6},"1":{"name":"(anonymous_1)","decl":{"start":{"line":25,"column":33},"end":{"line":25,"column":34}},"loc":{"start":{"line":25,"column":46},"end":{"line":34,"column":1}},"line":25},"2":{"name":"(anonymous_2)","decl":{"start":{"line":36,"column":24},"end":{"line":36,"column":25}},"loc":{"start":{"line":36,"column":35},"end":{"line":55,"column":1}},"line":36},"3":{"name":"(anonymous_3)","decl":{"start":{"line":51,"column":46},"end":{"line":51,"column":47}},"loc":{"start":{"line":51,"column":59},"end":{"line":51,"column":94}},"line":51},"4":{"name":"(anonymous_4)","decl":{"start":{"line":57,"column":38},"end":{"line":57,"column":39}},"loc":{"start":{"line":57,"column":46},"end":{"line":83,"column":1}},"line":57},"5":{"name":"(anonymous_5)","decl":{"start":{"line":80,"column":39},"end":{"line":80,"column":40}},"loc":{"start":{"line":80,"column":50},"end":{"line":80,"column":74}},"line":80},"6":{"name":"(anonymous_6)","decl":{"start":{"line":85,"column":38},"end":{"line":85,"column":39}},"loc":{"start":{"line":85,"column":49},"end":{"line":125,"column":1}},"line":85},"7":{"name":"(anonymous_7)","decl":{"start":{"line":121,"column":31},"end":{"line":121,"column":32}},"loc":{"start":{"line":121,"column":44},"end":{"line":121,"column":79}},"line":121},"8":{"name":"(anonymous_8)","decl":{"start":{"line":127,"column":35},"end":{"line":127,"column":36}},"loc":{"start":{"line":127,"column":43},"end":{"line":136,"column":1}},"line":127},"9":{"name":"(anonymous_9)","decl":{"start":{"line":133,"column":27},"end":{"line":133,"column":28}},"loc":{"start":{"line":133,"column":38},"end":{"line":133,"column":76}},"line":133},"10":{"name":"(anonymous_10)","decl":{"start":{"line":138,"column":27},"end":{"line":138,"column":28}},"loc":{"start":{"line":138,"column":43},"end":{"line":156,"column":1}},"line":138}},"branchMap":{"0":{"loc":{"start":{"line":6,"column":40},"end":{"line":6,"column":45}},"type":"default-arg","locations":[{"start":{"line":6,"column":44},"end":{"line":6,"column":45}}],"line":6},"1":{"loc":{"start":{"line":7,"column":2},"end":{"line":10,"column":3}},"type":"if","locations":[{"start":{"line":7,"column":2},"end":{"line":10,"column":3}},{"start":{"line":7,"column":2},"end":{"line":10,"column":3}}],"line":7},"2":{"loc":{"start":{"line":7,"column":6},"end":{"line":7,"column":54}},"type":"binary-expr","locations":[{"start":{"line":7,"column":6},"end":{"line":7,"column":30}},{"start":{"line":7,"column":34},"end":{"line":7,"column":54}}],"line":7},"3":{"loc":{"start":{"line":12,"column":2},"end":{"line":15,"column":3}},"type":"if","locations":[{"start":{"line":12,"column":2},"end":{"line":15,"column":3}},{"start":{"line":12,"column":2},"end":{"line":15,"column":3}}],"line":12},"4":{"loc":{"start":{"line":12,"column":6},"end":{"line":12,"column":62}},"type":"binary-expr","locations":[{"start":{"line":12,"column":6},"end":{"line":12,"column":34}},{"start":{"line":12,"column":38},"end":{"line":12,"column":62}}],"line":12},"5":{"loc":{"start":{"line":17,"column":2},"end":{"line":20,"column":3}},"type":"if","locations":[{"start":{"line":17,"column":2},"end":{"line":20,"column":3}},{"start":{"line":17,"column":2},"end":{"line":20,"column":3}}],"line":17},"6":{"loc":{"start":{"line":39,"column":2},"end":{"line":41,"column":3}},"type":"if","locations":[{"start":{"line":39,"column":2},"end":{"line":41,"column":3}},{"start":{"line":39,"column":2},"end":{"line":41,"column":3}}],"line":39},"7":{"loc":{"start":{"line":43,"column":2},"end":{"line":45,"column":3}},"type":"if","locations":[{"start":{"line":43,"column":2},"end":{"line":45,"column":3}},{"start":{"line":43,"column":2},"end":{"line":45,"column":3}}],"line":43},"8":{"loc":{"start":{"line":43,"column":6},"end":{"line":43,"column":60}},"type":"binary-expr","locations":[{"start":{"line":43,"column":6},"end":{"line":43,"column":25}},{"start":{"line":43,"column":29},"end":{"line":43,"column":60}}],"line":43},"9":{"loc":{"start":{"line":60,"column":2},"end":{"line":63,"column":3}},"type":"if","locations":[{"start":{"line":60,"column":2},"end":{"line":63,"column":3}},{"start":{"line":60,"column":2},"end":{"line":63,"column":3}}],"line":60},"10":{"loc":{"start":{"line":65,"column":2},"end":{"line":68,"column":3}},"type":"if","locations":[{"start":{"line":65,"column":2},"end":{"line":68,"column":3}},{"start":{"line":65,"column":2},"end":{"line":68,"column":3}}],"line":65},"11":{"loc":{"start":{"line":65,"column":6},"end":{"line":65,"column":54}},"type":"binary-expr","locations":[{"start":{"line":65,"column":6},"end":{"line":65,"column":22}},{"start":{"line":65,"column":26},"end":{"line":65,"column":54}}],"line":65},"12":{"loc":{"start":{"line":70,"column":2},"end":{"line":73,"column":3}},"type":"if","locations":[{"start":{"line":70,"column":2},"end":{"line":73,"column":3}},{"start":{"line":70,"column":2},"end":{"line":73,"column":3}}],"line":70},"13":{"loc":{"start":{"line":70,"column":6},"end":{"line":70,"column":50}},"type":"binary-expr","locations":[{"start":{"line":70,"column":6},"end":{"line":70,"column":20}},{"start":{"line":70,"column":24},"end":{"line":70,"column":50}}],"line":70},"14":{"loc":{"start":{"line":88,"column":2},"end":{"line":91,"column":3}},"type":"if","locations":[{"start":{"line":88,"column":2},"end":{"line":91,"column":3}},{"start":{"line":88,"column":2},"end":{"line":91,"column":3}}],"line":88},"15":{"loc":{"start":{"line":93,"column":2},"end":{"line":96,"column":3}},"type":"if","locations":[{"start":{"line":93,"column":2},"end":{"line":96,"column":3}},{"start":{"line":93,"column":2},"end":{"line":96,"column":3}}],"line":93},"16":{"loc":{"start":{"line":98,"column":2},"end":{"line":101,"column":3}},"type":"if","locations":[{"start":{"line":98,"column":2},"end":{"line":101,"column":3}},{"start":{"line":98,"column":2},"end":{"line":101,"column":3}}],"line":98},"17":{"loc":{"start":{"line":105,"column":24},"end":{"line":107,"column":15}},"type":"cond-expr","locations":[{"start":{"line":106,"column":6},"end":{"line":106,"column":56}},{"start":{"line":107,"column":6},"end":{"line":107,"column":15}}],"line":105},"18":{"loc":{"start":{"line":108,"column":22},"end":{"line":110,"column":15}},"type":"cond-expr","locations":[{"start":{"line":109,"column":6},"end":{"line":109,"column":48}},{"start":{"line":110,"column":6},"end":{"line":110,"column":15}}],"line":108},"19":{"loc":{"start":{"line":111,"column":22},"end":{"line":113,"column":15}},"type":"cond-expr","locations":[{"start":{"line":112,"column":6},"end":{"line":112,"column":48}},{"start":{"line":113,"column":6},"end":{"line":113,"column":15}}],"line":111},"20":{"loc":{"start":{"line":114,"column":26},"end":{"line":116,"column":15}},"type":"cond-expr","locations":[{"start":{"line":115,"column":6},"end":{"line":115,"column":52}},{"start":{"line":116,"column":6},"end":{"line":116,"column":15}}],"line":114},"21":{"loc":{"start":{"line":117,"column":31},"end":{"line":119,"column":17}},"type":"cond-expr","locations":[{"start":{"line":118,"column":8},"end":{"line":118,"column":31}},{"start":{"line":119,"column":8},"end":{"line":119,"column":17}}],"line":117},"22":{"loc":{"start":{"line":117,"column":31},"end":{"line":117,"column":92}},"type":"binary-expr","locations":[{"start":{"line":117,"column":31},"end":{"line":117,"column":54}},{"start":{"line":117,"column":58},"end":{"line":117,"column":92}}],"line":117},"23":{"loc":{"start":{"line":120,"column":26},"end":{"line":122,"column":17}},"type":"cond-expr","locations":[{"start":{"line":121,"column":8},"end":{"line":121,"column":80}},{"start":{"line":122,"column":8},"end":{"line":122,"column":17}}],"line":120},"24":{"loc":{"start":{"line":120,"column":26},"end":{"line":120,"column":77}},"type":"binary-expr","locations":[{"start":{"line":120,"column":26},"end":{"line":120,"column":44}},{"start":{"line":120,"column":48},"end":{"line":120,"column":77}}],"line":120},"25":{"loc":{"start":{"line":128,"column":2},"end":{"line":131,"column":3}},"type":"if","locations":[{"start":{"line":128,"column":2},"end":{"line":131,"column":3}},{"start":{"line":128,"column":2},"end":{"line":131,"column":3}}],"line":128},"26":{"loc":{"start":{"line":128,"column":6},"end":{"line":128,"column":32}},"type":"binary-expr","locations":[{"start":{"line":128,"column":6},"end":{"line":128,"column":11}},{"start":{"line":128,"column":15},"end":{"line":128,"column":32}}],"line":128},"27":{"loc":{"start":{"line":143,"column":2},"end":{"line":148,"column":3}},"type":"if","locations":[{"start":{"line":143,"column":2},"end":{"line":148,"column":3}},{"start":{"line":143,"column":2},"end":{"line":148,"column":3}}],"line":143},"28":{"loc":{"start":{"line":152,"column":2},"end":{"line":152,"column":68}},"type":"if","locations":[{"start":{"line":152,"column":2},"end":{"line":152,"column":68}},{"start":{"line":152,"column":2},"end":{"line":152,"column":68}}],"line":152}},"s":{"0":6,"1":52,"2":6,"3":6,"4":46,"5":4,"6":4,"7":42,"8":7,"9":7,"10":35,"11":6,"12":21,"13":21,"14":17,"15":14,"16":6,"17":18,"18":18,"19":0,"20":18,"21":3,"22":15,"23":13,"24":10,"25":8,"26":5,"27":9,"28":3,"29":3,"30":6,"31":15,"32":15,"33":0,"34":0,"35":15,"36":3,"37":3,"38":12,"39":2,"40":2,"41":10,"42":8,"43":6,"44":6,"45":4,"46":2,"47":3,"48":1,"49":6,"50":8,"51":8,"52":0,"53":0,"54":8,"55":2,"56":2,"57":6,"58":2,"59":2,"60":4,"61":4,"62":4,"63":4,"64":3,"65":3,"66":3,"67":3,"68":6,"69":3,"70":6,"71":2,"72":1,"73":1,"74":1,"75":2,"76":1,"77":6,"78":6,"79":6,"80":2,"81":2,"82":2,"83":4,"84":4,"85":1,"86":3,"87":3},"f":{"0":52,"1":21,"2":18,"3":9,"4":15,"5":3,"6":8,"7":6,"8":2,"9":2,"10":6},"b":{"0":[41],"1":[6,46],"2":[52,47],"3":[4,42],"4":[46,42],"5":[7,35],"6":[0,18],"7":[3,15],"8":[18,16],"9":[0,15],"10":[3,12],"11":[15,13],"12":[2,10],"13":[12,11],"14":[0,8],"15":[2,6],"16":[2,4],"17":[4,0],"18":[4,0],"19":[3,0],"20":[3,0],"21":[0,3],"22":[3,0],"23":[3,0],"24":[3,3],"25":[1,1],"26":[2,2],"27":[2,4],"28":[1,3]},"_coverageSchema":"332fd63041d2c1bcb487cc26dd0d5f7d97098a6c","hash":"005817c8726cd4e4e7b7221782ac816afddaaf28"}
,"/home/kenneth/Projects/foxiny/gateway/src/utils/retailerUtils/validation.js": {"path":"/home/kenneth/Projects/foxiny/gateway/src/utils/retailerUtils/validation.js","statementMap":{"0":{"start":{"line":6,"column":36},"end":{"line":15,"column":1}},"1":{"start":{"line":7,"column":18},"end":{"line":7,"column":20}},"2":{"start":{"line":9,"column":2},"end":{"line":9,"column":60}},"3":{"start":{"line":10,"column":2},"end":{"line":10,"column":60}},"4":{"start":{"line":11,"column":2},"end":{"line":11,"column":60}},"5":{"start":{"line":12,"column":2},"end":{"line":12,"column":71}},"6":{"start":{"line":14,"column":2},"end":{"line":14,"column":17}},"7":{"start":{"line":17,"column":36},"end":{"line":34,"column":1}},"8":{"start":{"line":18,"column":18},"end":{"line":18,"column":20}},"9":{"start":{"line":20,"column":2},"end":{"line":22,"column":16}},"10":{"start":{"line":23,"column":2},"end":{"line":25,"column":16}},"11":{"start":{"line":26,"column":2},"end":{"line":28,"column":16}},"12":{"start":{"line":29,"column":2},"end":{"line":31,"column":16}},"13":{"start":{"line":33,"column":2},"end":{"line":33,"column":17}}},"fnMap":{"0":{"name":"(anonymous_0)","decl":{"start":{"line":6,"column":36},"end":{"line":6,"column":37}},"loc":{"start":{"line":6,"column":44},"end":{"line":15,"column":1}},"line":6},"1":{"name":"(anonymous_1)","decl":{"start":{"line":17,"column":36},"end":{"line":17,"column":37}},"loc":{"start":{"line":17,"column":44},"end":{"line":34,"column":1}},"line":17}},"branchMap":{"0":{"loc":{"start":{"line":20,"column":25},"end":{"line":22,"column":15}},"type":"cond-expr","locations":[{"start":{"line":21,"column":6},"end":{"line":21,"column":40}},{"start":{"line":22,"column":6},"end":{"line":22,"column":15}}],"line":20},"1":{"loc":{"start":{"line":23,"column":26},"end":{"line":25,"column":15}},"type":"cond-expr","locations":[{"start":{"line":24,"column":6},"end":{"line":24,"column":39}},{"start":{"line":25,"column":6},"end":{"line":25,"column":15}}],"line":23},"2":{"loc":{"start":{"line":26,"column":26},"end":{"line":28,"column":15}},"type":"cond-expr","locations":[{"start":{"line":27,"column":6},"end":{"line":27,"column":39}},{"start":{"line":28,"column":6},"end":{"line":28,"column":15}}],"line":26},"3":{"loc":{"start":{"line":29,"column":28},"end":{"line":31,"column":15}},"type":"cond-expr","locations":[{"start":{"line":30,"column":6},"end":{"line":30,"column":48}},{"start":{"line":31,"column":6},"end":{"line":31,"column":15}}],"line":29}},"s":{"0":1,"1":12,"2":12,"3":9,"4":6,"5":4,"6":1,"7":1,"8":1,"9":1,"10":1,"11":1,"12":1,"13":1},"f":{"0":12,"1":1},"b":{"0":[1,0],"1":[1,0],"2":[1,0],"3":[1,0]},"_coverageSchema":"332fd63041d2c1bcb487cc26dd0d5f7d97098a6c","hash":"b20cd982d9a5e532c19e1964bfd1271c6756ddd9"}
,"/home/kenneth/Projects/foxiny/gateway/tests/unitTests/userTests/testData/operations.js": {"path":"/home/kenneth/Projects/foxiny/gateway/tests/unitTests/userTests/testData/operations.js","statementMap":{"0":{"start":{"line":18,"column":19},"end":{"line":29,"column":1}},"1":{"start":{"line":31,"column":17},"end":{"line":42,"column":1}},"2":{"start":{"line":44,"column":14},"end":{"line":51,"column":1}},"3":{"start":{"line":53,"column":15},"end":{"line":60,"column":1}},"4":{"start":{"line":62,"column":19},"end":{"line":73,"column":1}},"5":{"start":{"line":75,"column":20},"end":{"line":79,"column":1}},"6":{"start":{"line":81,"column":27},"end":{"line":85,"column":1}},"7":{"start":{"line":87,"column":19},"end":{"line":97,"column":1}},"8":{"start":{"line":99,"column":19},"end":{"line":105,"column":1}},"9":{"start":{"line":107,"column":24},"end":{"line":117,"column":1}},"10":{"start":{"line":119,"column":22},"end":{"line":123,"column":1}},"11":{"start":{"line":125,"column":27},"end":{"line":137,"column":1}},"12":{"start":{"line":139,"column":29},"end":{"line":146,"column":1}},"13":{"start":{"line":148,"column":19},"end":{"line":162,"column":1}}},"fnMap":{},"branchMap":{},"s":{"0":3,"1":3,"2":3,"3":3,"4":3,"5":3,"6":3,"7":3,"8":3,"9":3,"10":3,"11":3,"12":3,"13":3},"f":{},"b":{},"_coverageSchema":"332fd63041d2c1bcb487cc26dd0d5f7d97098a6c","hash":"50ca49055ed5f57857f55ecf9cf91b0d7cf61128"}
,"/home/kenneth/Projects/foxiny/gateway/tests/unitTests/userTests/testData/seed-test-data.js": {"path":"/home/kenneth/Projects/foxiny/gateway/tests/unitTests/userTests/testData/seed-test-data.js","statementMap":{"0":{"start":{"line":12,"column":20},"end":{"line":37,"column":1}},"1":{"start":{"line":38,"column":20},"end":{"line":63,"column":1}},"2":{"start":{"line":64,"column":22},"end":{"line":90,"column":1}},"3":{"start":{"line":92,"column":21},"end":{"line":148,"column":1}},"4":{"start":{"line":94,"column":2},"end":{"line":94,"column":42}},"5":{"start":{"line":96,"column":2},"end":{"line":96,"column":25}},"6":{"start":{"line":98,"column":20},"end":{"line":101,"column":3}},"7":{"start":{"line":104,"column":2},"end":{"line":109,"column":4}},"8":{"start":{"line":111,"column":2},"end":{"line":116,"column":4}},"9":{"start":{"line":118,"column":2},"end":{"line":135,"column":4}},"10":{"start":{"line":123,"column":43},"end":{"line":130,"column":11}},"11":{"start":{"line":138,"column":2},"end":{"line":142,"column":4}},"12":{"start":{"line":143,"column":2},"end":{"line":147,"column":4}},"13":{"start":{"line":157,"column":18},"end":{"line":169,"column":1}},"14":{"start":{"line":159,"column":2},"end":{"line":159,"column":25}},"15":{"start":{"line":160,"column":2},"end":{"line":163,"column":4}},"16":{"start":{"line":164,"column":2},"end":{"line":168,"column":4}}},"fnMap":{"0":{"name":"(anonymous_0)","decl":{"start":{"line":92,"column":21},"end":{"line":92,"column":22}},"loc":{"start":{"line":92,"column":33},"end":{"line":148,"column":1}},"line":92},"1":{"name":"(anonymous_1)","decl":{"start":{"line":123,"column":32},"end":{"line":123,"column":33}},"loc":{"start":{"line":123,"column":43},"end":{"line":130,"column":11}},"line":123},"2":{"name":"(anonymous_2)","decl":{"start":{"line":157,"column":18},"end":{"line":157,"column":19}},"loc":{"start":{"line":157,"column":30},"end":{"line":169,"column":1}},"line":157}},"branchMap":{},"s":{"0":4,"1":4,"2":4,"3":4,"4":53,"5":53,"6":53,"7":53,"8":53,"9":53,"10":159,"11":53,"12":53,"13":4,"14":0,"15":0,"16":0},"f":{"0":53,"1":159,"2":0},"b":{},"_coverageSchema":"332fd63041d2c1bcb487cc26dd0d5f7d97098a6c","hash":"ee0b3dca552d1bd0e371d0d0871ced6fa7e869b3"}
,"/home/kenneth/Projects/foxiny/gateway/tests/unitTests/utilsTests/testData/permissionChecker.seedTestData.js": {"path":"/home/kenneth/Projects/foxiny/gateway/tests/unitTests/utilsTests/testData/permissionChecker.seedTestData.js","statementMap":{"0":{"start":{"line":7,"column":18},"end":{"line":19,"column":1}},"1":{"start":{"line":21,"column":18},"end":{"line":44,"column":1}},"2":{"start":{"line":46,"column":18},"end":{"line":85,"column":1}},"3":{"start":{"line":87,"column":21},"end":{"line":112,"column":1}},"4":{"start":{"line":89,"column":2},"end":{"line":89,"column":42}},"5":{"start":{"line":90,"column":2},"end":{"line":90,"column":46}},"6":{"start":{"line":92,"column":2},"end":{"line":92,"column":25}},"7":{"start":{"line":94,"column":2},"end":{"line":99,"column":4}},"8":{"start":{"line":100,"column":2},"end":{"line":105,"column":4}},"9":{"start":{"line":106,"column":2},"end":{"line":111,"column":4}}},"fnMap":{"0":{"name":"(anonymous_0)","decl":{"start":{"line":87,"column":21},"end":{"line":87,"column":22}},"loc":{"start":{"line":87,"column":33},"end":{"line":112,"column":1}},"line":87}},"branchMap":{},"s":{"0":1,"1":1,"2":1,"3":1,"4":10,"5":10,"6":10,"7":10,"8":10,"9":10},"f":{"0":10},"b":{},"_coverageSchema":"332fd63041d2c1bcb487cc26dd0d5f7d97098a6c","hash":"31ca393551f2a4cb3db16f6e1b041b9fb9030787"}
,"/home/kenneth/Projects/foxiny/gateway/tests/utils/get-graphql-client.js": {"path":"/home/kenneth/Projects/foxiny/gateway/tests/utils/get-graphql-client.js","statementMap":{"0":{"start":{"line":5,"column":25},"end":{"line":21,"column":1}},"1":{"start":{"line":6,"column":2},"end":{"line":20,"column":5}},"2":{"start":{"line":10,"column":6},"end":{"line":18,"column":7}},"3":{"start":{"line":11,"column":8},"end":{"line":17,"column":11}},"4":{"start":{"line":24,"column":35},"end":{"line":40,"column":1}},"5":{"start":{"line":25,"column":2},"end":{"line":39,"column":5}},"6":{"start":{"line":29,"column":6},"end":{"line":37,"column":7}},"7":{"start":{"line":30,"column":8},"end":{"line":36,"column":11}}},"fnMap":{"0":{"name":"(anonymous_0)","decl":{"start":{"line":5,"column":25},"end":{"line":5,"column":26}},"loc":{"start":{"line":5,"column":34},"end":{"line":21,"column":1}},"line":5},"1":{"name":"(anonymous_1)","decl":{"start":{"line":8,"column":13},"end":{"line":8,"column":14}},"loc":{"start":{"line":8,"column":26},"end":{"line":19,"column":5}},"line":8},"2":{"name":"(anonymous_2)","decl":{"start":{"line":24,"column":35},"end":{"line":24,"column":36}},"loc":{"start":{"line":24,"column":51},"end":{"line":40,"column":1}},"line":24},"3":{"name":"(anonymous_3)","decl":{"start":{"line":27,"column":13},"end":{"line":27,"column":14}},"loc":{"start":{"line":27,"column":26},"end":{"line":38,"column":5}},"line":27}},"branchMap":{"0":{"loc":{"start":{"line":10,"column":6},"end":{"line":18,"column":7}},"type":"if","locations":[{"start":{"line":10,"column":6},"end":{"line":18,"column":7}},{"start":{"line":10,"column":6},"end":{"line":18,"column":7}}],"line":10},"1":{"loc":{"start":{"line":29,"column":6},"end":{"line":37,"column":7}},"type":"if","locations":[{"start":{"line":29,"column":6},"end":{"line":37,"column":7}},{"start":{"line":29,"column":6},"end":{"line":37,"column":7}}],"line":29}},"s":{"0":3,"1":24,"2":73,"3":18,"4":3,"5":1,"6":3,"7":0},"f":{"0":24,"1":73,"2":1,"3":3},"b":{"0":[18,55],"1":[0,3]},"_coverageSchema":"332fd63041d2c1bcb487cc26dd0d5f7d97098a6c","hash":"663a89d56b33b03ccee0685e0b8c1bd21de0a169"}
}
