TN:
SF:/home/kenneth/Projects/foxiny/gateway/locale/en/messages.js
FN:1,(anonymous_0)
FNF:1
FNH:0
FNDA:0,(anonymous_0)
DA:1,6
LF:1
LH:1
BRDA:1,0,0,0
BRDA:1,0,1,0
BRDA:1,1,0,0
BRDA:1,1,1,0
BRDA:1,2,0,0
BRDA:1,2,1,0
BRDA:1,3,0,0
BRDA:1,3,1,0
BRDA:1,4,0,0
BRDA:1,4,1,0
BRDA:1,5,0,0
BRDA:1,5,1,0
BRDA:1,6,0,0
BRDA:1,6,1,0
BRDA:1,7,0,0
BRDA:1,7,1,0
BRDA:1,8,0,0
BRDA:1,8,1,0
BRDA:1,9,0,0
BRDA:1,9,1,0
BRDA:1,10,0,0
BRDA:1,10,1,0
BRF:22
BRH:0
end_of_record
TN:
SF:/home/kenneth/Projects/foxiny/gateway/locale/vi/messages.js
FN:1,(anonymous_0)
FNF:1
FNH:0
FNDA:0,(anonymous_0)
DA:1,6
LF:1
LH:1
BRDA:1,0,0,0
BRDA:1,0,1,0
BRDA:1,1,0,0
BRDA:1,1,1,0
BRF:4
BRH:0
end_of_record
TN:
SF:/home/kenneth/Projects/foxiny/gateway/src/resolvers/index.js
FNF:0
FNH:0
DA:34,5
DA:59,5
DA:60,5
LF:3
LH:3
BRF:0
BRH:0
end_of_record
TN:
SF:/home/kenneth/Projects/foxiny/gateway/src/resolvers/Mutations/CatalogMutations.js
FN:7,(anonymous_0)
FN:28,(anonymous_1)
FN:46,(anonymous_2)
FNF:3
FNH:0
FNDA:0,(anonymous_0)
FNDA:0,(anonymous_1)
FNDA:0,(anonymous_2)
DA:6,5
DA:10,0
DA:15,0
DA:16,0
DA:17,0
DA:20,0
DA:29,0
DA:34,0
DA:35,0
DA:36,0
DA:39,0
DA:47,0
DA:52,0
DA:53,0
DA:54,0
LF:15
LH:1
BRDA:15,0,0,0
BRDA:15,0,1,0
BRDA:34,1,0,0
BRDA:34,1,1,0
BRDA:52,2,0,0
BRDA:52,2,1,0
BRF:6
BRH:0
end_of_record
TN:
SF:/home/kenneth/Projects/foxiny/gateway/src/resolvers/Mutations/ManufacturerMutations.js
FNF:0
FNH:0
DA:7,5
LF:1
LH:1
BRF:0
BRH:0
end_of_record
TN:
SF:/home/kenneth/Projects/foxiny/gateway/src/resolvers/Mutations/MediaMutations.js
FN:24,(anonymous_0)
FN:51,(anonymous_1)
FN:66,(anonymous_2)
FN:84,(anonymous_3)
FN:120,(anonymous_4)
FN:152,(anonymous_5)
FN:170,(anonymous_6)
FN:198,(anonymous_7)
FN:208,(anonymous_8)
FN:230,(anonymous_9)
FN:240,(anonymous_10)
FN:258,(anonymous_11)
FN:286,(anonymous_12)
FN:295,(anonymous_13)
FN:317,(anonymous_14)
FNF:15
FNH:0
FNDA:0,(anonymous_0)
FNDA:0,(anonymous_1)
FNDA:0,(anonymous_2)
FNDA:0,(anonymous_3)
FNDA:0,(anonymous_4)
FNDA:0,(anonymous_5)
FNDA:0,(anonymous_6)
FNDA:0,(anonymous_7)
FNDA:0,(anonymous_8)
FNDA:0,(anonymous_9)
FNDA:0,(anonymous_10)
FNDA:0,(anonymous_11)
FNDA:0,(anonymous_12)
FNDA:0,(anonymous_13)
FNDA:0,(anonymous_14)
DA:19,5
DA:33,0
DA:39,0
DA:40,0
DA:41,0
DA:43,0
DA:44,0
DA:45,0
DA:48,0
DA:59,0
DA:65,0
DA:67,0
DA:68,0
DA:71,0
DA:75,0
DA:93,0
DA:100,0
DA:101,0
DA:102,0
DA:104,0
DA:105,0
DA:106,0
DA:110,0
DA:129,0
DA:136,0
DA:137,0
DA:138,0
DA:140,0
DA:141,0
DA:142,0
DA:146,0
DA:161,0
DA:169,0
DA:171,0
DA:174,0
DA:175,0
DA:177,0
DA:178,0
DA:179,0
DA:182,0
DA:187,0
DA:192,0
DA:198,0
DA:205,0
DA:217,0
DA:224,0
DA:230,0
DA:237,0
DA:249,0
DA:257,0
DA:259,0
DA:262,0
DA:263,0
DA:265,0
DA:266,0
DA:267,0
DA:270,0
DA:275,0
DA:280,0
DA:286,0
DA:292,0
DA:304,0
DA:311,0
DA:317,0
DA:324,0
LF:65
LH:1
BRF:0
BRH:0
end_of_record
TN:
SF:/home/kenneth/Projects/foxiny/gateway/src/resolvers/Mutations/ProductMutations.js
FN:24,(anonymous_0)
FN:69,(anonymous_1)
FN:75,(anonymous_2)
FN:89,(anonymous_3)
FN:107,(anonymous_4)
FN:118,(anonymous_5)
FN:131,(anonymous_6)
FN:179,(anonymous_7)
FN:205,(anonymous_8)
FN:250,(anonymous_9)
FN:256,(anonymous_10)
FN:267,(anonymous_11)
FN:283,(anonymous_12)
FN:295,(anonymous_13)
FN:328,(anonymous_14)
FN:354,(anonymous_15)
FN:372,(anonymous_16)
FN:397,(anonymous_17)
FNF:18
FNH:0
FNDA:0,(anonymous_0)
FNDA:0,(anonymous_1)
FNDA:0,(anonymous_2)
FNDA:0,(anonymous_3)
FNDA:0,(anonymous_4)
FNDA:0,(anonymous_5)
FNDA:0,(anonymous_6)
FNDA:0,(anonymous_7)
FNDA:0,(anonymous_8)
FNDA:0,(anonymous_9)
FNDA:0,(anonymous_10)
FNDA:0,(anonymous_11)
FNDA:0,(anonymous_12)
FNDA:0,(anonymous_13)
FNDA:0,(anonymous_14)
FNDA:0,(anonymous_15)
FNDA:0,(anonymous_16)
FNDA:0,(anonymous_17)
DA:23,5
DA:32,0
DA:34,0
DA:40,0
DA:43,0
DA:46,0
DA:48,0
DA:49,0
DA:50,0
DA:62,0
DA:69,0
DA:75,0
DA:83,0
DA:85,0
DA:89,0
DA:107,0
DA:118,0
DA:131,0
DA:149,0
DA:155,0
DA:179,0
DA:185,0
DA:189,0
DA:191,0
DA:198,0
DA:199,0
DA:214,0
DA:220,0
DA:223,0
DA:226,0
DA:228,0
DA:229,0
DA:230,0
DA:231,0
DA:243,0
DA:250,0
DA:256,0
DA:263,0
DA:266,0
DA:268,0
DA:276,0
DA:277,0
DA:283,0
DA:290,0
DA:295,0
DA:314,0
DA:315,0
DA:328,0
DA:339,0
DA:344,0
DA:354,0
DA:372,0
DA:394,0
DA:406,0
DA:412,0
DA:414,0
DA:420,0
DA:421,0
DA:422,0
DA:425,0
DA:427,0
DA:439,0
DA:443,0
LF:63
LH:1
BRDA:116,0,0,0
BRDA:116,0,1,0
BRDA:116,1,0,0
BRDA:116,1,1,0
BRDA:228,2,0,0
BRDA:228,2,1,0
BRDA:228,3,0,0
BRDA:228,3,1,0
BRDA:276,4,0,0
BRDA:276,4,1,0
BRDA:293,5,0,0
BRDA:293,5,1,0
BRDA:314,6,0,0
BRDA:314,6,1,0
BRDA:314,7,0,0
BRDA:314,7,1,0
BRDA:326,8,0,0
BRDA:326,8,1,0
BRDA:326,9,0,0
BRDA:326,9,1,0
BRDA:352,10,0,0
BRDA:352,10,1,0
BRDA:352,11,0,0
BRDA:352,11,1,0
BRDA:420,12,0,0
BRDA:420,12,1,0
BRF:26
BRH:0
end_of_record
TN:
SF:/home/kenneth/Projects/foxiny/gateway/src/resolvers/Mutations/RetailerMutations.js
FN:20,(anonymous_0)
FN:179,(anonymous_1)
FN:298,(anonymous_2)
FN:306,(anonymous_3)
FN:413,(anonymous_4)
FNF:5
FNH:0
FNDA:0,(anonymous_0)
FNDA:0,(anonymous_1)
FNDA:0,(anonymous_2)
FNDA:0,(anonymous_3)
FNDA:0,(anonymous_4)
DA:19,5
DA:28,0
DA:30,0
DA:40,0
DA:42,0
DA:48,0
DA:49,0
DA:50,0
DA:51,0
DA:54,0
DA:59,0
DA:60,0
DA:63,0
DA:64,0
DA:68,0
DA:69,0
DA:75,0
DA:76,0
DA:77,0
DA:78,0
DA:81,0
DA:86,0
DA:87,0
DA:90,0
DA:91,0
DA:95,0
DA:105,0
DA:110,0
DA:138,0
DA:164,0
DA:168,0
DA:173,0
DA:174,0
DA:175,0
DA:187,0
DA:189,0
DA:196,0
DA:204,0
DA:205,0
DA:211,0
DA:212,0
DA:214,0
DA:220,0
DA:221,0
DA:222,0
DA:223,0
DA:226,0
DA:231,0
DA:232,0
DA:235,0
DA:236,0
DA:240,0
DA:242,0
DA:243,0
DA:249,0
DA:250,0
DA:251,0
DA:252,0
DA:255,0
DA:260,0
DA:261,0
DA:264,0
DA:265,0
DA:270,0
DA:298,0
DA:306,0
DA:319,0
DA:320,0
DA:331,0
DA:356,0
DA:357,0
DA:375,0
DA:403,0
DA:405,0
DA:406,0
DA:407,0
DA:422,0
DA:428,0
DA:429,0
DA:430,0
DA:433,0
DA:434,0
DA:435,0
DA:438,0
DA:440,0
DA:441,0
DA:442,0
DA:443,0
DA:445,0
DA:448,0
DA:451,0
DA:452,0
DA:453,0
DA:454,0
DA:456,0
DA:460,0
DA:463,0
LF:97
LH:1
BRDA:40,0,0,0
BRDA:40,0,1,0
BRDA:48,1,0,0
BRDA:48,1,1,0
BRDA:50,2,0,0
BRDA:50,2,1,0
BRDA:50,3,0,0
BRDA:50,3,1,0
BRDA:68,4,0,0
BRDA:68,4,1,0
BRDA:75,5,0,0
BRDA:75,5,1,0
BRDA:77,6,0,0
BRDA:77,6,1,0
BRDA:77,7,0,0
BRDA:77,7,1,0
BRDA:204,8,0,0
BRDA:204,8,1,0
BRDA:211,9,0,0
BRDA:211,9,1,0
BRDA:211,10,0,0
BRDA:211,10,1,0
BRDA:212,11,0,0
BRDA:212,11,1,0
BRDA:220,12,0,0
BRDA:220,12,1,0
BRDA:222,13,0,0
BRDA:222,13,1,0
BRDA:222,14,0,0
BRDA:222,14,1,0
BRDA:240,15,0,0
BRDA:240,15,1,0
BRDA:240,16,0,0
BRDA:240,16,1,0
BRDA:242,17,0,0
BRDA:242,17,1,0
BRDA:249,18,0,0
BRDA:249,18,1,0
BRDA:251,19,0,0
BRDA:251,19,1,0
BRDA:251,20,0,0
BRDA:251,20,1,0
BRDA:274,21,0,0
BRDA:274,21,1,0
BRDA:281,22,0,0
BRDA:281,22,1,0
BRDA:288,23,0,0
BRDA:288,23,1,0
BRDA:296,24,0,0
BRDA:296,24,1,0
BRDA:304,25,0,0
BRDA:304,25,1,0
BRDA:311,26,0,0
BRDA:311,26,1,0
BRDA:312,27,0,0
BRDA:312,27,1,0
BRDA:313,28,0,0
BRDA:313,28,1,0
BRDA:314,29,0,0
BRDA:314,29,1,0
BRDA:315,30,0,0
BRDA:315,30,1,0
BRDA:356,31,0,0
BRDA:356,31,1,0
BRDA:356,32,0,0
BRDA:356,32,1,0
BRDA:428,33,0,0
BRDA:428,33,1,0
BRDA:433,34,0,0
BRDA:433,34,1,0
BRDA:440,35,0,0
BRDA:440,35,1,0
BRDA:441,36,0,0
BRDA:441,36,1,0
BRDA:441,37,0,0
BRDA:441,37,1,0
BRDA:451,38,0,0
BRDA:451,38,1,0
BRDA:452,39,0,0
BRDA:452,39,1,0
BRDA:452,40,0,0
BRDA:452,40,1,0
BRF:82
BRH:0
end_of_record
TN:
SF:/home/kenneth/Projects/foxiny/gateway/src/resolvers/Mutations/StaffMutations.js
FN:15,(anonymous_0)
FN:39,(anonymous_1)
FN:92,(anonymous_2)
FN:161,(anonymous_3)
FN:225,(anonymous_4)
FN:261,(anonymous_5)
FN:314,(anonymous_6)
FN:382,(anonymous_7)
FNF:8
FNH:0
FNDA:0,(anonymous_0)
FNDA:0,(anonymous_1)
FNDA:0,(anonymous_2)
FNDA:0,(anonymous_3)
FNDA:0,(anonymous_4)
FNDA:0,(anonymous_5)
FNDA:0,(anonymous_6)
FNDA:0,(anonymous_7)
DA:11,5
DA:19,0
DA:25,0
DA:27,0
DA:29,0
DA:48,0
DA:55,0
DA:57,0
DA:66,0
DA:67,0
DA:68,0
DA:71,0
DA:101,0
DA:108,0
DA:110,0
DA:118,0
DA:119,0
DA:120,0
DA:121,0
DA:125,0
DA:149,0
DA:158,0
DA:170,0
DA:177,0
DA:179,0
DA:188,0
DA:189,0
DA:190,0
DA:194,0
DA:213,0
DA:221,0
DA:234,0
DA:242,0
DA:249,0
DA:250,0
DA:251,0
DA:254,0
DA:270,0
DA:277,0
DA:279,0
DA:288,0
DA:289,0
DA:290,0
DA:293,0
DA:323,0
DA:330,0
DA:332,0
DA:341,0
DA:342,0
DA:343,0
DA:347,0
DA:371,0
DA:379,0
DA:391,0
DA:398,0
DA:400,0
DA:409,0
DA:410,0
DA:411,0
DA:415,0
DA:434,0
DA:442,0
LF:62
LH:1
BRDA:66,0,0,0
BRDA:66,0,1,0
BRDA:119,1,0,0
BRDA:119,1,1,0
BRDA:188,2,0,0
BRDA:188,2,1,0
BRDA:249,3,0,0
BRDA:249,3,1,0
BRDA:249,4,0,0
BRDA:249,4,1,0
BRDA:288,5,0,0
BRDA:288,5,1,0
BRDA:288,6,0,0
BRDA:288,6,1,0
BRDA:341,7,0,0
BRDA:341,7,1,0
BRDA:409,8,0,0
BRDA:409,8,1,0
BRF:18
BRH:0
end_of_record
TN:
SF:/home/kenneth/Projects/foxiny/gateway/src/resolvers/Mutations/SystemMutations.js
FN:8,(anonymous_0)
FNF:1
FNH:0
FNDA:0,(anonymous_0)
DA:7,5
DA:10,0
LF:2
LH:1
BRF:0
BRH:0
end_of_record
TN:
SF:/home/kenneth/Projects/foxiny/gateway/src/resolvers/Mutations/UserMutations.js
FN:43,(anonymous_0)
FN:117,(anonymous_1)
FN:186,(anonymous_2)
FN:260,(anonymous_3)
FN:290,(anonymous_4)
FN:379,(anonymous_5)
FN:427,(anonymous_6)
FN:447,(anonymous_7)
FN:600,(anonymous_8)
FN:646,(anonymous_9)
FN:656,(anonymous_10)
FN:684,(anonymous_11)
FN:687,(anonymous_12)
FN:690,(anonymous_13)
FNF:14
FNH:0
FNDA:0,(anonymous_0)
FNDA:0,(anonymous_1)
FNDA:0,(anonymous_2)
FNDA:0,(anonymous_3)
FNDA:0,(anonymous_4)
FNDA:0,(anonymous_5)
FNDA:0,(anonymous_6)
FNDA:0,(anonymous_7)
FNDA:0,(anonymous_8)
FNDA:0,(anonymous_9)
FNDA:0,(anonymous_10)
FNDA:0,(anonymous_11)
FNDA:0,(anonymous_12)
FNDA:0,(anonymous_13)
DA:38,5
DA:52,0
DA:53,0
DA:55,0
DA:56,0
DA:57,0
DA:60,0
DA:61,0
DA:87,0
DA:92,0
DA:99,0
DA:104,0
DA:110,0
DA:119,0
DA:120,0
DA:122,0
DA:123,0
DA:124,0
DA:127,0
DA:135,0
DA:136,0
DA:145,0
DA:146,0
DA:150,0
DA:156,0
DA:157,0
DA:158,0
DA:159,0
DA:163,0
DA:164,0
DA:166,0
DA:174,0
DA:180,0
DA:195,0
DA:196,0
DA:198,0
DA:199,0
DA:200,0
DA:204,0
DA:223,0
DA:224,0
DA:226,0
DA:227,0
DA:233,0
DA:240,0
DA:242,0
DA:250,0
DA:260,0
DA:275,0
DA:283,0
DA:302,0
DA:303,0
DA:305,0
DA:306,0
DA:307,0
DA:310,0
DA:318,0
DA:319,0
DA:320,0
DA:323,0
DA:329,0
DA:333,0
DA:334,0
DA:337,0
DA:345,0
DA:346,0
DA:348,0
DA:352,0
DA:355,0
DA:357,0
DA:361,0
DA:363,0
DA:367,0
DA:370,0
DA:373,0
DA:382,0
DA:392,0
DA:393,0
DA:394,0
DA:397,0
DA:398,0
DA:399,0
DA:402,0
DA:403,0
DA:404,0
DA:405,0
DA:410,0
DA:412,0
DA:428,0
DA:429,0
DA:431,0
DA:432,0
DA:434,0
DA:437,0
DA:456,0
DA:463,0
DA:464,0
DA:466,0
DA:467,0
DA:468,0
DA:473,0
DA:474,0
DA:475,0
DA:476,0
DA:477,0
DA:479,0
DA:481,0
DA:485,0
DA:486,0
DA:497,0
DA:498,0
DA:500,0
DA:501,0
DA:502,0
DA:507,0
DA:508,0
DA:511,0
DA:518,0
DA:519,0
DA:523,0
DA:530,0
DA:535,0
DA:543,0
DA:554,0
DA:560,0
DA:562,0
DA:563,0
DA:564,0
DA:608,0
DA:624,0
DA:625,0
DA:626,0
DA:629,0
DA:630,0
DA:631,0
DA:634,0
DA:635,0
DA:636,0
DA:640,0
DA:644,0
DA:646,0
DA:664,0
DA:670,0
DA:672,0
DA:673,0
DA:674,0
DA:676,0
DA:677,0
DA:678,0
DA:681,0
DA:683,0
DA:684,0
DA:687,0
DA:690,0
DA:698,0
DA:699,0
DA:704,0
DA:707,0
DA:718,0
DA:722,0
DA:724,0
DA:725,0
LF:162
LH:1
BRDA:88,0,0,0
BRDA:88,0,1,0
BRDA:89,1,0,0
BRDA:89,1,1,0
BRDA:95,2,0,0
BRDA:95,2,1,0
BRDA:99,3,0,0
BRDA:99,3,1,0
BRDA:104,4,0,0
BRDA:104,4,1,0
BRDA:135,5,0,0
BRDA:135,5,1,0
BRDA:138,6,0,0
BRDA:138,6,1,0
BRDA:140,7,0,0
BRDA:140,7,1,0
BRDA:157,8,0,0
BRDA:157,8,1,0
BRDA:175,9,0,0
BRDA:175,9,1,0
BRDA:226,10,0,0
BRDA:226,10,1,0
BRDA:318,11,0,0
BRDA:318,11,1,0
BRDA:329,12,0,0
BRDA:329,12,1,0
BRDA:330,13,0,0
BRDA:330,13,1,0
BRDA:330,13,2,0
BRDA:340,14,0,0
BRDA:340,14,1,0
BRDA:340,14,2,0
BRDA:340,14,3,0
BRDA:345,15,0,0
BRDA:345,15,1,0
BRDA:346,16,0,0
BRDA:346,16,1,0
BRDA:352,17,0,0
BRDA:352,17,1,0
BRDA:361,18,0,0
BRDA:361,18,1,0
BRDA:367,19,0,0
BRDA:367,19,1,0
BRDA:392,20,0,0
BRDA:392,20,1,0
BRDA:397,21,0,0
BRDA:397,21,1,0
BRDA:403,22,0,0
BRDA:403,22,1,0
BRDA:415,23,0,0
BRDA:415,23,1,0
BRDA:415,23,2,0
BRDA:431,24,0,0
BRDA:431,24,1,0
BRDA:497,25,0,0
BRDA:497,25,1,0
BRDA:500,26,0,0
BRDA:500,26,1,0
BRDA:507,27,0,0
BRDA:507,27,1,0
BRDA:507,28,0,0
BRDA:507,28,1,0
BRDA:518,29,0,0
BRDA:518,29,1,0
BRDA:518,30,0,0
BRDA:518,30,1,0
BRDA:530,31,0,0
BRDA:530,31,1,0
BRDA:531,32,0,0
BRDA:531,32,1,0
BRDA:531,32,2,0
BRDA:555,33,0,0
BRDA:555,33,1,0
BRDA:556,34,0,0
BRDA:556,34,1,0
BRDA:556,35,0,0
BRDA:556,35,1,0
BRDA:557,36,0,0
BRDA:557,36,1,0
BRDA:624,37,0,0
BRDA:624,37,1,0
BRDA:629,38,0,0
BRDA:629,38,1,0
BRDA:634,39,0,0
BRDA:634,39,1,0
BRDA:672,40,0,0
BRDA:672,40,1,0
BRDA:676,41,0,0
BRDA:676,41,1,0
BRDA:683,42,0,0
BRDA:683,42,1,0
BRDA:683,42,2,0
BRDA:683,42,3,0
BRDA:698,43,0,0
BRDA:698,43,1,0
BRF:95
BRH:0
end_of_record
TN:
SF:/home/kenneth/Projects/foxiny/gateway/src/resolvers/Queries/CatalogQueries.js
FN:12,(anonymous_0)
FN:46,(anonymous_1)
FNF:2
FNH:0
FNDA:0,(anonymous_0)
FNDA:0,(anonymous_1)
DA:11,5
DA:13,0
DA:14,0
DA:16,0
DA:17,0
DA:35,0
DA:36,0
DA:41,0
DA:43,0
DA:47,0
DA:48,0
DA:50,0
DA:51,0
DA:69,0
DA:70,0
DA:76,0
DA:78,0
LF:17
LH:1
BRDA:16,0,0,0
BRDA:16,0,1,0
BRDA:50,1,0,0
BRDA:50,1,1,0
BRF:4
BRH:0
end_of_record
TN:
SF:/home/kenneth/Projects/foxiny/gateway/src/resolvers/Queries/ProductQueries.js
FN:8,(anonymous_0)
FN:94,(anonymous_1)
FNF:2
FNH:0
FNDA:0,(anonymous_0)
FNDA:0,(anonymous_1)
DA:7,5
DA:17,0
DA:23,0
DA:70,0
DA:82,0
DA:83,0
DA:88,0
DA:89,0
DA:91,0
DA:103,0
DA:109,0
DA:156,0
DA:187,0
DA:188,0
DA:190,0
LF:15
LH:1
BRDA:82,0,0,0
BRDA:82,0,1,0
BRDA:158,1,0,0
BRDA:158,1,1,0
BRDA:158,2,0,0
BRDA:158,2,1,0
BRDA:159,3,0,0
BRDA:159,3,1,0
BRDA:159,4,0,0
BRDA:159,4,1,0
BRDA:160,5,0,0
BRDA:160,5,1,0
BRDA:160,6,0,0
BRDA:160,6,1,0
BRDA:165,7,0,0
BRDA:165,7,1,0
BRDA:171,8,0,0
BRDA:171,8,1,0
BRDA:171,9,0,0
BRDA:171,9,1,0
BRDA:177,10,0,0
BRDA:177,10,1,0
BRF:22
BRH:0
end_of_record
TN:
SF:/home/kenneth/Projects/foxiny/gateway/src/resolvers/Queries/RetailerQueries.js
FN:9,(anonymous_0)
FN:21,(anonymous_1)
FNF:2
FNH:0
FNDA:0,(anonymous_0)
FNDA:0,(anonymous_1)
DA:8,5
DA:10,0
DA:12,0
DA:13,0
DA:18,0
DA:29,0
DA:31,0
DA:45,0
DA:46,0
DA:51,0
LF:10
LH:1
BRDA:12,0,0,0
BRDA:12,0,1,0
BRDA:45,1,0,0
BRDA:45,1,1,0
BRF:4
BRH:0
end_of_record
TN:
SF:/home/kenneth/Projects/foxiny/gateway/src/resolvers/Queries/StaffQueries.js
FN:10,(anonymous_0)
FN:62,(anonymous_1)
FN:97,(anonymous_2)
FN:131,(anonymous_3)
FN:165,(anonymous_4)
FN:246,(anonymous_5)
FNF:6
FNH:0
FNDA:0,(anonymous_0)
FNDA:0,(anonymous_1)
FNDA:0,(anonymous_2)
FNDA:0,(anonymous_3)
FNDA:0,(anonymous_4)
FNDA:0,(anonymous_5)
DA:9,5
DA:19,0
DA:27,0
DA:42,0
DA:43,0
DA:44,0
DA:46,0
DA:47,0
DA:53,0
DA:54,0
DA:60,0
DA:61,0
DA:62,0
DA:67,0
DA:68,0
DA:74,0
DA:75,0
DA:81,0
DA:82,0
DA:90,0
DA:91,0
DA:94,0
DA:106,0
DA:114,0
DA:127,0
DA:140,0
DA:148,0
DA:162,0
DA:174,0
DA:182,0
DA:197,0
DA:198,0
DA:199,0
DA:201,0
DA:202,0
DA:208,0
DA:209,0
DA:215,0
DA:216,0
DA:222,0
DA:223,0
DA:229,0
DA:230,0
DA:238,0
DA:239,0
DA:242,0
DA:253,0
DA:261,0
DA:275,0
LF:49
LH:1
BRDA:29,0,0,0
BRDA:29,0,1,0
BRDA:29,1,0,0
BRDA:29,1,1,0
BRDA:30,2,0,0
BRDA:30,2,1,0
BRDA:30,3,0,0
BRDA:30,3,1,0
BRDA:43,4,0,0
BRDA:43,4,1,0
BRDA:43,5,0,0
BRDA:43,5,1,0
BRDA:46,6,0,0
BRDA:46,6,1,0
BRDA:46,7,0,0
BRDA:46,7,1,0
BRDA:53,8,0,0
BRDA:53,8,1,0
BRDA:53,9,0,0
BRDA:53,9,1,0
BRDA:60,10,0,0
BRDA:60,10,1,0
BRDA:60,11,0,0
BRDA:60,11,1,0
BRDA:67,12,0,0
BRDA:67,12,1,0
BRDA:67,13,0,0
BRDA:67,13,1,0
BRDA:74,14,0,0
BRDA:74,14,1,0
BRDA:74,15,0,0
BRDA:74,15,1,0
BRDA:81,16,0,0
BRDA:81,16,1,0
BRDA:81,17,0,0
BRDA:81,17,1,0
BRDA:90,18,0,0
BRDA:90,18,1,0
BRDA:184,19,0,0
BRDA:184,19,1,0
BRDA:184,20,0,0
BRDA:184,20,1,0
BRDA:185,21,0,0
BRDA:185,21,1,0
BRDA:185,22,0,0
BRDA:185,22,1,0
BRDA:198,23,0,0
BRDA:198,23,1,0
BRDA:198,24,0,0
BRDA:198,24,1,0
BRDA:201,25,0,0
BRDA:201,25,1,0
BRDA:201,26,0,0
BRDA:201,26,1,0
BRDA:208,27,0,0
BRDA:208,27,1,0
BRDA:208,28,0,0
BRDA:208,28,1,0
BRDA:215,29,0,0
BRDA:215,29,1,0
BRDA:215,30,0,0
BRDA:215,30,1,0
BRDA:222,31,0,0
BRDA:222,31,1,0
BRDA:222,32,0,0
BRDA:222,32,1,0
BRDA:229,33,0,0
BRDA:229,33,1,0
BRDA:229,34,0,0
BRDA:229,34,1,0
BRDA:238,35,0,0
BRDA:238,35,1,0
BRF:72
BRH:0
end_of_record
TN:
SF:/home/kenneth/Projects/foxiny/gateway/src/resolvers/Queries/SystemQueries.js
FNF:0
FNH:0
LF:0
LH:0
BRF:0
BRH:0
end_of_record
TN:
SF:/home/kenneth/Projects/foxiny/gateway/src/resolvers/Queries/UserQueries.js
FN:6,(anonymous_0)
FN:27,(anonymous_1)
FN:43,(anonymous_2)
FNF:3
FNH:0
FNDA:0,(anonymous_0)
FNDA:0,(anonymous_1)
FNDA:0,(anonymous_2)
DA:5,5
DA:7,0
DA:9,0
DA:10,0
DA:24,0
DA:28,0
DA:30,0
DA:39,0
DA:44,0
LF:9
LH:1
BRDA:9,0,0,0
BRDA:9,0,1,0
BRF:2
BRH:0
end_of_record
TN:
SF:/home/kenneth/Projects/foxiny/gateway/src/resolvers/Resolvers/Media.js
FN:42,(anonymous_0)
FN:46,(anonymous_1)
FNF:2
FNH:0
FNDA:0,(anonymous_0)
FNDA:0,(anonymous_1)
DA:10,5
DA:42,0
DA:46,0
LF:3
LH:1
BRF:0
BRH:0
end_of_record
TN:
SF:/home/kenneth/Projects/foxiny/gateway/src/resolvers/Resolvers/User.js
FN:7,(anonymous_0)
FN:23,(anonymous_1)
FN:30,(anonymous_2)
FN:35,(anonymous_3)
FN:47,(anonymous_4)
FNF:5
FNH:0
FNDA:0,(anonymous_0)
FNDA:0,(anonymous_1)
FNDA:0,(anonymous_2)
FNDA:0,(anonymous_3)
FNDA:0,(anonymous_4)
DA:7,5
DA:8,0
DA:9,0
DA:10,0
DA:12,0
DA:15,0
DA:19,5
DA:24,0
DA:31,0
DA:36,0
DA:48,0
LF:11
LH:2
BRDA:10,0,0,0
BRDA:10,0,1,0
BRDA:10,1,0,0
BRDA:10,1,1,0
BRDA:49,2,0,0
BRDA:49,2,1,0
BRDA:50,3,0,0
BRDA:50,3,1,0
BRDA:54,4,0,0
BRDA:54,4,1,0
BRDA:57,5,0,0
BRDA:57,5,1,0
BRDA:60,6,0,0
BRDA:60,6,1,0
BRDA:63,7,0,0
BRDA:63,7,1,0
BRDA:66,8,0,0
BRDA:66,8,1,0
BRDA:67,9,0,0
BRDA:67,9,1,0
BRDA:68,10,0,0
BRDA:68,10,1,0
BRDA:71,11,0,0
BRDA:71,11,1,0
BRDA:74,12,0,0
BRDA:74,12,1,0
BRF:26
BRH:0
end_of_record
TN:
SF:/home/kenneth/Projects/foxiny/gateway/src/resolvers/Subscriptions/Subscription.js
FN:8,(anonymous_0)
FNF:1
FNH:0
FNDA:0,(anonymous_0)
DA:6,5
DA:10,0
DA:11,0
DA:12,0
DA:14,0
LF:5
LH:1
BRF:0
BRH:0
end_of_record
TN:
SF:/home/kenneth/Projects/foxiny/gateway/src/resolvers/Subscriptions/SubscriptionConfig.js
FNF:0
FNH:0
DA:3,5
LF:1
LH:1
BRF:0
BRH:0
end_of_record
TN:
SF:/home/kenneth/Projects/foxiny/gateway/src/utils/authentication.js
FN:14,(anonymous_0)
FN:17,(anonymous_1)
FN:25,(anonymous_2)
FN:28,(anonymous_3)
FN:30,(anonymous_4)
FN:45,(anonymous_5)
FN:68,(anonymous_6)
FN:75,(anonymous_7)
FN:80,(anonymous_8)
FN:85,(anonymous_9)
FN:90,(anonymous_10)
FN:111,(anonymous_11)
FN:126,(anonymous_12)
FN:193,(anonymous_13)
FNF:14
FNH:10
FNDA:0,(anonymous_0)
FNDA:17,(anonymous_1)
FNDA:2,(anonymous_2)
FNDA:10,(anonymous_3)
FNDA:107,(anonymous_4)
FNDA:0,(anonymous_5)
FNDA:8,(anonymous_6)
FNDA:2,(anonymous_7)
FNDA:0,(anonymous_8)
FNDA:1,(anonymous_9)
FNDA:8,(anonymous_10)
FNDA:7,(anonymous_11)
FNDA:4,(anonymous_12)
FNDA:0,(anonymous_13)
DA:14,6
DA:15,0
DA:17,6
DA:22,17
DA:25,6
DA:26,2
DA:28,10
DA:30,6
DA:31,107
DA:34,107
DA:36,107
DA:42,107
DA:45,6
DA:46,0
DA:48,0
DA:49,0
DA:50,0
DA:53,0
DA:60,0
DA:61,0
DA:65,0
DA:68,6
DA:72,8
DA:75,6
DA:76,2
DA:77,2
DA:80,6
DA:81,0
DA:82,0
DA:85,6
DA:86,1
DA:87,1
DA:90,6
DA:91,8
DA:99,8
DA:102,8
DA:103,8
DA:106,8
DA:108,8
DA:111,6
DA:115,7
DA:120,7
DA:121,7
DA:123,7
DA:126,6
DA:133,4
DA:134,4
DA:136,2
DA:138,2
DA:142,2
DA:143,2
DA:145,2
DA:146,2
DA:147,2
DA:149,2
DA:152,2
DA:153,1
DA:159,2
DA:160,1
DA:163,1
DA:164,0
DA:165,0
DA:169,2
DA:172,0
DA:173,0
DA:174,0
DA:179,2
DA:180,1
DA:181,1
DA:184,1
DA:193,6
DA:195,0
DA:198,0
DA:199,0
DA:201,0
DA:202,0
DA:203,0
LF:77
LH:55
BRDA:15,0,0,0
BRDA:15,0,1,0
BRDA:48,1,0,0
BRDA:48,1,1,0
BRDA:65,2,0,0
BRDA:65,2,1,0
BRDA:90,3,0,8
BRDA:99,4,0,0
BRDA:99,4,1,8
BRDA:99,5,0,8
BRDA:99,5,1,0
BRDA:115,6,0,7
BRDA:115,6,1,0
BRDA:115,7,0,7
BRDA:115,7,1,7
BRDA:120,8,0,4
BRDA:120,8,1,3
BRDA:130,9,0,1
BRDA:131,10,0,4
BRDA:134,11,0,2
BRDA:134,11,1,2
BRDA:138,12,0,0
BRDA:138,12,1,2
BRDA:138,13,0,2
BRDA:138,13,1,0
BRDA:152,14,0,1
BRDA:152,14,1,1
BRDA:159,15,0,1
BRDA:159,15,1,1
BRDA:163,16,0,0
BRDA:163,16,1,1
BRDA:172,17,0,0
BRDA:172,17,1,0
BRDA:179,18,0,1
BRDA:179,18,1,1
BRDA:201,19,0,0
BRDA:201,19,1,0
BRF:37
BRH:21
end_of_record
TN:
SF:/home/kenneth/Projects/foxiny/gateway/src/utils/cache.js
FN:16,(anonymous_0)
FNF:1
FNH:0
FNDA:0,(anonymous_0)
DA:8,6
DA:11,6
DA:12,6
DA:13,6
DA:14,6
DA:16,6
DA:17,0
LF:7
LH:6
BRF:0
BRH:0
end_of_record
TN:
SF:/home/kenneth/Projects/foxiny/gateway/src/utils/email.js
FN:11,(anonymous_0)
FN:58,(anonymous_1)
FN:65,(anonymous_2)
FNF:3
FNH:1
FNDA:1,(anonymous_0)
FNDA:0,(anonymous_1)
FNDA:0,(anonymous_2)
DA:7,6
DA:9,6
DA:11,6
DA:12,1
DA:27,1
DA:42,1
DA:50,1
DA:51,1
DA:52,0
DA:54,0
DA:58,6
DA:60,0
DA:65,6
DA:66,0
DA:79,0
DA:92,0
DA:100,0
DA:101,0
DA:102,0
DA:104,0
LF:20
LH:10
BRF:0
BRH:0
end_of_record
TN:
SF:/home/kenneth/Projects/foxiny/gateway/src/utils/fsHelper.js
FN:14,(anonymous_0)
FN:27,(anonymous_1)
FN:33,(anonymous_2)
FN:39,(anonymous_3)
FN:42,(anonymous_4)
FNF:5
FNH:4
FNDA:2,(anonymous_0)
FNDA:2,(anonymous_1)
FNDA:1,(anonymous_2)
FNDA:0,(anonymous_3)
FNDA:1,(anonymous_4)
DA:14,6
DA:18,2
DA:19,0
DA:21,2
DA:22,2
DA:23,2
DA:24,2
DA:25,2
DA:27,2
DA:28,2
DA:34,1
DA:35,1
DA:36,1
DA:40,0
DA:43,1
DA:44,1
DA:45,1
DA:46,1
LF:18
LH:16
BRDA:18,0,0,2
BRDA:18,0,1,0
BRDA:18,1,0,2
BRDA:18,1,1,2
BRF:4
BRH:3
end_of_record
TN:
SF:/home/kenneth/Projects/foxiny/gateway/src/utils/i18nHelper.js
FN:7,(anonymous_0)
FNF:1
FNH:0
FNDA:0,(anonymous_0)
DA:7,6
DA:8,0
DA:9,0
DA:10,0
DA:15,0
DA:19,6
LF:6
LH:2
BRF:0
BRH:0
end_of_record
TN:
SF:/home/kenneth/Projects/foxiny/gateway/src/utils/logger.js
FN:27,(anonymous_0)
FN:34,(anonymous_1)
FNF:2
FNH:2
FNDA:168,(anonymous_0)
FNDA:40,(anonymous_1)
DA:8,9
DA:9,9
DA:10,0
DA:13,9
DA:14,9
DA:27,168
DA:34,40
LF:7
LH:6
BRDA:9,0,0,0
BRDA:9,0,1,9
BRDA:13,1,0,9
BRDA:13,1,1,0
BRDA:16,2,0,0
BRDA:16,2,1,9
BRF:6
BRH:3
end_of_record
TN:
SF:/home/kenneth/Projects/foxiny/gateway/src/utils/permissionChecker.js
FN:10,(anonymous_0)
FN:12,(anonymous_1)
FN:14,(anonymous_2)
FN:22,(anonymous_3)
FN:27,(anonymous_4)
FN:32,(anonymous_5)
FN:36,(anonymous_6)
FN:37,(anonymous_7)
FN:40,(anonymous_8)
FN:41,(anonymous_9)
FN:44,(anonymous_10)
FN:59,(anonymous_11)
FN:70,(anonymous_12)
FN:75,(anonymous_13)
FN:79,(anonymous_14)
FN:82,(anonymous_15)
FN:91,(anonymous_16)
FN:101,(anonymous_17)
FN:131,(anonymous_18)
FN:151,(anonymous_19)
FN:155,(anonymous_20)
FNF:21
FNH:12
FNDA:3,(anonymous_0)
FNDA:57,(anonymous_1)
FNDA:210,(anonymous_2)
FNDA:3,(anonymous_3)
FNDA:0,(anonymous_4)
FNDA:2,(anonymous_5)
FNDA:0,(anonymous_6)
FNDA:0,(anonymous_7)
FNDA:0,(anonymous_8)
FNDA:0,(anonymous_9)
FNDA:10,(anonymous_10)
FNDA:161,(anonymous_11)
FNDA:22,(anonymous_12)
FNDA:0,(anonymous_13)
FNDA:22,(anonymous_14)
FNDA:79,(anonymous_15)
FNDA:4,(anonymous_16)
FNDA:0,(anonymous_17)
FNDA:0,(anonymous_18)
FNDA:0,(anonymous_19)
FNDA:5,(anonymous_20)
DA:10,5
DA:11,3
DA:12,57
DA:14,210
DA:23,3
DA:24,3
DA:28,0
DA:29,0
DA:33,2
DA:37,0
DA:41,0
DA:47,10
DA:48,0
DA:50,10
DA:53,10
DA:59,161
DA:61,10
DA:62,0
DA:63,0
DA:64,0
DA:69,10
DA:70,22
DA:74,10
DA:75,0
DA:78,10
DA:79,10
DA:80,22
DA:82,79
DA:88,10
DA:91,4
DA:98,10
DA:101,0
DA:108,10
DA:112,0
DA:113,0
DA:114,0
DA:117,10
DA:121,5
DA:122,5
DA:123,5
DA:126,5
DA:131,0
DA:145,5
DA:150,5
DA:152,0
DA:153,0
DA:156,5
LF:47
LH:31
BRDA:11,0,0,3
BRDA:11,0,1,0
BRDA:44,1,0,3
BRDA:47,2,0,0
BRDA:47,2,1,10
BRDA:61,3,0,0
BRDA:61,3,1,10
BRDA:61,4,0,10
BRDA:61,4,1,10
BRDA:69,5,0,7
BRDA:69,5,1,3
BRDA:69,6,0,10
BRDA:69,6,1,10
BRDA:74,7,0,0
BRDA:74,7,1,10
BRDA:74,8,0,10
BRDA:74,8,1,10
BRDA:78,9,0,10
BRDA:78,9,1,0
BRDA:88,10,0,4
BRDA:88,10,1,6
BRDA:88,11,0,10
BRDA:88,11,1,10
BRDA:98,12,0,0
BRDA:98,12,1,10
BRDA:98,13,0,10
BRDA:98,13,1,10
BRDA:108,14,0,0
BRDA:108,14,1,10
BRDA:109,15,0,10
BRDA:109,15,1,7
BRDA:109,15,2,7
BRDA:117,16,0,5
BRDA:117,16,1,5
BRF:34
BRH:27
end_of_record
TN:
SF:/home/kenneth/Projects/foxiny/gateway/src/utils/policy.js
FN:6,(anonymous_0)
FNF:1
FNH:1
FNDA:7,(anonymous_0)
DA:6,5
DA:7,7
DA:8,7
DA:12,2
DA:13,2
DA:15,5
LF:6
LH:6
BRF:0
BRH:0
end_of_record
TN:
SF:/home/kenneth/Projects/foxiny/gateway/src/utils/prisma.js
FNF:0
FNH:0
DA:7,5
LF:1
LH:1
BRF:0
BRH:0
end_of_record
TN:
SF:/home/kenneth/Projects/foxiny/gateway/src/utils/s3Uploader.js
FN:31,(anonymous_0)
FN:36,(anonymous_1)
FN:61,(anonymous_2)
FN:117,(anonymous_3)
FN:167,(anonymous_4)
FN:221,(anonymous_5)
FNF:6
FNH:1
FNDA:0,(anonymous_0)
FNDA:0,(anonymous_1)
FNDA:0,(anonymous_2)
FNDA:1,(anonymous_3)
FNDA:0,(anonymous_4)
FNDA:0,(anonymous_5)
DA:12,5
DA:18,5
DA:31,5
DA:32,0
DA:33,0
DA:36,5
DA:37,0
DA:52,0
DA:58,0
DA:61,5
DA:62,0
DA:63,0
DA:77,0
DA:82,0
DA:85,0
DA:86,0
DA:100,0
DA:105,0
DA:117,5
DA:118,1
DA:119,0
DA:121,1
DA:122,1
DA:126,1
DA:127,0
DA:129,1
DA:131,0
DA:132,0
DA:134,0
DA:142,0
DA:143,0
DA:144,0
DA:146,0
DA:147,0
DA:149,0
DA:154,0
DA:155,0
DA:161,0
DA:162,0
DA:163,0
DA:167,5
DA:168,0
DA:169,0
DA:171,0
DA:172,0
DA:176,0
DA:177,0
DA:179,0
DA:181,0
DA:182,0
DA:184,0
DA:192,0
DA:193,0
DA:194,0
DA:196,0
DA:201,0
DA:207,0
DA:209,0
DA:210,0
DA:211,0
DA:221,5
DA:222,0
DA:223,0
DA:225,0
DA:226,0
DA:230,0
DA:231,0
DA:233,0
DA:235,0
DA:236,0
DA:238,0
DA:248,0
DA:249,0
DA:250,0
DA:252,0
DA:257,0
DA:263,0
DA:265,0
DA:266,0
DA:267,0
LF:80
LH:13
BRDA:62,0,0,0
BRDA:62,0,1,0
BRDA:85,1,0,0
BRDA:85,1,1,0
BRDA:118,2,0,0
BRDA:118,2,1,1
BRDA:118,3,0,1
BRDA:118,3,1,1
BRDA:118,3,2,1
BRDA:118,3,3,0
BRDA:126,4,0,1
BRDA:126,4,1,0
BRDA:126,5,0,1
BRDA:126,5,1,1
BRDA:129,6,0,1
BRDA:129,6,1,1
BRDA:131,7,0,0
BRDA:131,7,1,0
BRDA:136,8,0,0
BRDA:136,8,1,0
BRDA:136,9,0,0
BRDA:136,9,1,0
BRDA:136,10,0,0
BRDA:136,10,1,0
BRDA:146,11,0,0
BRDA:146,11,1,0
BRDA:154,12,0,0
BRDA:154,12,1,0
BRDA:168,13,0,0
BRDA:168,13,1,0
BRDA:176,14,0,0
BRDA:176,14,1,0
BRDA:176,15,0,0
BRDA:176,15,1,0
BRDA:222,16,0,0
BRDA:222,16,1,0
BRDA:222,17,0,0
BRDA:222,17,1,0
BRDA:222,17,2,0
BRDA:222,17,3,0
BRDA:222,18,0,0
BRDA:222,18,1,0
BRDA:230,19,0,0
BRDA:230,19,1,0
BRDA:230,20,0,0
BRDA:230,20,1,0
BRDA:241,21,0,0
BRDA:241,21,1,0
BRDA:241,22,0,0
BRDA:241,22,1,0
BRF:50
BRH:9
end_of_record
TN:
SF:/home/kenneth/Projects/foxiny/gateway/src/utils/sms.js
FN:10,(anonymous_0)
FN:20,(anonymous_1)
FN:23,(anonymous_2)
FN:29,(anonymous_3)
FNF:4
FNH:1
FNDA:1,(anonymous_0)
FNDA:0,(anonymous_1)
FNDA:0,(anonymous_2)
FNDA:0,(anonymous_3)
DA:6,6
DA:8,6
DA:10,6
DA:11,1
DA:14,1
DA:21,0
DA:24,0
DA:29,6
DA:31,0
LF:9
LH:6
BRF:0
BRH:0
end_of_record
TN:
SF:/home/kenneth/Projects/foxiny/gateway/src/utils/smsVN.js
FN:17,(anonymous_0)
FN:18,(anonymous_1)
FN:32,(anonymous_2)
FN:35,(anonymous_3)
FNF:4
FNH:2
FNDA:1,(anonymous_0)
FNDA:1,(anonymous_1)
FNDA:0,(anonymous_2)
FNDA:0,(anonymous_3)
DA:7,6
DA:17,6
DA:18,1
DA:19,1
DA:28,1
DA:33,0
DA:36,0
LF:7
LH:5
BRF:0
BRH:0
end_of_record
TN:
SF:/home/kenneth/Projects/foxiny/gateway/src/utils/validation.js
FN:5,(anonymous_0)
FN:7,(anonymous_1)
FN:15,(anonymous_2)
FN:36,(anonymous_3)
FN:50,(anonymous_4)
FN:66,(anonymous_5)
FN:75,(anonymous_6)
FN:87,(anonymous_7)
FN:89,(anonymous_8)
FN:97,(anonymous_9)
FN:118,(anonymous_10)
FN:140,(anonymous_11)
FN:167,(anonymous_12)
FN:192,(anonymous_13)
FN:209,(anonymous_14)
FN:237,(anonymous_15)
FN:243,(anonymous_16)
FN:270,(anonymous_17)
FN:276,(anonymous_18)
FNF:19
FNH:19
FNDA:393,(anonymous_0)
FNDA:310,(anonymous_1)
FNDA:2,(anonymous_2)
FNDA:40,(anonymous_3)
FNDA:24,(anonymous_4)
FNDA:17,(anonymous_5)
FNDA:10,(anonymous_6)
FNDA:12,(anonymous_7)
FNDA:21,(anonymous_8)
FNDA:15,(anonymous_9)
FNDA:8,(anonymous_10)
FNDA:10,(anonymous_11)
FNDA:11,(anonymous_12)
FNDA:1,(anonymous_13)
FNDA:4,(anonymous_14)
FNDA:7,(anonymous_15)
FNDA:7,(anonymous_16)
FNDA:12,(anonymous_17)
FNDA:9,(anonymous_18)
DA:5,393
DA:7,9
DA:8,310
DA:10,310
DA:12,262
DA:15,9
DA:18,2
DA:20,2
DA:22,1
DA:23,1
DA:24,1
DA:27,1
DA:29,1
DA:31,0
DA:36,9
DA:39,40
DA:41,40
DA:44,21
DA:45,21
DA:47,21
DA:50,9
DA:53,24
DA:55,24
DA:58,16
DA:61,16
DA:63,16
DA:66,9
DA:69,17
DA:70,17
DA:72,6
DA:75,9
DA:76,10
DA:78,7
DA:80,6
DA:87,9
DA:88,12
DA:89,9
DA:90,21
DA:91,3
DA:92,18
DA:93,18
DA:94,18
DA:97,5
DA:98,15
DA:99,15
DA:101,15
DA:103,15
DA:104,15
DA:105,15
DA:106,15
DA:108,15
DA:111,5
DA:118,9
DA:120,8
DA:121,3
DA:123,5
DA:125,5
DA:126,3
DA:128,2
DA:130,5
DA:131,4
DA:133,2
DA:140,9
DA:141,10
DA:149,6
DA:152,4
DA:154,4
DA:155,3
DA:156,3
DA:157,3
DA:159,3
DA:167,9
DA:168,11
DA:176,8
DA:179,3
DA:181,3
DA:182,3
DA:183,3
DA:185,3
DA:192,9
DA:193,1
DA:195,1
DA:196,1
DA:197,1
DA:198,1
DA:199,1
DA:200,1
DA:202,1
DA:209,9
DA:210,4
DA:212,4
DA:213,2
DA:215,1
DA:231,9
DA:237,9
DA:238,7
DA:239,6
DA:240,1
DA:243,9
DA:244,7
DA:246,7
DA:248,7
DA:249,5
DA:250,3
DA:251,2
DA:253,1
DA:256,9
DA:270,9
DA:271,12
DA:272,11
DA:273,2
DA:276,9
DA:277,9
DA:279,9
DA:281,9
DA:282,7
DA:283,5
DA:284,4
DA:286,3
LF:119
LH:118
BRDA:5,0,0,393
BRDA:5,0,1,336
BRDA:10,1,0,48
BRDA:10,1,1,262
BRDA:20,2,0,1
BRDA:20,2,1,1
BRDA:29,3,0,1
BRDA:29,3,1,0
BRDA:41,4,0,19
BRDA:41,4,1,21
BRDA:55,5,0,8
BRDA:55,5,1,16
BRDA:61,6,0,0
BRDA:61,6,1,16
BRDA:70,7,0,11
BRDA:70,7,1,6
BRDA:70,8,0,17
BRDA:70,8,1,14
BRDA:78,9,0,1
BRDA:78,9,1,6
BRDA:88,10,0,3
BRDA:88,10,1,9
BRDA:90,11,0,3
BRDA:90,11,1,18
BRDA:90,12,0,21
BRDA:90,12,1,12
BRDA:92,13,0,9
BRDA:92,13,1,9
BRDA:93,14,0,9
BRDA:93,14,1,9
BRDA:103,15,0,0
BRDA:103,15,1,15
BRDA:103,16,0,15
BRDA:103,16,1,7
BRDA:104,17,0,8
BRDA:104,17,1,7
BRDA:105,18,0,7
BRDA:105,18,1,8
BRDA:120,19,0,3
BRDA:120,19,1,5
BRDA:120,20,0,8
BRDA:120,20,1,4
BRDA:120,20,2,6
BRDA:120,20,3,4
BRDA:125,21,0,3
BRDA:125,21,1,2
BRDA:141,22,0,6
BRDA:141,22,1,4
BRDA:146,23,0,10
BRDA:146,23,1,5
BRDA:146,23,2,2
BRDA:155,24,0,1
BRDA:155,24,1,2
BRDA:156,25,0,1
BRDA:156,25,1,2
BRDA:157,26,0,1
BRDA:157,26,1,2
BRDA:168,27,0,8
BRDA:168,27,1,3
BRDA:173,28,0,11
BRDA:173,28,1,4
BRDA:173,28,2,2
BRDA:181,29,0,1
BRDA:181,29,1,2
BRDA:182,30,0,1
BRDA:182,30,1,2
BRDA:183,31,0,1
BRDA:183,31,1,2
BRDA:195,32,0,1
BRDA:195,32,1,0
BRDA:196,33,0,1
BRDA:196,33,1,0
BRDA:197,34,0,1
BRDA:197,34,1,0
BRDA:198,35,0,1
BRDA:198,35,1,0
BRDA:199,36,0,1
BRDA:199,36,1,0
BRDA:238,37,0,1
BRDA:238,37,1,6
BRDA:239,38,0,1
BRDA:239,38,1,5
BRDA:244,39,0,0
BRDA:244,39,1,7
BRDA:248,40,0,2
BRDA:248,40,1,5
BRDA:249,41,0,2
BRDA:249,41,1,3
BRDA:249,42,0,5
BRDA:249,42,1,4
BRDA:250,43,0,1
BRDA:250,43,1,2
BRDA:251,44,0,1
BRDA:251,44,1,1
BRDA:271,45,0,1
BRDA:271,45,1,11
BRDA:272,46,0,2
BRDA:272,46,1,9
BRDA:277,47,0,0
BRDA:277,47,1,9
BRDA:281,48,0,2
BRDA:281,48,1,7
BRDA:282,49,0,2
BRDA:282,49,1,5
BRDA:282,50,0,7
BRDA:282,50,1,6
BRDA:283,51,0,1
BRDA:283,51,1,4
BRDA:284,52,0,1
BRDA:284,52,1,3
BRF:110
BRH:100
end_of_record
TN:
SF:/home/kenneth/Projects/foxiny/gateway/src/utils/addressUtils/validation.js
FN:5,(anonymous_0)
FNF:1
FNH:1
FNDA:26,(anonymous_0)
DA:5,2
DA:6,26
DA:8,26
DA:9,20
DA:10,18
DA:11,16
DA:12,14
DA:13,12
DA:14,10
DA:15,7
DA:16,5
DA:18,3
LF:12
LH:12
BRF:0
BRH:0
end_of_record
TN:
SF:/home/kenneth/Projects/foxiny/gateway/src/utils/catalogUtils/dataHelper.js
FN:3,(anonymous_0)
FN:4,(anonymous_1)
FN:7,(anonymous_2)
FN:8,(anonymous_3)
FN:10,(anonymous_4)
FN:11,(anonymous_5)
FN:20,(anonymous_6)
FN:21,(anonymous_7)
FN:24,(anonymous_8)
FN:25,(anonymous_9)
FN:48,(anonymous_10)
FN:61,(anonymous_11)
FN:154,(anonymous_12)
FN:159,(anonymous_13)
FN:160,(anonymous_14)
FN:161,(anonymous_15)
FN:164,(anonymous_16)
FN:168,(anonymous_17)
FN:171,(anonymous_18)
FN:172,(anonymous_19)
FN:178,(anonymous_20)
FN:179,(anonymous_21)
FNF:22
FNH:0
FNDA:0,(anonymous_0)
FNDA:0,(anonymous_1)
FNDA:0,(anonymous_2)
FNDA:0,(anonymous_3)
FNDA:0,(anonymous_4)
FNDA:0,(anonymous_5)
FNDA:0,(anonymous_6)
FNDA:0,(anonymous_7)
FNDA:0,(anonymous_8)
FNDA:0,(anonymous_9)
FNDA:0,(anonymous_10)
FNDA:0,(anonymous_11)
FNDA:0,(anonymous_12)
FNDA:0,(anonymous_13)
FNDA:0,(anonymous_14)
FNDA:0,(anonymous_15)
FNDA:0,(anonymous_16)
FNDA:0,(anonymous_17)
FNDA:0,(anonymous_18)
FNDA:0,(anonymous_19)
FNDA:0,(anonymous_20)
FNDA:0,(anonymous_21)
DA:3,5
DA:4,0
DA:7,0
DA:8,0
DA:10,0
DA:11,0
DA:17,0
DA:20,5
DA:21,0
DA:24,0
DA:25,0
DA:31,0
DA:49,0
DA:50,0
DA:51,0
DA:52,0
DA:62,0
DA:63,0
DA:65,0
DA:67,0
DA:68,0
DA:69,0
DA:70,0
DA:71,0
DA:72,0
DA:77,0
DA:78,0
DA:79,0
DA:80,0
DA:81,0
DA:82,0
DA:88,0
DA:155,0
DA:156,0
DA:158,0
DA:159,0
DA:160,0
DA:161,0
DA:162,0
DA:164,0
DA:165,0
DA:168,0
DA:169,0
DA:170,0
DA:171,0
DA:172,0
DA:175,0
DA:177,0
DA:178,0
DA:179,0
DA:184,0
LF:51
LH:2
BRDA:7,0,0,0
BRDA:7,0,1,0
BRDA:7,1,0,0
BRDA:7,1,1,0
BRDA:12,2,0,0
BRDA:12,2,1,0
BRDA:24,3,0,0
BRDA:24,3,1,0
BRDA:24,4,0,0
BRDA:24,4,1,0
BRDA:61,5,0,0
BRDA:61,6,0,0
BRDA:62,7,0,0
BRDA:62,7,1,0
BRDA:67,8,0,0
BRDA:67,8,1,0
BRDA:69,9,0,0
BRDA:69,9,1,0
BRDA:71,10,0,0
BRDA:71,10,1,0
BRDA:77,11,0,0
BRDA:77,11,1,0
BRDA:79,12,0,0
BRDA:79,12,1,0
BRDA:81,13,0,0
BRDA:81,13,1,0
BRDA:170,14,0,0
BRDA:170,14,1,0
BRDA:177,15,0,0
BRDA:177,15,1,0
BRF:30
BRH:0
end_of_record
TN:
SF:/home/kenneth/Projects/foxiny/gateway/src/utils/productUtils/dataHelper.js
FN:8,(anonymous_0)
FN:10,(anonymous_1)
FN:14,(anonymous_2)
FN:26,(anonymous_3)
FN:31,(anonymous_4)
FN:32,(anonymous_5)
FN:38,(anonymous_6)
FN:39,(anonymous_7)
FN:51,(anonymous_8)
FN:54,(anonymous_9)
FN:68,(anonymous_10)
FN:69,(anonymous_11)
FN:79,(anonymous_12)
FN:90,(anonymous_13)
FN:91,(anonymous_14)
FN:105,(anonymous_15)
FN:106,(anonymous_16)
FN:116,(anonymous_17)
FN:128,(anonymous_18)
FN:129,(anonymous_19)
FN:143,(anonymous_20)
FN:144,(anonymous_21)
FN:154,(anonymous_22)
FNF:23
FNH:0
FNDA:0,(anonymous_0)
FNDA:0,(anonymous_1)
FNDA:0,(anonymous_2)
FNDA:0,(anonymous_3)
FNDA:0,(anonymous_4)
FNDA:0,(anonymous_5)
FNDA:0,(anonymous_6)
FNDA:0,(anonymous_7)
FNDA:0,(anonymous_8)
FNDA:0,(anonymous_9)
FNDA:0,(anonymous_10)
FNDA:0,(anonymous_11)
FNDA:0,(anonymous_12)
FNDA:0,(anonymous_13)
FNDA:0,(anonymous_14)
FNDA:0,(anonymous_15)
FNDA:0,(anonymous_16)
FNDA:0,(anonymous_17)
FNDA:0,(anonymous_18)
FNDA:0,(anonymous_19)
FNDA:0,(anonymous_20)
FNDA:0,(anonymous_21)
FNDA:0,(anonymous_22)
DA:8,5
DA:9,0
DA:11,0
DA:12,0
DA:14,0
DA:15,0
DA:16,0
DA:17,0
DA:22,0
DA:23,0
DA:26,0
DA:31,0
DA:32,0
DA:33,0
DA:38,0
DA:39,0
DA:40,0
DA:44,0
DA:51,5
DA:54,0
DA:68,0
DA:69,0
DA:79,0
DA:87,0
DA:90,5
DA:91,0
DA:105,0
DA:106,0
DA:116,0
DA:125,0
DA:128,5
DA:129,0
DA:143,0
DA:144,0
DA:154,0
DA:162,0
LF:36
LH:4
BRDA:11,0,0,0
BRDA:11,0,1,0
BRDA:11,1,0,0
BRDA:11,1,1,0
BRDA:15,2,0,0
BRDA:15,2,1,0
BRDA:22,3,0,0
BRDA:22,3,1,0
BRF:8
BRH:0
end_of_record
TN:
SF:/home/kenneth/Projects/foxiny/gateway/src/utils/productUtils/validation.js
FN:6,(anonymous_0)
FN:25,(anonymous_1)
FN:36,(anonymous_2)
FN:51,(anonymous_3)
FN:57,(anonymous_4)
FN:80,(anonymous_5)
FN:85,(anonymous_6)
FN:121,(anonymous_7)
FN:127,(anonymous_8)
FN:133,(anonymous_9)
FN:138,(anonymous_10)
FNF:11
FNH:11
FNDA:52,(anonymous_0)
FNDA:21,(anonymous_1)
FNDA:18,(anonymous_2)
FNDA:9,(anonymous_3)
FNDA:15,(anonymous_4)
FNDA:3,(anonymous_5)
FNDA:8,(anonymous_6)
FNDA:6,(anonymous_7)
FNDA:2,(anonymous_8)
FNDA:2,(anonymous_9)
FNDA:6,(anonymous_10)
DA:6,6
DA:7,52
DA:8,6
DA:9,6
DA:12,46
DA:13,4
DA:14,4
DA:17,42
DA:18,7
DA:19,7
DA:22,35
DA:25,6
DA:26,21
DA:28,21
DA:31,17
DA:33,14
DA:36,6
DA:37,18
DA:39,18
DA:40,0
DA:43,18
DA:44,3
DA:47,15
DA:48,13
DA:49,10
DA:50,8
DA:51,9
DA:52,3
DA:54,3
DA:57,6
DA:58,15
DA:60,15
DA:61,0
DA:62,0
DA:65,15
DA:66,3
DA:67,3
DA:70,12
DA:71,2
DA:72,2
DA:75,10
DA:76,8
DA:77,6
DA:78,6
DA:79,4
DA:80,3
DA:82,1
DA:85,6
DA:86,8
DA:88,8
DA:89,0
DA:90,0
DA:93,8
DA:94,2
DA:95,2
DA:98,6
DA:99,2
DA:100,2
DA:103,4
DA:104,4
DA:105,4
DA:108,4
DA:111,3
DA:114,3
DA:117,3
DA:120,3
DA:121,6
DA:124,3
DA:127,6
DA:128,2
DA:129,1
DA:130,1
DA:133,2
DA:135,1
DA:138,6
DA:141,6
DA:143,6
DA:145,2
DA:146,2
DA:147,2
DA:150,4
DA:152,4
DA:154,3
DA:155,3
LF:84
LH:79
BRDA:6,0,0,41
BRDA:7,1,0,6
BRDA:7,1,1,46
BRDA:7,2,0,52
BRDA:7,2,1,47
BRDA:12,3,0,4
BRDA:12,3,1,42
BRDA:12,4,0,46
BRDA:12,4,1,42
BRDA:17,5,0,7
BRDA:17,5,1,35
BRDA:39,6,0,0
BRDA:39,6,1,18
BRDA:43,7,0,3
BRDA:43,7,1,15
BRDA:43,8,0,18
BRDA:43,8,1,16
BRDA:60,9,0,0
BRDA:60,9,1,15
BRDA:65,10,0,3
BRDA:65,10,1,12
BRDA:65,11,0,15
BRDA:65,11,1,13
BRDA:70,12,0,2
BRDA:70,12,1,10
BRDA:70,13,0,12
BRDA:70,13,1,11
BRDA:88,14,0,0
BRDA:88,14,1,8
BRDA:93,15,0,2
BRDA:93,15,1,6
BRDA:98,16,0,2
BRDA:98,16,1,4
BRDA:105,17,0,4
BRDA:105,17,1,0
BRDA:108,18,0,4
BRDA:108,18,1,0
BRDA:111,19,0,3
BRDA:111,19,1,0
BRDA:114,20,0,3
BRDA:114,20,1,0
BRDA:117,21,0,0
BRDA:117,21,1,3
BRDA:117,22,0,3
BRDA:117,22,1,0
BRDA:120,23,0,3
BRDA:120,23,1,0
BRDA:120,24,0,3
BRDA:120,24,1,3
BRDA:128,25,0,1
BRDA:128,25,1,1
BRDA:128,26,0,2
BRDA:128,26,1,2
BRDA:143,27,0,2
BRDA:143,27,1,4
BRDA:152,28,0,1
BRDA:152,28,1,3
BRF:57
BRH:47
end_of_record
TN:
SF:/home/kenneth/Projects/foxiny/gateway/src/utils/retailerUtils/validation.js
FN:6,(anonymous_0)
FN:17,(anonymous_1)
FNF:2
FNH:2
FNDA:12,(anonymous_0)
FNDA:1,(anonymous_1)
DA:6,1
DA:7,12
DA:9,12
DA:10,9
DA:11,6
DA:12,4
DA:14,1
DA:17,1
DA:18,1
DA:20,1
DA:23,1
DA:26,1
DA:29,1
DA:33,1
LF:14
LH:14
BRDA:20,0,0,1
BRDA:20,0,1,0
BRDA:23,1,0,1
BRDA:23,1,1,0
BRDA:26,2,0,1
BRDA:26,2,1,0
BRDA:29,3,0,1
BRDA:29,3,1,0
BRF:8
BRH:4
end_of_record
TN:
SF:/home/kenneth/Projects/foxiny/gateway/tests/unitTests/userTests/testData/operations.js
FNF:0
FNH:0
DA:18,3
DA:31,3
DA:44,3
DA:53,3
DA:62,3
DA:75,3
DA:81,3
DA:87,3
DA:99,3
DA:107,3
DA:119,3
DA:125,3
DA:139,3
DA:148,3
LF:14
LH:14
BRF:0
BRH:0
end_of_record
TN:
SF:/home/kenneth/Projects/foxiny/gateway/tests/unitTests/userTests/testData/seed-test-data.js
FN:92,(anonymous_0)
FN:123,(anonymous_1)
FN:157,(anonymous_2)
FNF:3
FNH:2
FNDA:53,(anonymous_0)
FNDA:159,(anonymous_1)
FNDA:0,(anonymous_2)
DA:12,4
DA:38,4
DA:64,4
DA:92,4
DA:94,53
DA:96,53
DA:98,53
DA:104,53
DA:111,53
DA:118,53
DA:123,159
DA:138,53
DA:143,53
DA:157,4
DA:159,0
DA:160,0
DA:164,0
LF:17
LH:14
BRF:0
BRH:0
end_of_record
TN:
SF:/home/kenneth/Projects/foxiny/gateway/tests/unitTests/utilsTests/testData/permissionChecker.seedTestData.js
FN:87,(anonymous_0)
FNF:1
FNH:1
FNDA:10,(anonymous_0)
DA:7,1
DA:21,1
DA:46,1
DA:87,1
DA:89,10
DA:90,10
DA:92,10
DA:94,10
DA:100,10
DA:106,10
LF:10
LH:10
BRF:0
BRH:0
end_of_record
TN:
SF:/home/kenneth/Projects/foxiny/gateway/tests/utils/get-graphql-client.js
FN:5,(anonymous_0)
FN:8,(anonymous_1)
FN:24,(anonymous_2)
FN:27,(anonymous_3)
FNF:4
FNH:4
FNDA:24,(anonymous_0)
FNDA:73,(anonymous_1)
FNDA:1,(anonymous_2)
FNDA:3,(anonymous_3)
DA:5,3
DA:6,24
DA:10,73
DA:11,18
DA:24,3
DA:25,1
DA:29,3
DA:30,0
LF:8
LH:7
BRDA:10,0,0,18
BRDA:10,0,1,55
BRDA:29,1,0,0
BRDA:29,1,1,3
BRF:4
BRH:3
end_of_record
